#
# There is insufficient memory for the Java Runtime Environment to continue.
# Native memory allocation (malloc) failed to allocate 1084496 bytes for Chunk::new
# Possible reasons:
#   The system is out of physical RAM or swap space
#   The process is running with CompressedOops enabled, and the Java Heap may be blocking the growth of the native heap
# Possible solutions:
#   Reduce memory load on the system
#   Increase physical memory or swap space
#   Check if swap backing store is full
#   Decrease Java heap size (-Xmx/-Xms)
#   Decrease number of Java threads
#   Decrease Java thread stack sizes (-Xss)
#   Set larger code cache with -XX:ReservedCodeCacheSize=
#   JVM is running with Unscaled Compressed Oops mode in which the Java heap is
#     placed in the first 4GB address space. The Java Heap base address is the
#     maximum limit for the native heap growth. Please use -XX:HeapBaseMinAddress
#     to set the Java Heap base and to place the Java Heap above 4GB virtual address.
# This output file may be truncated or incomplete.
#
#  Out of Memory Error (./src/hotspot/share/memory/arena.cpp:197), pid=11796, tid=6000
#
# JRE version: OpenJDK Runtime Environment (11.0.8+10) (build 11.0.8+10-b944.6842174)
# Java VM: OpenJDK 64-Bit Server VM (11.0.8+10-b944.6842174, mixed mode, tiered, compressed oops, g1 gc, windows-amd64)
# No core dump will be written. Minidumps are not enabled by default on client versions of Windows
#

---------------  S U M M A R Y ------------

Command Line: --add-opens=java.base/java.util=ALL-UNNAMED --add-opens=java.base/java.lang=ALL-UNNAMED --add-opens=java.base/java.lang.invoke=ALL-UNNAMED --add-opens=java.prefs/java.util.prefs=ALL-UNNAMED -Xmx2048m -Dfile.encoding=UTF-8 -Duser.country=UA -Duser.language=uk -Duser.variant org.gradle.launcher.daemon.bootstrap.GradleDaemon 6.7.1

Host: Intel(R) Core(TM) i5-8250U CPU @ 1.60GHz, 8 cores, 7G,  Windows 10 , 64 bit Build 19041 (10.0.19041.1706)
Time: Mon May 30 20:04:26 2022 Ô³íëÿíä³ÿ (ë³òî) elapsed time: 5 seconds (0d 0h 0m 5s)

---------------  T H R E A D  ---------------

Current thread (0x0000022f4acf0800):  JavaThread "C2 CompilerThread0" daemon [_thread_in_native, id=6000, stack(0x0000006178d00000,0x0000006178e00000)]


Current CompileTask:
C2:   5772 4828       4       org.objectweb.asm.Frame::execute (2318 bytes)

Stack: [0x0000006178d00000,0x0000006178e00000]
Native frames: (J=compiled Java code, j=interpreted, Vv=VM code, C=native code)
V  [jvm.dll+0x5de50a]
V  [jvm.dll+0x7122f5]
V  [jvm.dll+0x71384d]
V  [jvm.dll+0x713f03]
V  [jvm.dll+0x23e728]
V  [jvm.dll+0xb899c]
V  [jvm.dll+0xb8e9c]
V  [jvm.dll+0x35024d]
V  [jvm.dll+0x193ebc]
V  [jvm.dll+0x1f780e]
V  [jvm.dll+0x1f68d4]
V  [jvm.dll+0x17f32c]
V  [jvm.dll+0x205047]
V  [jvm.dll+0x203891]
V  [jvm.dll+0x6dad3f]
V  [jvm.dll+0x6d3895]
V  [jvm.dll+0x5dd4a6]
C  [ucrtbase.dll+0x21bb2]
C  [KERNEL32.DLL+0x17034]
C  [ntdll.dll+0x52651]


---------------  P R O C E S S  ---------------

Threads class SMR info:
_java_thread_list=0x0000022f52c383c0, length=138, elements={
0x0000022f2ea1d000, 0x0000022f4acd4000, 0x0000022f4acd5800, 0x0000022f4aced800,
0x0000022f4acee800, 0x0000022f4acf0800, 0x0000022f4acfb800, 0x0000022f4ad02000,
0x0000022f4b7c2000, 0x0000022f4b7e7000, 0x0000022f4c581000, 0x0000022f4d549000,
0x0000022f4d81d000, 0x0000022f4c308800, 0x0000022f4dbf5000, 0x0000022f4dc21800,
0x0000022f4cb16000, 0x0000022f4d7ea800, 0x0000022f4cb17000, 0x0000022f4de48800,
0x0000022f4d77b800, 0x0000022f4d7eb000, 0x0000022f4d7ed000, 0x0000022f4d7ed800,
0x0000022f4d7e8800, 0x0000022f4d7e8000, 0x0000022f4d7ec000, 0x0000022f4d7ee800,
0x0000022f4d7e9800, 0x0000022f51617800, 0x0000022f51616000, 0x0000022f51619800,
0x0000022f5161a000, 0x0000022f5161b000, 0x0000022f51618800, 0x0000022f5161c000,
0x0000022f5161c800, 0x0000022f51617000, 0x0000022f51621800, 0x0000022f5161f000,
0x0000022f51622800, 0x0000022f51620000, 0x0000022f51623000, 0x0000022f5161d800,
0x0000022f51624000, 0x0000022f51620800, 0x0000022f5161e800, 0x0000022f500bd800,
0x0000022f500bc800, 0x0000022f500bf000, 0x0000022f500c0000, 0x0000022f500be000,
0x0000022f500ba000, 0x0000022f500c0800, 0x0000022f500bb000, 0x0000022f500bb800,
0x0000022f500c4800, 0x0000022f500c1800, 0x0000022f500c7000, 0x0000022f500c4000,
0x0000022f500c5800, 0x0000022f500c6800, 0x0000022f500c3000, 0x0000022f500c8000,
0x0000022f500c2800, 0x0000022f500c9000, 0x0000022f4fe19000, 0x0000022f4fe1b800,
0x0000022f4fe16000, 0x0000022f4fe18800, 0x0000022f4fe1b000, 0x0000022f4fe1c800,
0x0000022f4fe1a000, 0x0000022f4fe16800, 0x0000022f4fe1d800, 0x0000022f4fe17800,
0x0000022f4fe1f000, 0x0000022f4fe22000, 0x0000022f4fe1f800, 0x0000022f4fe23000,
0x0000022f4fe20800, 0x0000022f4fe1e000, 0x0000022f4fe24000, 0x0000022f4fe24800,
0x0000022f4fe21800, 0x0000022f4fab7800, 0x0000022f4fabb800, 0x0000022f4fabc800,
0x0000022f4fab8800, 0x0000022f4fab6800, 0x0000022f4faba000, 0x0000022f4fabd000,
0x0000022f4fab9000, 0x0000022f4fabe000, 0x0000022f4fabf000, 0x0000022f4fac0800,
0x0000022f4fabf800, 0x0000022f4faba800, 0x0000022f4fac1800, 0x0000022f4fac2000,
0x0000022f4fac5800, 0x0000022f4fac3000, 0x0000022f4fac3800, 0x0000022f4fac4800,
0x0000022f50f7c800, 0x0000022f50f7f000, 0x0000022f50f7d000, 0x0000022f50f7f800,
0x0000022f50f7a800, 0x0000022f50f7b800, 0x0000022f50f83800, 0x0000022f50f80800,
0x0000022f50f81000, 0x0000022f50f82000, 0x0000022f50f83000, 0x0000022f50f7e000,
0x0000022f50f88000, 0x0000022f50f89800, 0x0000022f50f84800, 0x0000022f50f88800,
0x0000022f50f85800, 0x0000022f50f86000, 0x0000022f50f87000, 0x0000022f50fd2800,
0x0000022f50fd3000, 0x0000022f50fd4000, 0x0000022f50fd0800, 0x0000022f50fd0000,
0x0000022f50fd1800, 0x0000022f50fd5000, 0x0000022f50fcf000, 0x0000022f50fd6800,
0x0000022f50fd7800, 0x0000022f50fd8000, 0x0000022f50fd9000, 0x0000022f50fd5800,
0x0000022f50fde000, 0x0000022f50fd9800
}

Java Threads: ( => current thread )
  0x0000022f2ea1d000 JavaThread "main" [_thread_blocked, id=17888, stack(0x0000006178200000,0x0000006178300000)]
  0x0000022f4acd4000 JavaThread "Reference Handler" daemon [_thread_blocked, id=1340, stack(0x0000006178900000,0x0000006178a00000)]
  0x0000022f4acd5800 JavaThread "Finalizer" daemon [_thread_blocked, id=16652, stack(0x0000006178a00000,0x0000006178b00000)]
  0x0000022f4aced800 JavaThread "Signal Dispatcher" daemon [_thread_blocked, id=10612, stack(0x0000006178b00000,0x0000006178c00000)]
  0x0000022f4acee800 JavaThread "Attach Listener" daemon [_thread_blocked, id=9360, stack(0x0000006178c00000,0x0000006178d00000)]
=>0x0000022f4acf0800 JavaThread "C2 CompilerThread0" daemon [_thread_in_native, id=6000, stack(0x0000006178d00000,0x0000006178e00000)]
  0x0000022f4acfb800 JavaThread "C1 CompilerThread0" daemon [_thread_blocked, id=7212, stack(0x0000006178e00000,0x0000006178f00000)]
  0x0000022f4ad02000 JavaThread "Sweeper thread" daemon [_thread_blocked, id=6108, stack(0x0000006178f00000,0x0000006179000000)]
  0x0000022f4b7c2000 JavaThread "Common-Cleaner" daemon [_thread_blocked, id=14664, stack(0x0000006179000000,0x0000006179100000)]
  0x0000022f4b7e7000 JavaThread "Service Thread" daemon [_thread_blocked, id=1128, stack(0x0000006179100000,0x0000006179200000)]
  0x0000022f4c581000 JavaThread "Daemon health stats" [_thread_blocked, id=12024, stack(0x0000006179700000,0x0000006179800000)]
  0x0000022f4d549000 JavaThread "Incoming local TCP Connector on port 55414" [_thread_in_native, id=14136, stack(0x0000006179300000,0x0000006179400000)]
  0x0000022f4d81d000 JavaThread "Daemon periodic checks" [_thread_blocked, id=12952, stack(0x0000006179900000,0x0000006179a00000)]
  0x0000022f4c308800 JavaThread "Daemon" [_thread_blocked, id=15404, stack(0x0000006179a00000,0x0000006179b00000)]
  0x0000022f4dbf5000 JavaThread "Handler for socket connection from /127.0.0.1:55414 to /127.0.0.1:55415" [_thread_in_native, id=17976, stack(0x0000006179b00000,0x0000006179c00000)]
  0x0000022f4dc21800 JavaThread "Cancel handler" [_thread_blocked, id=15788, stack(0x0000006179c00000,0x0000006179d00000)]
  0x0000022f4cb16000 JavaThread "Daemon worker" [_thread_in_Java, id=1292, stack(0x0000006179d00000,0x0000006179e00000)]
  0x0000022f4d7ea800 JavaThread "C2 CompilerThread1" daemon [_thread_in_native, id=14868, stack(0x0000006179e00000,0x0000006179f00000)]
  0x0000022f4cb17000 JavaThread "Asynchronous log dispatcher for DefaultDaemonConnection: socket connection from /127.0.0.1:55414 to /127.0.0.1:55415" [_thread_blocked, id=4932, stack(0x0000006179f00000,0x000000617a000000)]
  0x0000022f4de48800 JavaThread "Stdin handler" [_thread_blocked, id=12920, stack(0x000000617a000000,0x000000617a100000)]
  0x0000022f4d77b800 JavaThread "Thread-8" [_thread_blocked, id=3388, stack(0x000000617a100000,0x000000617a200000)]
  0x0000022f4d7eb000 JavaThread "Cache worker for file hash cache (C:\Users\julia\.gradle\caches\6.7.1\fileHashes)" [_thread_blocked, id=13784, stack(0x000000617a700000,0x000000617a800000)]
  0x0000022f4d7ed000 JavaThread "File lock request listener" [_thread_in_native, id=3432, stack(0x000000617a800000,0x000000617a900000)]
  0x0000022f4d7ed800 JavaThread "Cache worker for journal cache (C:\Users\julia\.gradle\caches\journal-1)" [_thread_blocked, id=11436, stack(0x000000617aa00000,0x000000617ab00000)]
  0x0000022f4d7e8800 JavaThread "Cache worker for file hash cache (E:\sixth_semester\Android\LABs\Lab2\.gradle\6.7.1\fileHashes)" [_thread_blocked, id=5008, stack(0x000000617ab00000,0x000000617ac00000)]
  0x0000022f4d7e8000 JavaThread "Cache worker for checksums cache (E:\sixth_semester\Android\LABs\Lab2\.gradle\checksums)" [_thread_blocked, id=18052, stack(0x000000617ac00000,0x000000617ad00000)]
  0x0000022f4d7ec000 JavaThread "Cache worker for cache directory md-supplier (C:\Users\julia\.gradle\caches\6.7.1\md-supplier)" [_thread_blocked, id=11704, stack(0x000000617ad00000,0x000000617ae00000)]
  0x0000022f4d7ee800 JavaThread "Cache worker for cache directory md-rule (C:\Users\julia\.gradle\caches\6.7.1\md-rule)" [_thread_blocked, id=16012, stack(0x000000617ae00000,0x000000617af00000)]
  0x0000022f4d7e9800 JavaThread "C2 CompilerThread2" daemon [_thread_in_native, id=260, stack(0x000000617af00000,0x000000617b000000)]
  0x0000022f51617800 JavaThread "Cache worker for execution history cache (C:\Users\julia\.gradle\caches\6.7.1\executionHistory)" [_thread_blocked, id=12216, stack(0x000000617b000000,0x000000617b100000)]
  0x0000022f51616000 JavaThread "jar transforms" [_thread_blocked, id=6448, stack(0x000000617b100000,0x000000617b200000)]
  0x0000022f51619800 JavaThread "Cache worker for file content cache (C:\Users\julia\.gradle\caches\6.7.1\fileContent)" [_thread_blocked, id=1100, stack(0x000000617b200000,0x000000617b300000)]
  0x0000022f5161a000 JavaThread "Cache worker for Build Output Cleanup Cache (E:\sixth_semester\Android\LABs\Lab2\.gradle\buildOutputCleanup)" [_thread_blocked, id=9388, stack(0x000000617b300000,0x000000617b400000)]
  0x0000022f5161b000 JavaThread "Build operations" [_thread_blocked, id=2404, stack(0x000000617b400000,0x000000617b500000)]
  0x0000022f51618800 JavaThread "Build operations Thread 2" [_thread_blocked, id=14936, stack(0x000000617b500000,0x000000617b600000)]
  0x0000022f5161c000 JavaThread "Build operations Thread 3" [_thread_blocked, id=8828, stack(0x000000617b600000,0x000000617b700000)]
  0x0000022f5161c800 JavaThread "Build operations Thread 4" [_thread_blocked, id=16436, stack(0x000000617b700000,0x000000617b800000)]
  0x0000022f51617000 JavaThread "Build operations Thread 5" [_thread_blocked, id=17068, stack(0x000000617b800000,0x000000617b900000)]
  0x0000022f51621800 JavaThread "Build operations Thread 6" [_thread_blocked, id=15492, stack(0x000000617b900000,0x000000617ba00000)]
  0x0000022f5161f000 JavaThread "Build operations Thread 7" [_thread_blocked, id=17088, stack(0x000000617ba00000,0x000000617bb00000)]
  0x0000022f51622800 JavaThread "Build operations Thread 8" [_thread_blocked, id=17396, stack(0x000000617bb00000,0x000000617bc00000)]
  0x0000022f51620000 JavaThread "jar transforms Thread 2" [_thread_blocked, id=16000, stack(0x000000617bc00000,0x000000617bd00000)]
  0x0000022f51623000 JavaThread "jar transforms Thread 3" [_thread_blocked, id=3828, stack(0x000000617bd00000,0x000000617be00000)]
  0x0000022f5161d800 JavaThread "jar transforms Thread 4" [_thread_blocked, id=8752, stack(0x000000617be00000,0x000000617bf00000)]
  0x0000022f51624000 JavaThread "jar transforms Thread 5" [_thread_blocked, id=3436, stack(0x000000617bf00000,0x000000617c000000)]
  0x0000022f51620800 JavaThread "jar transforms Thread 6" [_thread_blocked, id=15380, stack(0x000000617c000000,0x000000617c100000)]
  0x0000022f5161e800 JavaThread "jar transforms Thread 7" [_thread_blocked, id=17740, stack(0x000000617c100000,0x000000617c200000)]
  0x0000022f500bd800 JavaThread "jar transforms Thread 8" [_thread_blocked, id=6444, stack(0x000000617c200000,0x000000617c300000)]
  0x0000022f500bc800 JavaThread "jar transforms Thread 9" [_thread_blocked, id=1272, stack(0x000000617c300000,0x000000617c400000)]
  0x0000022f500bf000 JavaThread "jar transforms Thread 10" [_thread_blocked, id=4776, stack(0x000000617c400000,0x000000617c500000)]
  0x0000022f500c0000 JavaThread "jar transforms Thread 11" [_thread_blocked, id=6988, stack(0x000000617c500000,0x000000617c600000)]
  0x0000022f500be000 JavaThread "jar transforms Thread 12" [_thread_blocked, id=6880, stack(0x000000617c600000,0x000000617c700000)]
  0x0000022f500ba000 JavaThread "jar transforms Thread 13" [_thread_blocked, id=2100, stack(0x000000617c700000,0x000000617c800000)]
  0x0000022f500c0800 JavaThread "jar transforms Thread 14" [_thread_blocked, id=15060, stack(0x000000617c800000,0x000000617c900000)]
  0x0000022f500bb000 JavaThread "jar transforms Thread 15" [_thread_blocked, id=17480, stack(0x000000617c900000,0x000000617ca00000)]
  0x0000022f500bb800 JavaThread "jar transforms Thread 16" [_thread_blocked, id=3424, stack(0x000000617ca00000,0x000000617cb00000)]
  0x0000022f500c4800 JavaThread "jar transforms Thread 17" [_thread_blocked, id=5232, stack(0x000000617cb00000,0x000000617cc00000)]
  0x0000022f500c1800 JavaThread "jar transforms Thread 18" [_thread_blocked, id=15620, stack(0x000000617cc00000,0x000000617cd00000)]
  0x0000022f500c7000 JavaThread "jar transforms Thread 19" [_thread_blocked, id=15856, stack(0x000000617cd00000,0x000000617ce00000)]
  0x0000022f500c4000 JavaThread "jar transforms Thread 20" [_thread_blocked, id=14732, stack(0x000000617ce00000,0x000000617cf00000)]
  0x0000022f500c5800 JavaThread "jar transforms Thread 21" [_thread_blocked, id=6044, stack(0x000000617cf00000,0x000000617d000000)]
  0x0000022f500c6800 JavaThread "jar transforms Thread 22" [_thread_blocked, id=4164, stack(0x000000617d000000,0x000000617d100000)]
  0x0000022f500c3000 JavaThread "jar transforms Thread 23" [_thread_blocked, id=1240, stack(0x000000617d100000,0x000000617d200000)]
  0x0000022f500c8000 JavaThread "jar transforms Thread 24" [_thread_blocked, id=11976, stack(0x000000617d200000,0x000000617d300000)]
  0x0000022f500c2800 JavaThread "jar transforms Thread 25" [_thread_blocked, id=10836, stack(0x000000617d300000,0x000000617d400000)]
  0x0000022f500c9000 JavaThread "jar transforms Thread 26" [_thread_blocked, id=7676, stack(0x000000617d400000,0x000000617d500000)]
  0x0000022f4fe19000 JavaThread "jar transforms Thread 27" [_thread_blocked, id=11892, stack(0x000000617d500000,0x000000617d600000)]
  0x0000022f4fe1b800 JavaThread "jar transforms Thread 28" [_thread_blocked, id=17504, stack(0x000000617d600000,0x000000617d700000)]
  0x0000022f4fe16000 JavaThread "jar transforms Thread 29" [_thread_blocked, id=15092, stack(0x000000617d700000,0x000000617d800000)]
  0x0000022f4fe18800 JavaThread "jar transforms Thread 30" [_thread_blocked, id=4336, stack(0x000000617d800000,0x000000617d900000)]
  0x0000022f4fe1b000 JavaThread "jar transforms Thread 31" [_thread_blocked, id=8672, stack(0x000000617d900000,0x000000617da00000)]
  0x0000022f4fe1c800 JavaThread "jar transforms Thread 32" [_thread_blocked, id=16588, stack(0x000000617da00000,0x000000617db00000)]
  0x0000022f4fe1a000 JavaThread "jar transforms Thread 33" [_thread_blocked, id=16168, stack(0x000000617db00000,0x000000617dc00000)]
  0x0000022f4fe16800 JavaThread "jar transforms Thread 34" [_thread_blocked, id=14248, stack(0x000000617dc00000,0x000000617dd00000)]
  0x0000022f4fe1d800 JavaThread "jar transforms Thread 35" [_thread_blocked, id=9024, stack(0x000000617dd00000,0x000000617de00000)]
  0x0000022f4fe17800 JavaThread "jar transforms Thread 36" [_thread_blocked, id=18024, stack(0x000000617de00000,0x000000617df00000)]
  0x0000022f4fe1f000 JavaThread "jar transforms Thread 37" [_thread_blocked, id=16824, stack(0x000000617df00000,0x000000617e000000)]
  0x0000022f4fe22000 JavaThread "jar transforms Thread 38" [_thread_blocked, id=10740, stack(0x000000617e000000,0x000000617e100000)]
  0x0000022f4fe1f800 JavaThread "jar transforms Thread 39" [_thread_blocked, id=10440, stack(0x000000617e100000,0x000000617e200000)]
  0x0000022f4fe23000 JavaThread "jar transforms Thread 40" [_thread_blocked, id=15988, stack(0x000000617e200000,0x000000617e300000)]
  0x0000022f4fe20800 JavaThread "jar transforms Thread 41" [_thread_blocked, id=13652, stack(0x000000617e300000,0x000000617e400000)]
  0x0000022f4fe1e000 JavaThread "jar transforms Thread 42" [_thread_blocked, id=11784, stack(0x000000617e400000,0x000000617e500000)]
  0x0000022f4fe24000 JavaThread "jar transforms Thread 43" [_thread_blocked, id=5496, stack(0x000000617e500000,0x000000617e600000)]
  0x0000022f4fe24800 JavaThread "jar transforms Thread 44" [_thread_blocked, id=13560, stack(0x000000617e600000,0x000000617e700000)]
  0x0000022f4fe21800 JavaThread "jar transforms Thread 45" [_thread_blocked, id=3484, stack(0x000000617e700000,0x000000617e800000)]
  0x0000022f4fab7800 JavaThread "jar transforms Thread 46" [_thread_blocked, id=15364, stack(0x000000617e800000,0x000000617e900000)]
  0x0000022f4fabb800 JavaThread "jar transforms Thread 47" [_thread_blocked, id=11512, stack(0x000000617e900000,0x000000617ea00000)]
  0x0000022f4fabc800 JavaThread "jar transforms Thread 48" [_thread_blocked, id=16312, stack(0x000000617ea00000,0x000000617eb00000)]
  0x0000022f4fab8800 JavaThread "jar transforms Thread 49" [_thread_blocked, id=2260, stack(0x000000617eb00000,0x000000617ec00000)]
  0x0000022f4fab6800 JavaThread "jar transforms Thread 50" [_thread_blocked, id=18120, stack(0x000000617ec00000,0x000000617ed00000)]
  0x0000022f4faba000 JavaThread "jar transforms Thread 51" [_thread_blocked, id=15536, stack(0x000000617ed00000,0x000000617ee00000)]
  0x0000022f4fabd000 JavaThread "jar transforms Thread 52" [_thread_blocked, id=16484, stack(0x000000617ee00000,0x000000617ef00000)]
  0x0000022f4fab9000 JavaThread "jar transforms Thread 53" [_thread_blocked, id=6012, stack(0x000000617ef00000,0x000000617f000000)]
  0x0000022f4fabe000 JavaThread "jar transforms Thread 54" [_thread_blocked, id=18060, stack(0x000000617f000000,0x000000617f100000)]
  0x0000022f4fabf000 JavaThread "jar transforms Thread 55" [_thread_blocked, id=3576, stack(0x000000617f100000,0x000000617f200000)]
  0x0000022f4fac0800 JavaThread "jar transforms Thread 56" [_thread_blocked, id=15708, stack(0x000000617f200000,0x000000617f300000)]
  0x0000022f4fabf800 JavaThread "jar transforms Thread 57" [_thread_blocked, id=14596, stack(0x000000617f300000,0x000000617f400000)]
  0x0000022f4faba800 JavaThread "jar transforms Thread 58" [_thread_blocked, id=3572, stack(0x000000617f400000,0x000000617f500000)]
  0x0000022f4fac1800 JavaThread "jar transforms Thread 59" [_thread_blocked, id=17564, stack(0x000000617f500000,0x000000617f600000)]
  0x0000022f4fac2000 JavaThread "jar transforms Thread 60" [_thread_blocked, id=13628, stack(0x000000617f600000,0x000000617f700000)]
  0x0000022f4fac5800 JavaThread "jar transforms Thread 61" [_thread_blocked, id=15428, stack(0x000000617f700000,0x000000617f800000)]
  0x0000022f4fac3000 JavaThread "jar transforms Thread 62" [_thread_blocked, id=14632, stack(0x000000617f800000,0x000000617f900000)]
  0x0000022f4fac3800 JavaThread "jar transforms Thread 63" [_thread_blocked, id=13216, stack(0x000000617f900000,0x000000617fa00000)]
  0x0000022f4fac4800 JavaThread "jar transforms Thread 64" [_thread_blocked, id=18092, stack(0x000000617fa00000,0x000000617fb00000)]
  0x0000022f50f7c800 JavaThread "jar transforms Thread 65" [_thread_blocked, id=15644, stack(0x000000617fb00000,0x000000617fc00000)]
  0x0000022f50f7f000 JavaThread "jar transforms Thread 66" [_thread_blocked, id=11848, stack(0x000000617fc00000,0x000000617fd00000)]
  0x0000022f50f7d000 JavaThread "jar transforms Thread 67" [_thread_blocked, id=17296, stack(0x000000617fd00000,0x000000617fe00000)]
  0x0000022f50f7f800 JavaThread "jar transforms Thread 68" [_thread_blocked, id=11228, stack(0x000000617fe00000,0x000000617ff00000)]
  0x0000022f50f7a800 JavaThread "jar transforms Thread 69" [_thread_blocked, id=16804, stack(0x000000617ff00000,0x0000006180000000)]
  0x0000022f50f7b800 JavaThread "jar transforms Thread 70" [_thread_blocked, id=13780, stack(0x0000006100000000,0x0000006100100000)]
  0x0000022f50f83800 JavaThread "jar transforms Thread 71" [_thread_blocked, id=16996, stack(0x0000006100100000,0x0000006100200000)]
  0x0000022f50f80800 JavaThread "jar transforms Thread 72" [_thread_blocked, id=2716, stack(0x0000006100200000,0x0000006100300000)]
  0x0000022f50f81000 JavaThread "jar transforms Thread 73" [_thread_blocked, id=2824, stack(0x0000006100300000,0x0000006100400000)]
  0x0000022f50f82000 JavaThread "jar transforms Thread 74" [_thread_blocked, id=1652, stack(0x0000006100400000,0x0000006100500000)]
  0x0000022f50f83000 JavaThread "jar transforms Thread 75" [_thread_blocked, id=16752, stack(0x0000006100500000,0x0000006100600000)]
  0x0000022f50f7e000 JavaThread "jar transforms Thread 76" [_thread_blocked, id=15760, stack(0x0000006100600000,0x0000006100700000)]
  0x0000022f50f88000 JavaThread "jar transforms Thread 77" [_thread_blocked, id=15652, stack(0x0000006100700000,0x0000006100800000)]
  0x0000022f50f89800 JavaThread "jar transforms Thread 78" [_thread_blocked, id=17076, stack(0x0000006100800000,0x0000006100900000)]
  0x0000022f50f84800 JavaThread "jar transforms Thread 79" [_thread_blocked, id=8128, stack(0x0000006100900000,0x0000006100a00000)]
  0x0000022f50f88800 JavaThread "jar transforms Thread 80" [_thread_blocked, id=14332, stack(0x0000006100a00000,0x0000006100b00000)]
  0x0000022f50f85800 JavaThread "jar transforms Thread 81" [_thread_blocked, id=404, stack(0x0000006100b00000,0x0000006100c00000)]
  0x0000022f50f86000 JavaThread "jar transforms Thread 82" [_thread_blocked, id=6068, stack(0x0000006100c00000,0x0000006100d00000)]
  0x0000022f50f87000 JavaThread "jar transforms Thread 83" [_thread_blocked, id=7016, stack(0x0000006100d00000,0x0000006100e00000)]
  0x0000022f50fd2800 JavaThread "jar transforms Thread 84" [_thread_blocked, id=15684, stack(0x0000006100e00000,0x0000006100f00000)]
  0x0000022f50fd3000 JavaThread "jar transforms Thread 85" [_thread_blocked, id=1016, stack(0x0000006100f00000,0x0000006101000000)]
  0x0000022f50fd4000 JavaThread "jar transforms Thread 86" [_thread_blocked, id=1488, stack(0x0000006101000000,0x0000006101100000)]
  0x0000022f50fd0800 JavaThread "jar transforms Thread 87" [_thread_blocked, id=15064, stack(0x0000006101100000,0x0000006101200000)]
  0x0000022f50fd0000 JavaThread "jar transforms Thread 88" [_thread_blocked, id=17012, stack(0x0000006101200000,0x0000006101300000)]
  0x0000022f50fd1800 JavaThread "jar transforms Thread 89" [_thread_blocked, id=11808, stack(0x0000006101300000,0x0000006101400000)]
  0x0000022f50fd5000 JavaThread "jar transforms Thread 90" [_thread_blocked, id=7220, stack(0x0000006101400000,0x0000006101500000)]
  0x0000022f50fcf000 JavaThread "jar transforms Thread 91" [_thread_blocked, id=16836, stack(0x0000006101500000,0x0000006101600000)]
  0x0000022f50fd6800 JavaThread "jar transforms Thread 92" [_thread_blocked, id=9960, stack(0x0000006101600000,0x0000006101700000)]
  0x0000022f50fd7800 JavaThread "jar transforms Thread 93" [_thread_blocked, id=16316, stack(0x0000006101700000,0x0000006101800000)]
  0x0000022f50fd8000 JavaThread "jar transforms Thread 94" [_thread_blocked, id=12176, stack(0x0000006101800000,0x0000006101900000)]
  0x0000022f50fd9000 JavaThread "jar transforms Thread 95" [_thread_blocked, id=1844, stack(0x0000006101900000,0x0000006101a00000)]
  0x0000022f50fd5800 JavaThread "jar transforms Thread 96" [_thread_blocked, id=10848, stack(0x0000006101a00000,0x0000006101b00000)]
  0x0000022f50fde000 JavaThread "jar transforms Thread 97" [_thread_blocked, id=15632, stack(0x0000006101b00000,0x0000006101c00000)]
  0x0000022f50fd9800 JavaThread "Memory manager" [_thread_blocked, id=17212, stack(0x0000006101c00000,0x0000006101d00000)]

Other Threads:
  0x0000022f4acd0000 VMThread "VM Thread" [stack: 0x0000006178800000,0x0000006178900000] [id=11064]
  0x0000022f4b808000 WatcherThread [stack: 0x0000006179200000,0x0000006179300000] [id=18004]
  0x0000022f2ea34800 GCTaskThread "GC Thread#0" [stack: 0x0000006178300000,0x0000006178400000] [id=14392]
  0x0000022f4c348800 GCTaskThread "GC Thread#1" [stack: 0x0000006179500000,0x0000006179600000] [id=17912]
  0x0000022f4c78b000 GCTaskThread "GC Thread#2" [stack: 0x0000006179600000,0x0000006179700000] [id=3084]
  0x0000022f4bd8d000 GCTaskThread "GC Thread#3" [stack: 0x000000617a200000,0x000000617a300000] [id=4464]
  0x0000022f4e0c2800 GCTaskThread "GC Thread#4" [stack: 0x000000617a300000,0x000000617a400000] [id=15436]
  0x0000022f4dbf6000 GCTaskThread "GC Thread#5" [stack: 0x000000617a400000,0x000000617a500000] [id=10328]
  0x0000022f4cde4800 GCTaskThread "GC Thread#6" [stack: 0x000000617a500000,0x000000617a600000] [id=11464]
  0x0000022f4caf6800 GCTaskThread "GC Thread#7" [stack: 0x000000617a600000,0x000000617a700000] [id=17772]
  0x0000022f2ea67000 ConcurrentGCThread "G1 Main Marker" [stack: 0x0000006178400000,0x0000006178500000] [id=980]
  0x0000022f2ea6b800 ConcurrentGCThread "G1 Conc#0" [stack: 0x0000006178500000,0x0000006178600000] [id=17592]
  0x0000022f4dbda800 ConcurrentGCThread "G1 Conc#1" [stack: 0x000000617a900000,0x000000617aa00000] [id=3400]
  0x0000022f4ab20800 ConcurrentGCThread "G1 Refine#0" [stack: 0x0000006178600000,0x0000006178700000] [id=5904]
  0x0000022f4ab21800 ConcurrentGCThread "G1 Young RemSet Sampling" [stack: 0x0000006178700000,0x0000006178800000] [id=6864]

Threads with active compile tasks:
C2 CompilerThread0   5795 4828       4       org.objectweb.asm.Frame::execute (2318 bytes)
C2 CompilerThread1   5795 4837   !   4       com.google.common.reflect.TypeVisitor::visit (225 bytes)
C2 CompilerThread2   5795 4995   !   4       java.util.jar.Attributes::read (388 bytes)

VM state:not at safepoint (normal execution)

VM Mutex/Monitor currently owned by a thread: None

Heap address: 0x0000000080000000, size: 2048 MB, Compressed Oops mode: 32-bit
Narrow klass base: 0x0000000000000000, Narrow klass shift: 3
Compressed class space size: 1073741824 Address: 0x0000000100000000

Heap:
 garbage-first heap   total 157696K, used 57715K [0x0000000080000000, 0x0000000100000000)
  region size 1024K, 32 young (32768K), 11 survivors (11264K)
 Metaspace       used 56404K, capacity 57767K, committed 57804K, reserved 1099776K
  class space    used 7190K, capacity 7675K, committed 7680K, reserved 1048576K
Heap Regions: E=young(eden), S=young(survivor), O=old, HS=humongous(starts), HC=humongous(continues), CS=collection set, F=free, A=archive, TAMS=top-at-mark-start (previous, next)
|   0|0x0000000080000000, 0x0000000080100000, 0x0000000080100000|100%| O|  |TAMS 0x0000000080100000, 0x0000000080000000| Untracked 
|   1|0x0000000080100000, 0x0000000080200000, 0x0000000080200000|100%| O|  |TAMS 0x0000000080200000, 0x0000000080100000| Untracked 
|   2|0x0000000080200000, 0x0000000080300000, 0x0000000080300000|100%| O|  |TAMS 0x0000000080300000, 0x0000000080200000| Untracked 
|   3|0x0000000080300000, 0x0000000080400000, 0x0000000080400000|100%|HS|  |TAMS 0x0000000080400000, 0x0000000080300000| Complete 
|   4|0x0000000080400000, 0x0000000080500000, 0x0000000080500000|100%|HC|  |TAMS 0x0000000080500000, 0x0000000080400000| Complete 
|   5|0x0000000080500000, 0x0000000080600000, 0x0000000080600000|100%|HC|  |TAMS 0x0000000080600000, 0x0000000080500000| Complete 
|   6|0x0000000080600000, 0x0000000080700000, 0x0000000080700000|100%| O|  |TAMS 0x0000000080700000, 0x0000000080600000| Untracked 
|   7|0x0000000080700000, 0x0000000080800000, 0x0000000080800000|100%| O|  |TAMS 0x0000000080800000, 0x0000000080700000| Untracked 
|   8|0x0000000080800000, 0x0000000080900000, 0x0000000080900000|100%| O|  |TAMS 0x0000000080900000, 0x0000000080800000| Untracked 
|   9|0x0000000080900000, 0x0000000080a00000, 0x0000000080a00000|100%| O|  |TAMS 0x0000000080a00000, 0x0000000080900000| Untracked 
|  10|0x0000000080a00000, 0x0000000080b00000, 0x0000000080b00000|100%| O|  |TAMS 0x0000000080b00000, 0x0000000080a00000| Untracked 
|  11|0x0000000080b00000, 0x0000000080c00000, 0x0000000080c00000|100%| O|  |TAMS 0x0000000080c00000, 0x0000000080b00000| Untracked 
|  12|0x0000000080c00000, 0x0000000080d00000, 0x0000000080d00000|100%| O|  |TAMS 0x0000000080d00000, 0x0000000080c00000| Untracked 
|  13|0x0000000080d00000, 0x0000000080e00000, 0x0000000080e00000|100%| O|  |TAMS 0x0000000080e00000, 0x0000000080d00000| Untracked 
|  14|0x0000000080e00000, 0x0000000080f00000, 0x0000000080f00000|100%| O|  |TAMS 0x0000000080f00000, 0x0000000080e00000| Untracked 
|  15|0x0000000080f00000, 0x0000000081000000, 0x0000000081000000|100%| O|  |TAMS 0x0000000080f24000, 0x0000000080f00000| Untracked 
|  16|0x0000000081000000, 0x0000000081100000, 0x0000000081100000|100%| O|  |TAMS 0x0000000081000000, 0x0000000081000000| Untracked 
|  17|0x0000000081100000, 0x0000000081200000, 0x0000000081200000|100%| O|  |TAMS 0x0000000081100000, 0x0000000081100000| Untracked 
|  18|0x0000000081200000, 0x0000000081300000, 0x0000000081300000|100%| O|  |TAMS 0x0000000081200000, 0x0000000081200000| Untracked 
|  19|0x0000000081300000, 0x0000000081400000, 0x0000000081400000|100%|HS|  |TAMS 0x0000000081300000, 0x0000000081300000| Complete 
|  20|0x0000000081400000, 0x0000000081500000, 0x0000000081500000|100%| O|  |TAMS 0x0000000081400000, 0x0000000081400000| Untracked 
|  21|0x0000000081500000, 0x0000000081600000, 0x0000000081600000|100%| O|  |TAMS 0x0000000081500000, 0x0000000081500000| Untracked 
|  22|0x0000000081600000, 0x0000000081700000, 0x0000000081700000|100%|HS|  |TAMS 0x0000000081600000, 0x0000000081600000| Complete 
|  23|0x0000000081700000, 0x0000000081800000, 0x0000000081800000|100%|HC|  |TAMS 0x0000000081700000, 0x0000000081700000| Complete 
|  24|0x0000000081800000, 0x0000000081900000, 0x0000000081900000|100%| O|  |TAMS 0x0000000081800000, 0x0000000081800000| Untracked 
|  25|0x0000000081900000, 0x0000000081a00000, 0x0000000081a00000|100%| O|  |TAMS 0x0000000081900000, 0x0000000081900000| Untracked 
|  26|0x0000000081a00000, 0x0000000081ac9200, 0x0000000081b00000| 78%| O|  |TAMS 0x0000000081a00000, 0x0000000081a00000| Untracked 
|  27|0x0000000081b00000, 0x0000000081b00000, 0x0000000081c00000|  0%| F|  |TAMS 0x0000000081b00000, 0x0000000081b00000| Untracked 
|  28|0x0000000081c00000, 0x0000000081c00000, 0x0000000081d00000|  0%| F|  |TAMS 0x0000000081c00000, 0x0000000081c00000| Untracked 
|  29|0x0000000081d00000, 0x0000000081d00000, 0x0000000081e00000|  0%| F|  |TAMS 0x0000000081d00000, 0x0000000081d00000| Untracked 
|  30|0x0000000081e00000, 0x0000000081e00000, 0x0000000081f00000|  0%| F|  |TAMS 0x0000000081e00000, 0x0000000081e00000| Untracked 
|  31|0x0000000081f00000, 0x0000000081f00000, 0x0000000082000000|  0%| F|  |TAMS 0x0000000081f00000, 0x0000000081f00000| Untracked 
|  32|0x0000000082000000, 0x0000000082000000, 0x0000000082100000|  0%| F|  |TAMS 0x0000000082000000, 0x0000000082000000| Untracked 
|  33|0x0000000082100000, 0x0000000082100000, 0x0000000082200000|  0%| F|  |TAMS 0x0000000082100000, 0x0000000082100000| Untracked 
|  34|0x0000000082200000, 0x0000000082200000, 0x0000000082300000|  0%| F|  |TAMS 0x0000000082200000, 0x0000000082200000| Untracked 
|  35|0x0000000082300000, 0x0000000082300000, 0x0000000082400000|  0%| F|  |TAMS 0x0000000082300000, 0x0000000082300000| Untracked 
|  36|0x0000000082400000, 0x0000000082400000, 0x0000000082500000|  0%| F|  |TAMS 0x0000000082400000, 0x0000000082400000| Untracked 
|  37|0x0000000082500000, 0x0000000082500000, 0x0000000082600000|  0%| F|  |TAMS 0x0000000082500000, 0x0000000082500000| Untracked 
|  38|0x0000000082600000, 0x0000000082600000, 0x0000000082700000|  0%| F|  |TAMS 0x0000000082600000, 0x0000000082600000| Untracked 
|  39|0x0000000082700000, 0x0000000082700000, 0x0000000082800000|  0%| F|  |TAMS 0x0000000082700000, 0x0000000082700000| Untracked 
|  40|0x0000000082800000, 0x0000000082800000, 0x0000000082900000|  0%| F|  |TAMS 0x0000000082800000, 0x0000000082800000| Untracked 
|  41|0x0000000082900000, 0x0000000082900000, 0x0000000082a00000|  0%| F|  |TAMS 0x0000000082900000, 0x0000000082900000| Untracked 
|  42|0x0000000082a00000, 0x0000000082a00000, 0x0000000082b00000|  0%| F|  |TAMS 0x0000000082a00000, 0x0000000082a00000| Untracked 
|  43|0x0000000082b00000, 0x0000000082b00000, 0x0000000082c00000|  0%| F|  |TAMS 0x0000000082b00000, 0x0000000082b00000| Untracked 
|  44|0x0000000082c00000, 0x0000000082c00000, 0x0000000082d00000|  0%| F|  |TAMS 0x0000000082c00000, 0x0000000082c00000| Untracked 
|  45|0x0000000082d00000, 0x0000000082d00000, 0x0000000082e00000|  0%| F|  |TAMS 0x0000000082d00000, 0x0000000082d00000| Untracked 
|  46|0x0000000082e00000, 0x0000000082e00000, 0x0000000082f00000|  0%| F|  |TAMS 0x0000000082e00000, 0x0000000082e00000| Untracked 
|  47|0x0000000082f00000, 0x0000000082f00000, 0x0000000083000000|  0%| F|  |TAMS 0x0000000082f00000, 0x0000000082f00000| Untracked 
|  48|0x0000000083000000, 0x0000000083000000, 0x0000000083100000|  0%| F|  |TAMS 0x0000000083000000, 0x0000000083000000| Untracked 
|  49|0x0000000083100000, 0x0000000083100000, 0x0000000083200000|  0%| F|  |TAMS 0x0000000083100000, 0x0000000083100000| Untracked 
|  50|0x0000000083200000, 0x0000000083200000, 0x0000000083300000|  0%| F|  |TAMS 0x0000000083200000, 0x0000000083200000| Untracked 
|  51|0x0000000083300000, 0x0000000083300000, 0x0000000083400000|  0%| F|  |TAMS 0x0000000083300000, 0x0000000083300000| Untracked 
|  52|0x0000000083400000, 0x0000000083400000, 0x0000000083500000|  0%| F|  |TAMS 0x0000000083400000, 0x0000000083400000| Untracked 
|  53|0x0000000083500000, 0x0000000083500000, 0x0000000083600000|  0%| F|  |TAMS 0x0000000083500000, 0x0000000083500000| Untracked 
|  54|0x0000000083600000, 0x0000000083600000, 0x0000000083700000|  0%| F|  |TAMS 0x0000000083600000, 0x0000000083600000| Untracked 
|  55|0x0000000083700000, 0x0000000083700000, 0x0000000083800000|  0%| F|  |TAMS 0x0000000083700000, 0x0000000083700000| Untracked 
|  56|0x0000000083800000, 0x0000000083800000, 0x0000000083900000|  0%| F|  |TAMS 0x0000000083800000, 0x0000000083800000| Untracked 
|  57|0x0000000083900000, 0x0000000083900000, 0x0000000083a00000|  0%| F|  |TAMS 0x0000000083900000, 0x0000000083900000| Untracked 
|  58|0x0000000083a00000, 0x0000000083a00000, 0x0000000083b00000|  0%| F|  |TAMS 0x0000000083a00000, 0x0000000083a00000| Untracked 
|  59|0x0000000083b00000, 0x0000000083b00000, 0x0000000083c00000|  0%| F|  |TAMS 0x0000000083b00000, 0x0000000083b00000| Untracked 
|  60|0x0000000083c00000, 0x0000000083c00000, 0x0000000083d00000|  0%| F|  |TAMS 0x0000000083c00000, 0x0000000083c00000| Untracked 
|  61|0x0000000083d00000, 0x0000000083d00000, 0x0000000083e00000|  0%| F|  |TAMS 0x0000000083d00000, 0x0000000083d00000| Untracked 
|  62|0x0000000083e00000, 0x0000000083e00000, 0x0000000083f00000|  0%| F|  |TAMS 0x0000000083e00000, 0x0000000083e00000| Untracked 
|  63|0x0000000083f00000, 0x0000000083f00000, 0x0000000084000000|  0%| F|  |TAMS 0x0000000083f00000, 0x0000000083f00000| Untracked 
|  64|0x0000000084000000, 0x0000000084000000, 0x0000000084100000|  0%| F|  |TAMS 0x0000000084000000, 0x0000000084000000| Untracked 
|  65|0x0000000084100000, 0x0000000084100000, 0x0000000084200000|  0%| F|  |TAMS 0x0000000084100000, 0x0000000084100000| Untracked 
|  66|0x0000000084200000, 0x0000000084200000, 0x0000000084300000|  0%| F|  |TAMS 0x0000000084200000, 0x0000000084200000| Untracked 
|  67|0x0000000084300000, 0x0000000084300000, 0x0000000084400000|  0%| F|  |TAMS 0x0000000084300000, 0x0000000084300000| Untracked 
|  68|0x0000000084400000, 0x0000000084493da0, 0x0000000084500000| 57%| S|CS|TAMS 0x0000000084400000, 0x0000000084400000| Complete 
|  69|0x0000000084500000, 0x0000000084600000, 0x0000000084600000|100%| S|CS|TAMS 0x0000000084500000, 0x0000000084500000| Complete 
|  70|0x0000000084600000, 0x0000000084700000, 0x0000000084700000|100%| S|CS|TAMS 0x0000000084600000, 0x0000000084600000| Complete 
|  71|0x0000000084700000, 0x0000000084800000, 0x0000000084800000|100%| S|CS|TAMS 0x0000000084700000, 0x0000000084700000| Complete 
|  72|0x0000000084800000, 0x0000000084900000, 0x0000000084900000|100%| S|CS|TAMS 0x0000000084800000, 0x0000000084800000| Complete 
|  73|0x0000000084900000, 0x0000000084a00000, 0x0000000084a00000|100%| S|CS|TAMS 0x0000000084900000, 0x0000000084900000| Complete 
|  74|0x0000000084a00000, 0x0000000084b00000, 0x0000000084b00000|100%| S|CS|TAMS 0x0000000084a00000, 0x0000000084a00000| Complete 
|  75|0x0000000084b00000, 0x0000000084c00000, 0x0000000084c00000|100%| S|CS|TAMS 0x0000000084b00000, 0x0000000084b00000| Complete 
|  76|0x0000000084c00000, 0x0000000084d00000, 0x0000000084d00000|100%| S|CS|TAMS 0x0000000084c00000, 0x0000000084c00000| Complete 
|  77|0x0000000084d00000, 0x0000000084e00000, 0x0000000084e00000|100%| S|CS|TAMS 0x0000000084d00000, 0x0000000084d00000| Complete 
|  78|0x0000000084e00000, 0x0000000084f00000, 0x0000000084f00000|100%| S|CS|TAMS 0x0000000084e00000, 0x0000000084e00000| Complete 
|  79|0x0000000084f00000, 0x0000000084f00000, 0x0000000085000000|  0%| F|  |TAMS 0x0000000084f00000, 0x0000000084f00000| Untracked 
|  80|0x0000000085000000, 0x0000000085000000, 0x0000000085100000|  0%| F|  |TAMS 0x0000000085000000, 0x0000000085000000| Untracked 
|  81|0x0000000085100000, 0x0000000085100000, 0x0000000085200000|  0%| F|  |TAMS 0x0000000085100000, 0x0000000085100000| Untracked 
|  82|0x0000000085200000, 0x0000000085200000, 0x0000000085300000|  0%| F|  |TAMS 0x0000000085200000, 0x0000000085200000| Untracked 
|  83|0x0000000085300000, 0x0000000085300000, 0x0000000085400000|  0%| F|  |TAMS 0x0000000085300000, 0x0000000085300000| Untracked 
|  84|0x0000000085400000, 0x0000000085400000, 0x0000000085500000|  0%| F|  |TAMS 0x0000000085400000, 0x0000000085400000| Untracked 
|  85|0x0000000085500000, 0x0000000085500000, 0x0000000085600000|  0%| F|  |TAMS 0x0000000085500000, 0x0000000085500000| Untracked 
|  86|0x0000000085600000, 0x0000000085600000, 0x0000000085700000|  0%| F|  |TAMS 0x0000000085600000, 0x0000000085600000| Untracked 
|  87|0x0000000085700000, 0x0000000085700000, 0x0000000085800000|  0%| F|  |TAMS 0x0000000085700000, 0x0000000085700000| Untracked 
|  88|0x0000000085800000, 0x0000000085800000, 0x0000000085900000|  0%| F|  |TAMS 0x0000000085800000, 0x0000000085800000| Untracked 
|  89|0x0000000085900000, 0x0000000085900000, 0x0000000085a00000|  0%| F|  |TAMS 0x0000000085900000, 0x0000000085900000| Untracked 
|  90|0x0000000085a00000, 0x0000000085a00000, 0x0000000085b00000|  0%| F|  |TAMS 0x0000000085a00000, 0x0000000085a00000| Untracked 
|  91|0x0000000085b00000, 0x0000000085b00000, 0x0000000085c00000|  0%| F|  |TAMS 0x0000000085b00000, 0x0000000085b00000| Untracked 
|  92|0x0000000085c00000, 0x0000000085c00000, 0x0000000085d00000|  0%| F|  |TAMS 0x0000000085c00000, 0x0000000085c00000| Untracked 
|  93|0x0000000085d00000, 0x0000000085d00000, 0x0000000085e00000|  0%| F|  |TAMS 0x0000000085d00000, 0x0000000085d00000| Untracked 
|  94|0x0000000085e00000, 0x0000000085e00000, 0x0000000085f00000|  0%| F|  |TAMS 0x0000000085e00000, 0x0000000085e00000| Untracked 
|  95|0x0000000085f00000, 0x0000000085f00000, 0x0000000086000000|  0%| F|  |TAMS 0x0000000085f00000, 0x0000000085f00000| Untracked 
|  96|0x0000000086000000, 0x0000000086000000, 0x0000000086100000|  0%| F|  |TAMS 0x0000000086000000, 0x0000000086000000| Untracked 
|  97|0x0000000086100000, 0x0000000086100000, 0x0000000086200000|  0%| F|  |TAMS 0x0000000086100000, 0x0000000086100000| Untracked 
|  98|0x0000000086200000, 0x0000000086200000, 0x0000000086300000|  0%| F|  |TAMS 0x0000000086200000, 0x0000000086200000| Untracked 
|  99|0x0000000086300000, 0x0000000086300000, 0x0000000086400000|  0%| F|  |TAMS 0x0000000086300000, 0x0000000086300000| Untracked 
| 100|0x0000000086400000, 0x0000000086400000, 0x0000000086500000|  0%| F|  |TAMS 0x0000000086400000, 0x0000000086400000| Untracked 
| 101|0x0000000086500000, 0x0000000086500000, 0x0000000086600000|  0%| F|  |TAMS 0x0000000086500000, 0x0000000086500000| Untracked 
| 102|0x0000000086600000, 0x0000000086600000, 0x0000000086700000|  0%| F|  |TAMS 0x0000000086600000, 0x0000000086600000| Untracked 
| 103|0x0000000086700000, 0x0000000086700000, 0x0000000086800000|  0%| F|  |TAMS 0x0000000086700000, 0x0000000086700000| Untracked 
| 104|0x0000000086800000, 0x0000000086800000, 0x0000000086900000|  0%| F|  |TAMS 0x0000000086800000, 0x0000000086800000| Untracked 
| 105|0x0000000086900000, 0x0000000086900000, 0x0000000086a00000|  0%| F|  |TAMS 0x0000000086900000, 0x0000000086900000| Untracked 
| 106|0x0000000086a00000, 0x0000000086a00000, 0x0000000086b00000|  0%| F|  |TAMS 0x0000000086a00000, 0x0000000086a00000| Untracked 
| 107|0x0000000086b00000, 0x0000000086b00000, 0x0000000086c00000|  0%| F|  |TAMS 0x0000000086b00000, 0x0000000086b00000| Untracked 
| 108|0x0000000086c00000, 0x0000000086c00000, 0x0000000086d00000|  0%| F|  |TAMS 0x0000000086c00000, 0x0000000086c00000| Untracked 
| 109|0x0000000086d00000, 0x0000000086d00000, 0x0000000086e00000|  0%| F|  |TAMS 0x0000000086d00000, 0x0000000086d00000| Untracked 
| 110|0x0000000086e00000, 0x0000000086e00000, 0x0000000086f00000|  0%| F|  |TAMS 0x0000000086e00000, 0x0000000086e00000| Untracked 
| 111|0x0000000086f00000, 0x0000000086f00000, 0x0000000087000000|  0%| F|  |TAMS 0x0000000086f00000, 0x0000000086f00000| Untracked 
| 112|0x0000000087000000, 0x0000000087000000, 0x0000000087100000|  0%| F|  |TAMS 0x0000000087000000, 0x0000000087000000| Untracked 
| 113|0x0000000087100000, 0x0000000087100000, 0x0000000087200000|  0%| F|  |TAMS 0x0000000087100000, 0x0000000087100000| Untracked 
| 114|0x0000000087200000, 0x0000000087200000, 0x0000000087300000|  0%| F|  |TAMS 0x0000000087200000, 0x0000000087200000| Untracked 
| 115|0x0000000087300000, 0x0000000087300000, 0x0000000087400000|  0%| F|  |TAMS 0x0000000087300000, 0x0000000087300000| Untracked 
| 116|0x0000000087400000, 0x0000000087400000, 0x0000000087500000|  0%| F|  |TAMS 0x0000000087400000, 0x0000000087400000| Untracked 
| 117|0x0000000087500000, 0x0000000087500000, 0x0000000087600000|  0%| F|  |TAMS 0x0000000087500000, 0x0000000087500000| Untracked 
| 118|0x0000000087600000, 0x0000000087600000, 0x0000000087700000|  0%| F|  |TAMS 0x0000000087600000, 0x0000000087600000| Untracked 
| 119|0x0000000087700000, 0x0000000087700000, 0x0000000087800000|  0%| F|  |TAMS 0x0000000087700000, 0x0000000087700000| Untracked 
| 120|0x0000000087800000, 0x0000000087800000, 0x0000000087900000|  0%| F|  |TAMS 0x0000000087800000, 0x0000000087800000| Untracked 
| 121|0x0000000087900000, 0x0000000087900000, 0x0000000087a00000|  0%| F|  |TAMS 0x0000000087900000, 0x0000000087900000| Untracked 
| 122|0x0000000087a00000, 0x0000000087a00000, 0x0000000087b00000|  0%| F|  |TAMS 0x0000000087a00000, 0x0000000087a00000| Untracked 
| 123|0x0000000087b00000, 0x0000000087b00000, 0x0000000087c00000|  0%| F|  |TAMS 0x0000000087b00000, 0x0000000087b00000| Untracked 
| 124|0x0000000087c00000, 0x0000000087c00000, 0x0000000087d00000|  0%| F|  |TAMS 0x0000000087c00000, 0x0000000087c00000| Untracked 
| 125|0x0000000087d00000, 0x0000000087d00000, 0x0000000087e00000|  0%| F|  |TAMS 0x0000000087d00000, 0x0000000087d00000| Untracked 
| 126|0x0000000087e00000, 0x0000000087e00000, 0x0000000087f00000|  0%| F|  |TAMS 0x0000000087e00000, 0x0000000087e00000| Untracked 
| 127|0x0000000087f00000, 0x0000000087f00000, 0x0000000088000000|  0%| F|  |TAMS 0x0000000087f00000, 0x0000000087f00000| Untracked 
| 128|0x0000000088000000, 0x0000000088000000, 0x0000000088100000|  0%| F|  |TAMS 0x0000000088000000, 0x0000000088000000| Untracked 
| 129|0x0000000088100000, 0x0000000088100000, 0x0000000088200000|  0%| F|  |TAMS 0x0000000088100000, 0x0000000088100000| Untracked 
| 130|0x0000000088200000, 0x0000000088200000, 0x0000000088300000|  0%| F|  |TAMS 0x0000000088200000, 0x0000000088200000| Untracked 
| 131|0x0000000088300000, 0x0000000088300000, 0x0000000088400000|  0%| F|  |TAMS 0x0000000088300000, 0x0000000088300000| Untracked 
| 132|0x0000000088400000, 0x0000000088480800, 0x0000000088500000| 50%| E|  |TAMS 0x0000000088400000, 0x0000000088400000| Complete 
| 133|0x0000000088500000, 0x0000000088600000, 0x0000000088600000|100%| E|CS|TAMS 0x0000000088500000, 0x0000000088500000| Complete 
| 134|0x0000000088600000, 0x0000000088700000, 0x0000000088700000|100%| E|CS|TAMS 0x0000000088600000, 0x0000000088600000| Complete 
| 135|0x0000000088700000, 0x0000000088800000, 0x0000000088800000|100%| E|CS|TAMS 0x0000000088700000, 0x0000000088700000| Complete 
| 136|0x0000000088800000, 0x0000000088900000, 0x0000000088900000|100%| E|CS|TAMS 0x0000000088800000, 0x0000000088800000| Complete 
| 137|0x0000000088900000, 0x0000000088a00000, 0x0000000088a00000|100%| E|CS|TAMS 0x0000000088900000, 0x0000000088900000| Complete 
| 138|0x0000000088a00000, 0x0000000088b00000, 0x0000000088b00000|100%| E|CS|TAMS 0x0000000088a00000, 0x0000000088a00000| Complete 
| 139|0x0000000088b00000, 0x0000000088c00000, 0x0000000088c00000|100%| E|CS|TAMS 0x0000000088b00000, 0x0000000088b00000| Complete 
| 140|0x0000000088c00000, 0x0000000088d00000, 0x0000000088d00000|100%| E|CS|TAMS 0x0000000088c00000, 0x0000000088c00000| Complete 
| 141|0x0000000088d00000, 0x0000000088e00000, 0x0000000088e00000|100%| E|CS|TAMS 0x0000000088d00000, 0x0000000088d00000| Complete 
| 142|0x0000000088e00000, 0x0000000088f00000, 0x0000000088f00000|100%| E|CS|TAMS 0x0000000088e00000, 0x0000000088e00000| Complete 
| 143|0x0000000088f00000, 0x0000000088fffc58, 0x0000000089000000| 99%| E|  |TAMS 0x0000000088f00000, 0x0000000088f00000| Complete 
| 144|0x0000000089000000, 0x0000000089100000, 0x0000000089100000|100%| E|CS|TAMS 0x0000000089000000, 0x0000000089000000| Complete 
| 145|0x0000000089100000, 0x0000000089200000, 0x0000000089200000|100%| E|CS|TAMS 0x0000000089100000, 0x0000000089100000| Complete 
| 146|0x0000000089200000, 0x0000000089300000, 0x0000000089300000|100%| E|CS|TAMS 0x0000000089200000, 0x0000000089200000| Complete 
| 147|0x0000000089300000, 0x0000000089400000, 0x0000000089400000|100%| E|CS|TAMS 0x0000000089300000, 0x0000000089300000| Complete 
| 148|0x0000000089400000, 0x0000000089500000, 0x0000000089500000|100%| E|CS|TAMS 0x0000000089400000, 0x0000000089400000| Complete 
| 149|0x0000000089500000, 0x0000000089600000, 0x0000000089600000|100%| E|CS|TAMS 0x0000000089500000, 0x0000000089500000| Complete 
| 150|0x0000000089600000, 0x0000000089700000, 0x0000000089700000|100%| E|CS|TAMS 0x0000000089600000, 0x0000000089600000| Complete 
| 151|0x0000000089700000, 0x0000000089800000, 0x0000000089800000|100%| E|CS|TAMS 0x0000000089700000, 0x0000000089700000| Complete 
| 152|0x0000000089800000, 0x0000000089900000, 0x0000000089900000|100%| E|CS|TAMS 0x0000000089800000, 0x0000000089800000| Complete 
| 153|0x0000000089900000, 0x0000000089a00000, 0x0000000089a00000|100%| E|CS|TAMS 0x0000000089900000, 0x0000000089900000| Complete 

Card table byte_map: [0x0000022f439f0000,0x0000022f43df0000] _byte_map_base: 0x0000022f435f0000

Marking Bits (Prev, Next): (CMBitMap*) 0x0000022f2ea5e598, (CMBitMap*) 0x0000022f2ea5e5d0
 Prev Bits: [0x0000022f441f0000, 0x0000022f461f0000)
 Next Bits: [0x0000022f461f0000, 0x0000022f481f0000)

Polling page: 0x0000022f2eb00000

Metaspace:

Usage:
  Non-class:     48.98 MB capacity,    48.08 MB ( 98%) used,   793.37 KB (  2%) free+waste,   128.94 KB ( <1%) overhead. 
      Class:      7.50 MB capacity,     7.03 MB ( 94%) used,   416.70 KB (  5%) free+waste,    61.75 KB ( <1%) overhead. 
       Both:     56.48 MB capacity,    55.11 MB ( 98%) used,     1.18 MB (  2%) free+waste,   190.69 KB ( <1%) overhead. 

Virtual space:
  Non-class space:       50.00 MB reserved,      49.20 MB ( 98%) committed 
      Class space:        1.00 GB reserved,       7.50 MB ( <1%) committed 
             Both:        1.05 GB reserved,      56.70 MB (  5%) committed 

Chunk freelists:
   Non-Class:  32.00 KB
       Class:  5.00 KB
        Both:  37.00 KB

MaxMetaspaceSize: 17179869184.00 GB
CompressedClassSpaceSize: 1.00 GB

CodeHeap 'non-profiled nmethods': size=120000Kb used=2745Kb max_used=2745Kb free=117254Kb
 bounds [0x0000022f3b660000, 0x0000022f3b910000, 0x0000022f42b90000]
CodeHeap 'profiled nmethods': size=120000Kb used=9952Kb max_used=9952Kb free=110047Kb
 bounds [0x0000022f34130000, 0x0000022f34af0000, 0x0000022f3b660000]
CodeHeap 'non-nmethods': size=5760Kb used=2222Kb max_used=2253Kb free=3537Kb
 bounds [0x0000022f33b90000, 0x0000022f33e00000, 0x0000022f34130000]
 total_blobs=5587 nmethods=4788 adapters=710
 compilation: enabled
              stopped_count=0, restarted_count=0
 full_count=0

Compilation events (20 events):
Event: 5.729 Thread 0x0000022f4acfb800 5021       3       java.security.SecureClassLoader$CodeSourceKey::hashCode (21 bytes)
Event: 5.730 Thread 0x0000022f4acfb800 nmethod 5021 0x0000022f34ad9310 code [0x0000022f34ad94e0, 0x0000022f34ad96a8]
Event: 5.732 Thread 0x0000022f4acfb800 5022       3       java.util.LinkedHashMap::get (33 bytes)
Event: 5.732 Thread 0x0000022f4acfb800 nmethod 5022 0x0000022f34ad9790 code [0x0000022f34ad9980, 0x0000022f34ad9da8]
Event: 5.733 Thread 0x0000022f4acfb800 5024       3       jdk.internal.reflect.ConstantPool::getIntAt (10 bytes)
Event: 5.733 Thread 0x0000022f4acfb800 nmethod 5024 0x0000022f34ad9f10 code [0x0000022f34ada0c0, 0x0000022f34ada1e8]
Event: 5.734 Thread 0x0000022f4acfb800 5026       3       sun.reflect.annotation.AnnotationParser::parseMemberValue (162 bytes)
Event: 5.736 Thread 0x0000022f4acfb800 nmethod 5026 0x0000022f34ada290 code [0x0000022f34ada5e0, 0x0000022f34adb858]
Event: 5.737 Thread 0x0000022f4acfb800 5027       3       org.gradle.internal.instantiation.generator.AbstractClassGenerator::inspectType (560 bytes)
Event: 5.741 Thread 0x0000022f4acfb800 nmethod 5027 0x0000022f34adbe90 code [0x0000022f34adc6a0, 0x0000022f34ae1948]
Event: 5.741 Thread 0x0000022f4acfb800 5028       3       com.google.common.collect.AbstractMapBasedMultimap$WrappedCollection::iterator (13 bytes)
Event: 5.741 Thread 0x0000022f4acfb800 nmethod 5028 0x0000022f34ae3290 code [0x0000022f34ae34c0, 0x0000022f34ae3d28]
Event: 5.741 Thread 0x0000022f4acfb800 5029       3       com.google.common.collect.AbstractMapBasedMultimap$WrappedCollection$WrappedIterator::<init> (32 bytes)
Event: 5.742 Thread 0x0000022f4acfb800 nmethod 5029 0x0000022f34ae3f10 code [0x0000022f34ae4120, 0x0000022f34ae4838]
Event: 5.742 Thread 0x0000022f4acfb800 5030       3       com.google.common.collect.AbstractMapBasedMultimap::access$100 (5 bytes)
Event: 5.742 Thread 0x0000022f4acfb800 nmethod 5030 0x0000022f34ae4a10 code [0x0000022f34ae4c00, 0x0000022f34ae5118]
Event: 5.742 Thread 0x0000022f4acfb800 5031       3       com.google.common.collect.AbstractMapBasedMultimap::iteratorOrListIterator (26 bytes)
Event: 5.742 Thread 0x0000022f4acfb800 nmethod 5031 0x0000022f34ae5290 code [0x0000022f34ae5480, 0x0000022f34ae5938]
Event: 5.768 Thread 0x0000022f4acfb800 5033       3       org.objectweb.asm.Frame::getInitializedType (153 bytes)
Event: 5.769 Thread 0x0000022f4acfb800 nmethod 5033 0x0000022f34ae5a90 code [0x0000022f34ae5ca0, 0x0000022f34ae61d8]

GC Heap History (16 events):
Event: 0.559 GC heap before
{Heap before GC invocations=0 (full 0):
 garbage-first heap   total 131072K, used 29696K [0x0000000080000000, 0x0000000100000000)
  region size 1024K, 24 young (24576K), 0 survivors (0K)
 Metaspace       used 10665K, capacity 10936K, committed 11264K, reserved 1058816K
  class space    used 1130K, capacity 1200K, committed 1280K, reserved 1048576K
}
Event: 0.563 GC heap after
{Heap after GC invocations=1 (full 0):
 garbage-first heap   total 131072K, used 8972K [0x0000000080000000, 0x0000000100000000)
  region size 1024K, 3 young (3072K), 3 survivors (3072K)
 Metaspace       used 10665K, capacity 10936K, committed 11264K, reserved 1058816K
  class space    used 1130K, capacity 1200K, committed 1280K, reserved 1048576K
}
Event: 1.676 GC heap before
{Heap before GC invocations=1 (full 0):
 garbage-first heap   total 131072K, used 82700K [0x0000000080000000, 0x0000000100000000)
  region size 1024K, 76 young (77824K), 3 survivors (3072K)
 Metaspace       used 19029K, capacity 19524K, committed 19712K, reserved 1067008K
  class space    used 2315K, capacity 2459K, committed 2560K, reserved 1048576K
}
Event: 1.681 GC heap after
{Heap after GC invocations=2 (full 0):
 garbage-first heap   total 131072K, used 15672K [0x0000000080000000, 0x0000000100000000)
  region size 1024K, 10 young (10240K), 10 survivors (10240K)
 Metaspace       used 19029K, capacity 19524K, committed 19712K, reserved 1067008K
  class space    used 2315K, capacity 2459K, committed 2560K, reserved 1048576K
}
Event: 1.805 GC heap before
{Heap before GC invocations=2 (full 0):
 garbage-first heap   total 131072K, used 25912K [0x0000000080000000, 0x0000000100000000)
  region size 1024K, 21 young (21504K), 10 survivors (10240K)
 Metaspace       used 20544K, capacity 21099K, committed 21248K, reserved 1067008K
  class space    used 2525K, capacity 2712K, committed 2816K, reserved 1048576K
}
Event: 1.810 GC heap after
{Heap after GC invocations=3 (full 0):
 garbage-first heap   total 131072K, used 16099K [0x0000000080000000, 0x0000000100000000)
  region size 1024K, 1 young (1024K), 1 survivors (1024K)
 Metaspace       used 20544K, capacity 21099K, committed 21248K, reserved 1067008K
  class space    used 2525K, capacity 2712K, committed 2816K, reserved 1048576K
}
Event: 2.387 GC heap before
{Heap before GC invocations=4 (full 0):
 garbage-first heap   total 131072K, used 70371K [0x0000000080000000, 0x0000000100000000)
  region size 1024K, 54 young (55296K), 1 survivors (1024K)
 Metaspace       used 26495K, capacity 27144K, committed 27264K, reserved 1073152K
  class space    used 3482K, capacity 3710K, committed 3712K, reserved 1048576K
}
Event: 2.390 GC heap after
{Heap after GC invocations=5 (full 0):
 garbage-first heap   total 131072K, used 18028K [0x0000000080000000, 0x0000000100000000)
  region size 1024K, 3 young (3072K), 3 survivors (3072K)
 Metaspace       used 26495K, capacity 27144K, committed 27264K, reserved 1073152K
  class space    used 3482K, capacity 3710K, committed 3712K, reserved 1048576K
}
Event: 2.952 GC heap before
{Heap before GC invocations=5 (full 0):
 garbage-first heap   total 131072K, used 64108K [0x0000000080000000, 0x0000000100000000)
  region size 1024K, 49 young (50176K), 3 survivors (3072K)
 Metaspace       used 35044K, capacity 35813K, committed 35840K, reserved 1081344K
  class space    used 4564K, capacity 4856K, committed 4864K, reserved 1048576K
}
Event: 2.958 GC heap after
{Heap after GC invocations=6 (full 0):
 garbage-first heap   total 131072K, used 21149K [0x0000000080000000, 0x0000000100000000)
  region size 1024K, 6 young (6144K), 6 survivors (6144K)
 Metaspace       used 35044K, capacity 35813K, committed 35840K, reserved 1081344K
  class space    used 4564K, capacity 4856K, committed 4864K, reserved 1048576K
}
Event: 3.592 GC heap before
{Heap before GC invocations=7 (full 0):
 garbage-first heap   total 131072K, used 86685K [0x0000000080000000, 0x0000000100000000)
  region size 1024K, 67 young (68608K), 6 survivors (6144K)
 Metaspace       used 41046K, capacity 42009K, committed 42188K, reserved 1085440K
  class space    used 5256K, capacity 5571K, committed 5632K, reserved 1048576K
}
Event: 3.600 GC heap after
{Heap after GC invocations=8 (full 0):
 garbage-first heap   total 131072K, used 24706K [0x0000000080000000, 0x0000000100000000)
  region size 1024K, 7 young (7168K), 7 survivors (7168K)
 Metaspace       used 41046K, capacity 42009K, committed 42188K, reserved 1085440K
  class space    used 5256K, capacity 5571K, committed 5632K, reserved 1048576K
}
Event: 4.298 GC heap before
{Heap before GC invocations=8 (full 0):
 garbage-first heap   total 131072K, used 87170K [0x0000000080000000, 0x0000000100000000)
  region size 1024K, 69 young (70656K), 7 survivors (7168K)
 Metaspace       used 44266K, capacity 45239K, committed 45516K, reserved 1089536K
  class space    used 5683K, capacity 6030K, committed 6144K, reserved 1048576K
}
Event: 4.306 GC heap after
{Heap after GC invocations=9 (full 0):
 garbage-first heap   total 157696K, used 28347K [0x0000000080000000, 0x0000000100000000)
  region size 1024K, 8 young (8192K), 8 survivors (8192K)
 Metaspace       used 44266K, capacity 45239K, committed 45516K, reserved 1089536K
  class space    used 5683K, capacity 6030K, committed 6144K, reserved 1048576K
}
Event: 5.443 GC heap before
{Heap before GC invocations=9 (full 0):
 garbage-first heap   total 157696K, used 107195K [0x0000000080000000, 0x0000000100000000)
  region size 1024K, 83 young (84992K), 8 survivors (8192K)
 Metaspace       used 53524K, capacity 54889K, committed 55116K, reserved 1097728K
  class space    used 6837K, capacity 7271K, committed 7296K, reserved 1048576K
}
Event: 5.452 GC heap after
{Heap after GC invocations=10 (full 0):
 garbage-first heap   total 157696K, used 38259K [0x0000000080000000, 0x0000000100000000)
  region size 1024K, 11 young (11264K), 11 survivors (11264K)
 Metaspace       used 53524K, capacity 54889K, committed 55116K, reserved 1097728K
  class space    used 6837K, capacity 7271K, committed 7296K, reserved 1048576K
}

Deoptimization events (20 events):
Event: 5.556 Thread 0x0000022f4cb16000 Uncommon trap: trap_request=0xffffff4d fr.pc=0x0000022f3b80fb50 relative=0x0000000000003ad0
Event: 5.556 Thread 0x0000022f4cb16000 Uncommon trap: reason=unstable_if action=reinterpret pc=0x0000022f3b80fb50 method=java.lang.ClassLoader.defineClassSourceLocation(Ljava/security/ProtectionDomain;)Ljava/lang/String; @ 15 c2
Event: 5.556 Thread 0x0000022f4cb16000 DEOPT PACKING pc=0x0000022f3b80fb50 sp=0x0000006179df2a40
Event: 5.556 Thread 0x0000022f4cb16000 DEOPT UNPACKING pc=0x0000022f33bb74af sp=0x0000006179df29b8 mode 2
Event: 5.629 Thread 0x0000022f4cb16000 Uncommon trap: trap_request=0xffffff4d fr.pc=0x0000022f3b707f6c relative=0x000000000000064c
Event: 5.629 Thread 0x0000022f4cb16000 Uncommon trap: reason=unstable_if action=reinterpret pc=0x0000022f3b707f6c method=java.util.jar.JarFile.maybeInstantiateVerifier()V @ 61 c2
Event: 5.629 Thread 0x0000022f4cb16000 DEOPT PACKING pc=0x0000022f3b707f6c sp=0x0000006179df4a20
Event: 5.629 Thread 0x0000022f4cb16000 DEOPT UNPACKING pc=0x0000022f33bb74af sp=0x0000006179df4890 mode 2
Event: 5.639 Thread 0x0000022f4cb16000 Uncommon trap: trap_request=0xffffff4d fr.pc=0x0000022f3b85f134 relative=0x00000000000002d4
Event: 5.639 Thread 0x0000022f4cb16000 Uncommon trap: reason=unstable_if action=reinterpret pc=0x0000022f3b85f134 method=java.lang.ThreadLocal.get()Ljava/lang/Object; @ 11 c2
Event: 5.639 Thread 0x0000022f4cb16000 DEOPT PACKING pc=0x0000022f3b85f134 sp=0x0000006179df4570
Event: 5.639 Thread 0x0000022f4cb16000 DEOPT UNPACKING pc=0x0000022f33bb74af sp=0x0000006179df4530 mode 2
Event: 5.678 Thread 0x0000022f4cb16000 Uncommon trap: trap_request=0xffffff4d fr.pc=0x0000022f3b6b18e8 relative=0x0000000000000388
Event: 5.678 Thread 0x0000022f4cb16000 Uncommon trap: reason=unstable_if action=reinterpret pc=0x0000022f3b6b18e8 method=java.util.jar.JarFile.maybeInstantiateVerifier()V @ 61 c2
Event: 5.678 Thread 0x0000022f4cb16000 DEOPT PACKING pc=0x0000022f3b6b18e8 sp=0x0000006179df4390
Event: 5.678 Thread 0x0000022f4cb16000 DEOPT UNPACKING pc=0x0000022f33bb74af sp=0x0000006179df4318 mode 2
Event: 5.704 Thread 0x0000022f4cb16000 Uncommon trap: trap_request=0xffffff4d fr.pc=0x0000022f3b852b2c relative=0x000000000000026c
Event: 5.704 Thread 0x0000022f4cb16000 Uncommon trap: reason=unstable_if action=reinterpret pc=0x0000022f3b852b2c method=java.util.LinkedHashMap.get(Ljava/lang/Object;)Ljava/lang/Object; @ 20 c2
Event: 5.704 Thread 0x0000022f4cb16000 DEOPT PACKING pc=0x0000022f3b852b2c sp=0x0000006179df3cc0
Event: 5.704 Thread 0x0000022f4cb16000 DEOPT UNPACKING pc=0x0000022f33bb74af sp=0x0000006179df3c78 mode 2

Classes redefined (0 events):
No events

Internal exceptions (20 events):
Event: 4.488 Thread 0x0000022f4d77b800 Exception <a 'java/lang/NoSuchMethodError'{0x0000000088cb3588}: <clinit>> (0x0000000088cb3588) thrown at [./src/hotspot/share/prims/jni.cpp, line 1362]
Event: 4.490 Thread 0x0000022f4d77b800 Exception <a 'java/lang/NoSuchMethodError'{0x0000000088b0a788}: <clinit>> (0x0000000088b0a788) thrown at [./src/hotspot/share/prims/jni.cpp, line 1362]
Event: 4.495 Thread 0x0000022f4cb16000 Exception <a 'java/lang/ClassNotFoundException'{0x0000000088b3c088}: build_bh8h84h1nhdc77flpyggm86o3BeanInfo> (0x0000000088b3c088) thrown at [./src/hotspot/share/classfile/systemDictionary.cpp, line 231]
Event: 4.495 Thread 0x0000022f4cb16000 Exception <a 'java/lang/ClassNotFoundException'{0x0000000088b44e90}: build_bh8h84h1nhdc77flpyggm86o3Customizer> (0x0000000088b44e90) thrown at [./src/hotspot/share/classfile/systemDictionary.cpp, line 231]
Event: 4.504 Thread 0x0000022f4cb16000 Exception <a 'java/lang/ClassNotFoundException'{0x0000000088bb3ff8}: org/gradle/plugin/use/internal/PluginRequestCollector$PluginDependenciesSpecImplBeanInfo> (0x0000000088bb3ff8) thrown at [./src/hotspot/share/classfile/systemDictionary.cpp, line 231]
Event: 4.505 Thread 0x0000022f4cb16000 Exception <a 'java/lang/ClassNotFoundException'{0x0000000088bd9d68}: org/gradle/plugin/use/internal/PluginRequestCollector$PluginDependenciesSpecImplCustomizer> (0x0000000088bd9d68) thrown at [./src/hotspot/share/classfile/systemDictionary.cpp, line 231]
Event: 4.512 Thread 0x0000022f4cb16000 Exception <a 'java/lang/NoSuchMethodError'{0x0000000088a4bc88}: 'void java.lang.invoke.DirectMethodHandle$Holder.invokeInterface(java.lang.Object, java.lang.Object)'> (0x0000000088a4bc88) thrown at [./src/hotspot/share/interpreter/linkResolver.cpp, line 773]
Event: 4.538 Thread 0x0000022f4cb16000 Exception <a 'java/lang/ClassNotFoundException'{0x00000000888099e0}: org/gradle/api/internal/plugins/DefaultObjectConfigurationActionBeanInfo> (0x00000000888099e0) thrown at [./src/hotspot/share/classfile/systemDictionary.cpp, line 231]
Event: 4.540 Thread 0x0000022f4cb16000 Exception <a 'java/lang/ClassNotFoundException'{0x0000000088835800}: org/gradle/api/internal/plugins/DefaultObjectConfigurationActionCustomizer> (0x0000000088835800) thrown at [./src/hotspot/share/classfile/systemDictionary.cpp, line 231]
Event: 4.674 Thread 0x0000022f4cb16000 Exception <a 'java/lang/NoSuchMethodError'{0x00000000880f9c08}: 'java.lang.Object java.lang.invoke.DirectMethodHandle$Holder.invokeStatic(java.lang.Object, java.lang.Object, java.lang.Object, java.lang.Object, int)'> (0x00000000880f9c08) thrown at [./src/hotspot/share/interpreter/linkResolver.cpp, line 773]
Event: 4.674 Thread 0x0000022f4cb16000 Exception <a 'java/lang/NoSuchMethodError'{0x00000000880fe600}: 'java.lang.Object java.lang.invoke.DirectMethodHandle$Holder.invokeSpecial(java.lang.Object, java.lang.Object, java.lang.Object, java.lang.Object, java.lang.Object, int)'> (0x00000000880fe600) thrown at [./src/hotspot/share/interpreter/linkResolver.cpp, line 773]
Event: 4.675 Thread 0x0000022f4cb16000 Exception <a 'java/lang/NoSuchMethodError'{0x0000000087f030e8}: 'java.lang.Object java.lang.invoke.Invokers$Holder.linkToTargetMethod(java.lang.Object, java.lang.Object, java.lang.Object, int, java.lang.Object)'> (0x0000000087f030e8) thrown at [./src/hotspot/share/interpreter/linkResolver.cpp, line 773]
Event: 4.957 Thread 0x0000022f4cb16000 Exception <a 'java/lang/NoSuchMethodError'{0x0000000086c8a708}: 'java.lang.Object java.lang.invoke.DirectMethodHandle$Holder.invokeSpecial(java.lang.Object, java.lang.Object, int, int, java.lang.Object, java.lang.Object, java.lang.Object)'> (0x0000000086c8a708) thrown at [./src/hotspot/share/interpreter/linkResolver.cpp, line 773]
Event: 4.957 Thread 0x0000022f4cb16000 Exception <a 'java/lang/NoSuchMethodError'{0x0000000086c8ec88}: 'java.lang.Object java.lang.invoke.DelegatingMethodHandle$Holder.reinvoke_L(java.lang.Object, int, int, java.lang.Object, java.lang.Object, java.lang.Object)'> (0x0000000086c8ec88) thrown at [./src/hotspot/share/interpreter/linkResolver.cpp, line 773]
Event: 5.154 Thread 0x0000022f4cb16000 Exception <a 'java/lang/NoSuchMethodError'{0x0000000085f0a298}: 'int java.lang.invoke.DirectMethodHandle$Holder.invokeInterface(java.lang.Object, java.lang.Object, java.lang.Object, java.lang.Object)'> (0x0000000085f0a298) thrown at [./src/hotspot/share/interpreter/linkResolver.cpp, line 773]
Event: 5.346 Thread 0x0000022f4cb16000 Exception <a 'java/lang/NoSuchMethodError'{0x00000000856fe238}: 'void java.lang.invoke.DirectMethodHandle$Holder.invokeInterface(java.lang.Object, java.lang.Object, java.lang.Object, java.lang.Object)'> (0x00000000856fe238) thrown at [./src/hotspot/share/interpreter/linkResolver.cpp, line 773]
Event: 5.479 Thread 0x0000022f4cb16000 Exception <a 'java/lang/IncompatibleClassChangeError'{0x000000008998fe58}: Found class java.lang.Object, but interface was expected> (0x000000008998fe58) thrown at [./src/hotspot/share/interpreter/linkResolver.cpp, line 839]
Event: 5.517 Thread 0x0000022f4cb16000 Exception <a 'java/lang/NoSuchMethodError'{0x000000008982bff0}: 'void java.lang.invoke.DirectMethodHandle$Holder.invokeStatic(java.lang.Object, java.lang.Object, java.lang.Object, java.lang.Object, java.lang.Object)'> (0x000000008982bff0) thrown at [./src/hotspot/share/interpreter/linkResolver.cpp, line 773]
Event: 5.556 Thread 0x0000022f4cb16000 Implicit null exception at 0x0000022f3b89c754 to 0x0000022f3b89c938
Event: 5.639 Thread 0x0000022f4cb16000 Implicit null exception at 0x0000022f3b85eead to 0x0000022f3b85f124

Events (20 events):
Event: 5.758 loading class com/google/common/base/CaseFormat$StringConverter
Event: 5.758 loading class com/google/common/base/CaseFormat$StringConverter done
Event: 5.759 loading class com/google/common/base/Enums
Event: 5.759 loading class com/google/common/base/Enums done
Event: 5.760 loading class com/google/common/base/Enums$StringConverter
Event: 5.760 loading class com/google/common/base/Enums$StringConverter done
Event: 5.761 loading class com/android/build/gradle/internal/dsl/ExternalNativeCmakeOptions
Event: 5.761 loading class com/android/build/gradle/internal/dsl/ExternalNativeCmakeOptions done
Event: 5.762 loading class com/android/build/gradle/internal/dsl/CoreExternalNativeCmakeOptions
Event: 5.762 loading class com/android/build/gradle/internal/dsl/CoreExternalNativeCmakeOptions done
Event: 5.762 loading class com/android/build/api/dsl/ExternalNativeCmakeOptions
Event: 5.762 loading class com/android/build/api/dsl/ExternalNativeCmakeOptions done
Event: 5.762 loading class com/android/build/api/dsl/ExternalNativeNdkBuildOptions
Event: 5.762 loading class com/android/build/api/dsl/ExternalNativeNdkBuildOptions done
Event: 5.763 loading class com/android/build/gradle/internal/dsl/ExternalNativeNdkBuildOptions
Event: 5.763 loading class com/android/build/gradle/internal/dsl/ExternalNativeNdkBuildOptions done
Event: 5.763 loading class com/android/build/gradle/internal/dsl/CoreExternalNativeNdkBuildOptions
Event: 5.763 loading class com/android/build/gradle/internal/dsl/CoreExternalNativeNdkBuildOptions done
Event: 5.765 loading class com/google/common/annotations/VisibleForTesting
Event: 5.765 loading class com/google/common/annotations/VisibleForTesting done


Dynamic libraries:
0x00007ff68e140000 - 0x00007ff68e14a000 	D:\Android\Android Studio\jre\bin\java.exe
0x00007ffe06470000 - 0x00007ffe06665000 	C:\WINDOWS\SYSTEM32\ntdll.dll
0x00007ffe04b80000 - 0x00007ffe04c3d000 	C:\WINDOWS\System32\KERNEL32.DLL
0x00007ffe03fa0000 - 0x00007ffe0426d000 	C:\WINDOWS\System32\KERNELBASE.dll
0x00007ffe03df0000 - 0x00007ffe03ef0000 	C:\WINDOWS\System32\ucrtbase.dll
0x00007ffde7a50000 - 0x00007ffde7a67000 	D:\Android\Android Studio\jre\bin\VCRUNTIME140.dll
0x00007ffdf18b0000 - 0x00007ffdf18c9000 	D:\Android\Android Studio\jre\bin\jli.dll
0x00007ffe04520000 - 0x00007ffe046c0000 	C:\WINDOWS\System32\USER32.dll
0x00007ffdf5240000 - 0x00007ffdf54da000 	C:\WINDOWS\WinSxS\amd64_microsoft.windows.common-controls_6595b64144ccf1df_6.0.19041.1110_none_60b5254171f9507e\COMCTL32.dll
0x00007ffe042f0000 - 0x00007ffe04312000 	C:\WINDOWS\System32\win32u.dll
0x00007ffe046c0000 - 0x00007ffe0475e000 	C:\WINDOWS\System32\msvcrt.dll
0x00007ffe04b50000 - 0x00007ffe04b7a000 	C:\WINDOWS\System32\GDI32.dll
0x00007ffe03ce0000 - 0x00007ffe03deb000 	C:\WINDOWS\System32\gdi32full.dll
0x00007ffe04390000 - 0x00007ffe0442d000 	C:\WINDOWS\System32\msvcp_win.dll
0x00007ffe04880000 - 0x00007ffe048b0000 	C:\WINDOWS\System32\IMM32.DLL
0x00007ffdca210000 - 0x00007ffdca2ad000 	D:\Android\Android Studio\jre\bin\msvcp140.dll
0x00007ffdbdf40000 - 0x00007ffdbe9fc000 	D:\Android\Android Studio\jre\bin\server\jvm.dll
0x00007ffe05050000 - 0x00007ffe050fe000 	C:\WINDOWS\System32\ADVAPI32.dll
0x00007ffe04930000 - 0x00007ffe049cc000 	C:\WINDOWS\System32\sechost.dll
0x00007ffe055a0000 - 0x00007ffe056c5000 	C:\WINDOWS\System32\RPCRT4.dll
0x00007ffe05910000 - 0x00007ffe05918000 	C:\WINDOWS\System32\PSAPI.DLL
0x00007ffdfcb30000 - 0x00007ffdfcb3a000 	C:\WINDOWS\SYSTEM32\VERSION.dll
0x00007ffdfe610000 - 0x00007ffdfe619000 	C:\WINDOWS\SYSTEM32\WSOCK32.dll
0x00007ffe04ca0000 - 0x00007ffe04d0b000 	C:\WINDOWS\System32\WS2_32.dll
0x00007ffdf56d0000 - 0x00007ffdf56f7000 	C:\WINDOWS\SYSTEM32\WINMM.dll
0x00007ffe02460000 - 0x00007ffe02472000 	C:\WINDOWS\SYSTEM32\kernel.appcore.dll
0x00007ffdfe5f0000 - 0x00007ffdfe601000 	D:\Android\Android Studio\jre\bin\verify.dll
0x00007ffde7ba0000 - 0x00007ffde7d84000 	C:\WINDOWS\SYSTEM32\DBGHELP.DLL
0x00007ffde7950000 - 0x00007ffde797c000 	C:\WINDOWS\SYSTEM32\dbgcore.DLL
0x00007ffe04430000 - 0x00007ffe044b2000 	C:\WINDOWS\System32\bcryptPrimitives.dll
0x00007ffdfe5c0000 - 0x00007ffdfe5e9000 	D:\Android\Android Studio\jre\bin\java.dll
0x00007ffdfe5b0000 - 0x00007ffdfe5bb000 	D:\Android\Android Studio\jre\bin\jimage.dll
0x00007ffdfe3d0000 - 0x00007ffdfe3e8000 	D:\Android\Android Studio\jre\bin\zip.dll
0x00007ffe05920000 - 0x00007ffe06064000 	C:\WINDOWS\System32\SHELL32.dll
0x00007ffe01c60000 - 0x00007ffe023f4000 	C:\WINDOWS\SYSTEM32\windows.storage.dll
0x00007ffe060d0000 - 0x00007ffe06424000 	C:\WINDOWS\System32\combase.dll
0x00007ffe035e0000 - 0x00007ffe0360c000 	C:\WINDOWS\SYSTEM32\Wldp.dll
0x00007ffe049d0000 - 0x00007ffe04a7d000 	C:\WINDOWS\System32\SHCORE.dll
0x00007ffe04ff0000 - 0x00007ffe05045000 	C:\WINDOWS\System32\shlwapi.dll
0x00007ffe03ac0000 - 0x00007ffe03adf000 	C:\WINDOWS\SYSTEM32\profapi.dll
0x00007ffdfe3b0000 - 0x00007ffdfe3ca000 	D:\Android\Android Studio\jre\bin\net.dll
0x00007ffdf3a30000 - 0x00007ffdf3b3a000 	C:\WINDOWS\SYSTEM32\WINHTTP.dll
0x00007ffe03340000 - 0x00007ffe033aa000 	C:\WINDOWS\system32\mswsock.dll
0x00007ffdfe390000 - 0x00007ffdfe3a4000 	D:\Android\Android Studio\jre\bin\nio.dll
0x00007ffdfc910000 - 0x00007ffdfc937000 	C:\Users\julia\.gradle\native\fdc75f09e3144964f2cf3f50f0aa648679c211496f362492102eb8c894070792\windows-amd64\native-platform.dll
0x00007ffdd02b0000 - 0x00007ffdd0446000 	C:\Users\julia\.gradle\native\12488b8bf47d2d4c9fbf2f6322a914ad602e24e48041cd04a747c6da556b65c4\windows-amd64\native-platform-file-events.dll
0x00007ffdfe380000 - 0x00007ffdfe38a000 	D:\Android\Android Studio\jre\bin\management.dll
0x00007ffdfe370000 - 0x00007ffdfe37c000 	D:\Android\Android Studio\jre\bin\management_ext.dll
0x00007ffe03540000 - 0x00007ffe03558000 	C:\WINDOWS\SYSTEM32\CRYPTSP.dll
0x00007ffe02c50000 - 0x00007ffe02c84000 	C:\WINDOWS\system32\rsaenh.dll
0x00007ffe04270000 - 0x00007ffe04297000 	C:\WINDOWS\System32\bcrypt.dll
0x00007ffe03a80000 - 0x00007ffe03aae000 	C:\WINDOWS\SYSTEM32\USERENV.dll
0x00007ffe03530000 - 0x00007ffe0353c000 	C:\WINDOWS\SYSTEM32\CRYPTBASE.dll
0x00007ffe02fe0000 - 0x00007ffe0301b000 	C:\WINDOWS\SYSTEM32\IPHLPAPI.DLL
0x00007ffe056d0000 - 0x00007ffe056d8000 	C:\WINDOWS\System32\NSI.dll
0x00007ffdfb1a0000 - 0x00007ffdfb1b7000 	C:\WINDOWS\SYSTEM32\dhcpcsvc6.DLL
0x00007ffdfb280000 - 0x00007ffdfb29d000 	C:\WINDOWS\SYSTEM32\dhcpcsvc.DLL
0x00007ffe03030000 - 0x00007ffe030fb000 	C:\WINDOWS\SYSTEM32\DNSAPI.dll
0x00007ffdfba20000 - 0x00007ffdfba2b000 	C:\WINDOWS\SYSTEM32\WINNSI.DLL

dbghelp: loaded successfully - version: 4.0.5 - missing functions: none
symbol engine: initialized successfully - sym options: 0x614 - pdb path: .;D:\Android\Android Studio\jre\bin;C:\WINDOWS\SYSTEM32;C:\WINDOWS\WinSxS\amd64_microsoft.windows.common-controls_6595b64144ccf1df_6.0.19041.1110_none_60b5254171f9507e;D:\Android\Android Studio\jre\bin\server;C:\Users\julia\.gradle\native\fdc75f09e3144964f2cf3f50f0aa648679c211496f362492102eb8c894070792\windows-amd64;C:\Users\julia\.gradle\native\12488b8bf47d2d4c9fbf2f6322a914ad602e24e48041cd04a747c6da556b65c4\windows-amd64

VM Arguments:
jvm_args: --add-opens=java.base/java.util=ALL-UNNAMED --add-opens=java.base/java.lang=ALL-UNNAMED --add-opens=java.base/java.lang.invoke=ALL-UNNAMED --add-opens=java.prefs/java.util.prefs=ALL-UNNAMED -Xmx2048m -Dfile.encoding=UTF-8 -Duser.country=UA -Duser.language=uk -Duser.variant 
java_command: org.gradle.launcher.daemon.bootstrap.GradleDaemon 6.7.1
java_class_path (initial): C:\Users\julia\.gradle\wrapper\dists\gradle-6.7.1-bin\bwlcbys1h7rz3272sye1xwiv6\gradle-6.7.1\lib\gradle-launcher-6.7.1.jar
Launcher Type: SUN_STANDARD

[Global flags]
     intx CICompilerCount                          = 4                                         {product} {ergonomic}
     uint ConcGCThreads                            = 2                                         {product} {ergonomic}
     uint G1ConcRefinementThreads                  = 8                                         {product} {ergonomic}
   size_t G1HeapRegionSize                         = 1048576                                   {product} {ergonomic}
    uintx GCDrainStackTargetSize                   = 64                                        {product} {ergonomic}
   size_t InitialHeapSize                          = 134217728                                 {product} {ergonomic}
   size_t MarkStackSize                            = 4194304                                   {product} {ergonomic}
   size_t MaxHeapSize                              = 2147483648                                {product} {command line}
   size_t MaxNewSize                               = 1287651328                                {product} {ergonomic}
   size_t MinHeapDeltaBytes                        = 1048576                                   {product} {ergonomic}
    uintx NonNMethodCodeHeapSize                   = 5836300                                {pd product} {ergonomic}
    uintx NonProfiledCodeHeapSize                  = 122910970                              {pd product} {ergonomic}
    uintx ProfiledCodeHeapSize                     = 122910970                              {pd product} {ergonomic}
    uintx ReservedCodeCacheSize                    = 251658240                              {pd product} {ergonomic}
     bool SegmentedCodeCache                       = true                                      {product} {ergonomic}
     bool UseCompressedClassPointers               = true                                 {lp64_product} {ergonomic}
     bool UseCompressedOops                        = true                                 {lp64_product} {ergonomic}
     bool UseG1GC                                  = true                                      {product} {ergonomic}
     bool UseLargePagesIndividualAllocation        = false                                  {pd product} {ergonomic}

Logging:
Log output configuration:
 #0: stdout all=warning uptime,level,tags
 #1: stderr all=off uptime,level,tags

Environment Variables:
JAVA_HOME=C:\Program Files\Java\jdk1.8.0_202
PATH=C:\Program Files (x86)\Common Files\Oracle\Java\javapath;C:\WINDOWS\system32;C:\WINDOWS;C:\WINDOWS\System32\Wbem;C:\WINDOWS\System32\WindowsPowerShell\v1.0\;C:\WINDOWS\System32\OpenSSH\;C:\Program Files\Common Files\Autodesk Shared\;C:\Program Files\Microsoft SQL Server\120\Tools\Binn\;C:\Program Files\Microsoft SQL Server\130\Tools\Binn\;C:\Program Files\dotnet\;C:\Program Files\Microsoft SQL Server\Client SDK\ODBC\130\Tools\Binn\;C:\Program Files (x86)\Microsoft SQL Server\140\Tools\Binn\;C:\Program Files\Microsoft SQL Server\140\Tools\Binn\;C:\Program Files\Microsoft SQL Server\140\DTS\Binn\;C:\Program Files (x86)\Microsoft SQL Server\Client SDK\ODBC\130\Tools\Binn\;C:\Program Files (x86)\Microsoft SQL Server\140\DTS\Binn\;C:\Program Files (x86)\Microsoft SQL Server\140\Tools\Binn\ManagementStudio\;C:\Program Files\Microsoft SQL Server\Client SDK\ODBC\170\Tools\Binn\;C:\Program Files (x86)\Microsoft SQL Server\150\Tools\Binn\;C:\Program Files\Microsoft SQL Server\150\Tools\Binn\;C:\Program Files\Microsoft SQL Server\150\DTS\Binn\;C:\Program Files (x86)\Microsoft SQL Server\150\DTS\Binn\;C:\Program Files (x86)\dotnet\;C:\Program Files\Git\cmd;C:\ProgramData\chocolatey\bin;C:\Program Files\Java\jdk1.8.0_202\bin;C:\Program Files\Python27;C:\apache-cassandra-3.11.12-bin\apache-cassandra-3.11.12\bin;C:\Program Files\Java\jdk1.8.0_202\bin;C:\Program Files\MySQL\MySQL Shell 8.0\bin\;C:\Users\julia\AppData\Local\Microsoft\WindowsApps;C:\Users\julia\.dotnet\tools;D:\Android\flutter\bin;C:\Users\julia\AppData\Local\GitHubDesktop\bin;C:\tools\dart-sdk\bin;C:\Users\julia\AppData\Roaming\Pub\Cache\bin;D:\Microsoft VS Code\bin;;D:\IntelliJ IDEA\IntelliJ IDEA Community Edition 2021.3\bin;;D:\WebStorm 2020.1\bin;
USERNAME=julia
OS=Windows_NT
PROCESSOR_IDENTIFIER=Intel64 Family 6 Model 142 Stepping 10, GenuineIntel



---------------  S Y S T E M  ---------------

OS: Windows 10 , 64 bit Build 19041 (10.0.19041.1706)
OS uptime: 1 days 1:15 hours

CPU:total 8 (initial active 8) (4 cores per cpu, 2 threads per core) family 6 model 142 stepping 10, cmov, cx8, fxsr, mmx, sse, sse2, sse3, ssse3, sse4.1, sse4.2, popcnt, avx, avx2, aes, clmul, erms, 3dnowpref, lzcnt, ht, tsc, tscinvbit, bmi1, bmi2, adx, fma

Memory: 4k page, system-wide physical 8076M (1155M free)
TotalPageFile size 16446M (AvailPageFile size 8M)
current process WorkingSet (physical memory assigned to process): 339M, peak: 342M
current process commit charge ("private bytes"): 395M, peak: 398M

vm_info: OpenJDK 64-Bit Server VM (11.0.8+10-b944.6842174) for windows-amd64 JRE (11.0.8+10-b944.6842174), built on Sep 19 2020 01:11:42 by "builder" with MS VC++ 14.0 (VS2015)

END.
