#
# There is insufficient memory for the Java Runtime Environment to continue.
# Native memory allocation (mmap) failed to map 32505856 bytes for Failed to commit area from 0x0000000089a00000 to 0x000000008b900000 of length 32505856.
# Possible reasons:
#   The system is out of physical RAM or swap space
#   The process is running with CompressedOops enabled, and the Java Heap may be blocking the growth of the native heap
# Possible solutions:
#   Reduce memory load on the system
#   Increase physical memory or swap space
#   Check if swap backing store is full
#   Decrease Java heap size (-Xmx/-Xms)
#   Decrease number of Java threads
#   Decrease Java thread stack sizes (-Xss)
#   Set larger code cache with -XX:ReservedCodeCacheSize=
#   JVM is running with Unscaled Compressed Oops mode in which the Java heap is
#     placed in the first 4GB address space. The Java Heap base address is the
#     maximum limit for the native heap growth. Please use -XX:HeapBaseMinAddress
#     to set the Java Heap base and to place the Java Heap above 4GB virtual address.
# This output file may be truncated or incomplete.
#
#  Out of Memory Error (./src/hotspot/os/windows/os_windows.cpp:3303), pid=3648, tid=17632
#
# JRE version: OpenJDK Runtime Environment (11.0.8+10) (build 11.0.8+10-b944.6842174)
# Java VM: OpenJDK 64-Bit Server VM (11.0.8+10-b944.6842174, mixed mode, tiered, compressed oops, g1 gc, windows-amd64)
# No core dump will be written. Minidumps are not enabled by default on client versions of Windows
#

---------------  S U M M A R Y ------------

Command Line: --add-opens=java.base/java.util=ALL-UNNAMED --add-opens=java.base/java.lang=ALL-UNNAMED --add-opens=java.base/java.lang.invoke=ALL-UNNAMED --add-opens=java.prefs/java.util.prefs=ALL-UNNAMED -Xmx2048m -Dfile.encoding=UTF-8 -Duser.country=UA -Duser.language=uk -Duser.variant org.gradle.launcher.daemon.bootstrap.GradleDaemon 6.7.1

Host: Intel(R) Core(TM) i5-8250U CPU @ 1.60GHz, 8 cores, 7G,  Windows 10 , 64 bit Build 19041 (10.0.19041.1706)
Time: Mon May 30 20:04:12 2022 Ô³íëÿíä³ÿ (ë³òî) elapsed time: 8 seconds (0d 0h 0m 8s)

---------------  T H R E A D  ---------------

Current thread (0x0000021670d63800):  VMThread "VM Thread" [stack: 0x000000cea0b00000,0x000000cea0c00000] [id=17632]

Stack: [0x000000cea0b00000,0x000000cea0c00000]
[error occurred during error reporting (printing stack bounds), id 0xc0000005, EXCEPTION_ACCESS_VIOLATION (0xc0000005) at pc=0x000002165a3c0dad]

Native frames: (J=compiled Java code, j=interpreted, Vv=VM code, C=native code)
V  [jvm.dll+0x5de50a]
V  [jvm.dll+0x7122f5]
V  [jvm.dll+0x71384d]
V  [jvm.dll+0x713e65]
V  [jvm.dll+0x713e1b]
V  [jvm.dll+0x5dd958]
V  [jvm.dll+0x5de0f8]
C  [ntdll.dll+0xa209f]
C  [ntdll.dll+0x51454]
C  [ntdll.dll+0xa0bce]
C  0x000002165a3c0dad

VM_Operation (0x000000cea20fafa0): G1CollectForAllocation, mode: safepoint, requested by thread 0x0000021672c86800


---------------  P R O C E S S  ---------------

Threads class SMR info:
_java_thread_list=0x00000216789ab680, length=138, elements={
0x0000021656a3d000, 0x0000021670d67800, 0x0000021670d68800, 0x00000216716e9000,
0x00000216716ea000, 0x00000216716ec000, 0x00000216716ef000, 0x00000216716f3800,
0x0000021671850800, 0x000002167186c800, 0x00000216750db800, 0x0000021671945000,
0x0000021672284000, 0x000002167326d000, 0x0000021673d82000, 0x0000021672b9a000,
0x0000021672c86800, 0x0000021672c12000, 0x00000216729aa800, 0x0000021673f00800,
0x0000021673635800, 0x0000021673621000, 0x0000021673628000, 0x0000021673624800,
0x0000021673626000, 0x0000021673622000, 0x0000021673623800, 0x0000021673623000,
0x0000021675472000, 0x0000021673625800, 0x0000021673627000, 0x000002167706e800,
0x000002167706e000, 0x0000021677069800, 0x0000021677070000, 0x000002167706a800,
0x0000021677071000, 0x000002167706b800, 0x0000021677077800, 0x0000021677076000,
0x0000021677075000, 0x0000021677077000, 0x0000021677074800, 0x0000021677072000,
0x0000021677078800, 0x0000021677072800, 0x0000021677073800, 0x00000216753ce000,
0x00000216753cf000, 0x00000216753d0000, 0x00000216753cc800, 0x00000216753ca000,
0x00000216753cd800, 0x00000216753d0800, 0x00000216753cb000, 0x00000216753cc000,
0x00000216753d3000, 0x00000216753d4000, 0x00000216753d2800, 0x00000216753d5000,
0x00000216753d5800, 0x00000216753d6800, 0x00000216753d7000, 0x00000216753d1800,
0x00000216753d8000, 0x00000216753d9000, 0x0000021676dc1800, 0x0000021676dc0800,
0x0000021676dbe800, 0x0000021676dc3000, 0x0000021676dc0000, 0x0000021676dc2800,
0x0000021676dbf000, 0x0000021676dbd800, 0x0000021676dc9000, 0x0000021676dc4000,
0x0000021676dc8000, 0x0000021676dc9800, 0x0000021676dca800, 0x0000021676dc5000,
0x0000021676dc6800, 0x0000021676dcb800, 0x0000021676dc5800, 0x0000021676dcc000,
0x0000021676dc7000, 0x0000021678382000, 0x0000021678383000, 0x0000021678384000,
0x000002167837e000, 0x0000021678384800, 0x0000021678380800, 0x000002167837f000,
0x0000021678385800, 0x000002167837f800, 0x0000021678386800, 0x0000021678387000,
0x0000021678381800, 0x0000021678388000, 0x0000021678389800, 0x0000021678388800,
0x000002167838a800, 0x000002167838d000, 0x000002167838b000, 0x000002167838c000,
0x000002167589e800, 0x00000216758a3800, 0x00000216758a1000, 0x000002167589f800,
0x00000216758a0800, 0x00000216758a3000, 0x000002167589e000, 0x00000216758a2000,
0x00000216758a5000, 0x00000216758a6000, 0x00000216758aa000, 0x00000216758a7800,
0x00000216758a4800, 0x00000216758ac800, 0x00000216758ab000, 0x00000216758a8800,
0x00000216758a9800, 0x00000216758a7000, 0x00000216758ab800, 0x0000021675761800,
0x0000021675765000, 0x0000021675760000, 0x0000021675762800, 0x0000021675765800,
0x0000021675763000, 0x0000021675760800, 0x0000021675769800, 0x0000021675764000,
0x000002167576a800, 0x000002167576c000, 0x0000021675768000, 0x0000021675766800,
0x0000021675767800, 0x000002167576d000
}

Java Threads: ( => current thread )
  0x0000021656a3d000 JavaThread "main" [_thread_blocked, id=9484, stack(0x000000cea0500000,0x000000cea0600000)]
  0x0000021670d67800 JavaThread "Reference Handler" daemon [_thread_blocked, id=5964, stack(0x000000cea0c00000,0x000000cea0d00000)]
  0x0000021670d68800 JavaThread "Finalizer" daemon [_thread_blocked, id=4036, stack(0x000000cea0d00000,0x000000cea0e00000)]
  0x00000216716e9000 JavaThread "Signal Dispatcher" daemon [_thread_blocked, id=3308, stack(0x000000cea0e00000,0x000000cea0f00000)]
  0x00000216716ea000 JavaThread "Attach Listener" daemon [_thread_blocked, id=14224, stack(0x000000cea0f00000,0x000000cea1000000)]
  0x00000216716ec000 JavaThread "C2 CompilerThread0" daemon [_thread_in_native, id=15336, stack(0x000000cea1000000,0x000000cea1100000)]
  0x00000216716ef000 JavaThread "C1 CompilerThread0" daemon [_thread_blocked, id=14468, stack(0x000000cea1100000,0x000000cea1200000)]
  0x00000216716f3800 JavaThread "Sweeper thread" daemon [_thread_blocked, id=16196, stack(0x000000cea1200000,0x000000cea1300000)]
  0x0000021671850800 JavaThread "Common-Cleaner" daemon [_thread_blocked, id=14432, stack(0x000000cea1300000,0x000000cea1400000)]
  0x000002167186c800 JavaThread "Service Thread" daemon [_thread_blocked, id=17768, stack(0x000000cea1400000,0x000000cea1500000)]
  0x00000216750db800 JavaThread "Daemon health stats" [_thread_blocked, id=11604, stack(0x000000cea1a00000,0x000000cea1b00000)]
  0x0000021671945000 JavaThread "Incoming local TCP Connector on port 55408" [_thread_in_native, id=15424, stack(0x000000cea1600000,0x000000cea1700000)]
  0x0000021672284000 JavaThread "Daemon periodic checks" [_thread_blocked, id=15528, stack(0x000000cea1c00000,0x000000cea1d00000)]
  0x000002167326d000 JavaThread "Daemon" [_thread_blocked, id=16972, stack(0x000000cea1d00000,0x000000cea1e00000)]
  0x0000021673d82000 JavaThread "Handler for socket connection from /127.0.0.1:55408 to /127.0.0.1:55409" [_thread_in_native, id=5476, stack(0x000000cea1e00000,0x000000cea1f00000)]
  0x0000021672b9a000 JavaThread "Cancel handler" [_thread_blocked, id=16444, stack(0x000000cea1f00000,0x000000cea2000000)]
  0x0000021672c86800 JavaThread "Daemon worker" [_thread_blocked, id=6992, stack(0x000000cea2000000,0x000000cea2100000)]
  0x0000021672c12000 JavaThread "C2 CompilerThread1" daemon [_thread_blocked, id=15416, stack(0x000000cea2100000,0x000000cea2200000)]
  0x00000216729aa800 JavaThread "Asynchronous log dispatcher for DefaultDaemonConnection: socket connection from /127.0.0.1:55408 to /127.0.0.1:55409" [_thread_blocked, id=2724, stack(0x000000cea2200000,0x000000cea2300000)]
  0x0000021673f00800 JavaThread "Stdin handler" [_thread_blocked, id=1080, stack(0x000000cea2300000,0x000000cea2400000)]
  0x0000021673635800 JavaThread "Thread-8" [_thread_blocked, id=16032, stack(0x000000cea2400000,0x000000cea2500000)]
  0x0000021673621000 JavaThread "Cache worker for file hash cache (C:\Users\julia\.gradle\caches\6.7.1\fileHashes)" [_thread_blocked, id=7684, stack(0x000000cea2a00000,0x000000cea2b00000)]
  0x0000021673628000 JavaThread "File lock request listener" [_thread_in_native, id=2660, stack(0x000000cea2b00000,0x000000cea2c00000)]
  0x0000021673624800 JavaThread "Cache worker for journal cache (C:\Users\julia\.gradle\caches\journal-1)" [_thread_blocked, id=17508, stack(0x000000cea2d00000,0x000000cea2e00000)]
  0x0000021673626000 JavaThread "Cache worker for file hash cache (E:\sixth_semester\Android\LABs\Lab2\.gradle\6.7.1\fileHashes)" [_thread_blocked, id=17404, stack(0x000000cea2e00000,0x000000cea2f00000)]
  0x0000021673622000 JavaThread "Cache worker for checksums cache (E:\sixth_semester\Android\LABs\Lab2\.gradle\checksums)" [_thread_blocked, id=4876, stack(0x000000cea2f00000,0x000000cea3000000)]
  0x0000021673623800 JavaThread "Cache worker for cache directory md-supplier (C:\Users\julia\.gradle\caches\6.7.1\md-supplier)" [_thread_blocked, id=16064, stack(0x000000cea3000000,0x000000cea3100000)]
  0x0000021673623000 JavaThread "Cache worker for cache directory md-rule (C:\Users\julia\.gradle\caches\6.7.1\md-rule)" [_thread_blocked, id=6652, stack(0x000000cea3100000,0x000000cea3200000)]
  0x0000021675472000 JavaThread "C2 CompilerThread2" daemon [_thread_blocked, id=4124, stack(0x000000cea3200000,0x000000cea3300000)]
  0x0000021673625800 JavaThread "Cache worker for execution history cache (C:\Users\julia\.gradle\caches\6.7.1\executionHistory)" [_thread_blocked, id=17240, stack(0x000000cea3300000,0x000000cea3400000)]
  0x0000021673627000 JavaThread "jar transforms" [_thread_blocked, id=11292, stack(0x000000cea3400000,0x000000cea3500000)]
  0x000002167706e800 JavaThread "Cache worker for file content cache (C:\Users\julia\.gradle\caches\6.7.1\fileContent)" [_thread_blocked, id=16280, stack(0x000000cea3500000,0x000000cea3600000)]
  0x000002167706e000 JavaThread "Cache worker for Build Output Cleanup Cache (E:\sixth_semester\Android\LABs\Lab2\.gradle\buildOutputCleanup)" [_thread_blocked, id=11008, stack(0x000000cea3600000,0x000000cea3700000)]
  0x0000021677069800 JavaThread "Build operations" [_thread_blocked, id=16356, stack(0x000000cea3700000,0x000000cea3800000)]
  0x0000021677070000 JavaThread "Build operations Thread 2" [_thread_blocked, id=14876, stack(0x000000cea3800000,0x000000cea3900000)]
  0x000002167706a800 JavaThread "Build operations Thread 3" [_thread_blocked, id=5388, stack(0x000000cea3900000,0x000000cea3a00000)]
  0x0000021677071000 JavaThread "Build operations Thread 4" [_thread_blocked, id=7000, stack(0x000000cea3a00000,0x000000cea3b00000)]
  0x000002167706b800 JavaThread "Build operations Thread 5" [_thread_blocked, id=18128, stack(0x000000cea3b00000,0x000000cea3c00000)]
  0x0000021677077800 JavaThread "Build operations Thread 6" [_thread_blocked, id=14052, stack(0x000000cea3c00000,0x000000cea3d00000)]
  0x0000021677076000 JavaThread "Build operations Thread 7" [_thread_blocked, id=6952, stack(0x000000cea3d00000,0x000000cea3e00000)]
  0x0000021677075000 JavaThread "Build operations Thread 8" [_thread_blocked, id=3560, stack(0x000000cea3e00000,0x000000cea3f00000)]
  0x0000021677077000 JavaThread "jar transforms Thread 2" [_thread_blocked, id=17112, stack(0x000000cea3f00000,0x000000cea4000000)]
  0x0000021677074800 JavaThread "jar transforms Thread 3" [_thread_blocked, id=14480, stack(0x000000cea4000000,0x000000cea4100000)]
  0x0000021677072000 JavaThread "jar transforms Thread 4" [_thread_blocked, id=11956, stack(0x000000cea4100000,0x000000cea4200000)]
  0x0000021677078800 JavaThread "jar transforms Thread 5" [_thread_blocked, id=7824, stack(0x000000cea4200000,0x000000cea4300000)]
  0x0000021677072800 JavaThread "jar transforms Thread 6" [_thread_blocked, id=8596, stack(0x000000cea4300000,0x000000cea4400000)]
  0x0000021677073800 JavaThread "jar transforms Thread 7" [_thread_blocked, id=18380, stack(0x000000cea4400000,0x000000cea4500000)]
  0x00000216753ce000 JavaThread "jar transforms Thread 8" [_thread_blocked, id=9156, stack(0x000000cea4500000,0x000000cea4600000)]
  0x00000216753cf000 JavaThread "jar transforms Thread 9" [_thread_blocked, id=12200, stack(0x000000cea4600000,0x000000cea4700000)]
  0x00000216753d0000 JavaThread "jar transforms Thread 10" [_thread_blocked, id=17368, stack(0x000000cea4700000,0x000000cea4800000)]
  0x00000216753cc800 JavaThread "jar transforms Thread 11" [_thread_blocked, id=6360, stack(0x000000cea4800000,0x000000cea4900000)]
  0x00000216753ca000 JavaThread "jar transforms Thread 12" [_thread_blocked, id=1500, stack(0x000000cea4900000,0x000000cea4a00000)]
  0x00000216753cd800 JavaThread "jar transforms Thread 13" [_thread_blocked, id=11160, stack(0x000000cea4a00000,0x000000cea4b00000)]
  0x00000216753d0800 JavaThread "jar transforms Thread 14" [_thread_blocked, id=6296, stack(0x000000cea4b00000,0x000000cea4c00000)]
  0x00000216753cb000 JavaThread "jar transforms Thread 15" [_thread_blocked, id=8956, stack(0x000000cea4c00000,0x000000cea4d00000)]
  0x00000216753cc000 JavaThread "jar transforms Thread 16" [_thread_blocked, id=17444, stack(0x000000cea4d00000,0x000000cea4e00000)]
  0x00000216753d3000 JavaThread "jar transforms Thread 17" [_thread_blocked, id=11572, stack(0x000000cea4e00000,0x000000cea4f00000)]
  0x00000216753d4000 JavaThread "jar transforms Thread 18" [_thread_blocked, id=15740, stack(0x000000cea4f00000,0x000000cea5000000)]
  0x00000216753d2800 JavaThread "jar transforms Thread 19" [_thread_blocked, id=17908, stack(0x000000cea5000000,0x000000cea5100000)]
  0x00000216753d5000 JavaThread "jar transforms Thread 20" [_thread_blocked, id=12396, stack(0x000000cea5100000,0x000000cea5200000)]
  0x00000216753d5800 JavaThread "jar transforms Thread 21" [_thread_blocked, id=17356, stack(0x000000cea5200000,0x000000cea5300000)]
  0x00000216753d6800 JavaThread "jar transforms Thread 22" [_thread_blocked, id=16816, stack(0x000000cea5300000,0x000000cea5400000)]
  0x00000216753d7000 JavaThread "jar transforms Thread 23" [_thread_blocked, id=16876, stack(0x000000cea5400000,0x000000cea5500000)]
  0x00000216753d1800 JavaThread "jar transforms Thread 24" [_thread_blocked, id=17252, stack(0x000000cea5500000,0x000000cea5600000)]
  0x00000216753d8000 JavaThread "jar transforms Thread 25" [_thread_blocked, id=8092, stack(0x000000cea5600000,0x000000cea5700000)]
  0x00000216753d9000 JavaThread "jar transforms Thread 26" [_thread_blocked, id=18360, stack(0x000000cea5700000,0x000000cea5800000)]
  0x0000021676dc1800 JavaThread "jar transforms Thread 27" [_thread_blocked, id=4800, stack(0x000000cea5800000,0x000000cea5900000)]
  0x0000021676dc0800 JavaThread "jar transforms Thread 28" [_thread_blocked, id=460, stack(0x000000cea5900000,0x000000cea5a00000)]
  0x0000021676dbe800 JavaThread "jar transforms Thread 29" [_thread_blocked, id=15600, stack(0x000000cea5a00000,0x000000cea5b00000)]
  0x0000021676dc3000 JavaThread "jar transforms Thread 30" [_thread_blocked, id=15488, stack(0x000000cea5b00000,0x000000cea5c00000)]
  0x0000021676dc0000 JavaThread "jar transforms Thread 31" [_thread_blocked, id=2696, stack(0x000000cea5c00000,0x000000cea5d00000)]
  0x0000021676dc2800 JavaThread "jar transforms Thread 32" [_thread_blocked, id=13948, stack(0x000000cea5d00000,0x000000cea5e00000)]
  0x0000021676dbf000 JavaThread "jar transforms Thread 33" [_thread_blocked, id=4348, stack(0x000000cea5e00000,0x000000cea5f00000)]
  0x0000021676dbd800 JavaThread "jar transforms Thread 34" [_thread_blocked, id=8940, stack(0x000000cea5f00000,0x000000cea6000000)]
  0x0000021676dc9000 JavaThread "jar transforms Thread 35" [_thread_blocked, id=14896, stack(0x000000cea6000000,0x000000cea6100000)]
  0x0000021676dc4000 JavaThread "jar transforms Thread 36" [_thread_blocked, id=16748, stack(0x000000cea6100000,0x000000cea6200000)]
  0x0000021676dc8000 JavaThread "jar transforms Thread 37" [_thread_blocked, id=16976, stack(0x000000cea6200000,0x000000cea6300000)]
  0x0000021676dc9800 JavaThread "jar transforms Thread 38" [_thread_blocked, id=15448, stack(0x000000cea6300000,0x000000cea6400000)]
  0x0000021676dca800 JavaThread "jar transforms Thread 39" [_thread_blocked, id=15516, stack(0x000000cea6400000,0x000000cea6500000)]
  0x0000021676dc5000 JavaThread "jar transforms Thread 40" [_thread_blocked, id=16528, stack(0x000000cea6500000,0x000000cea6600000)]
  0x0000021676dc6800 JavaThread "jar transforms Thread 41" [_thread_blocked, id=8532, stack(0x000000cea6600000,0x000000cea6700000)]
  0x0000021676dcb800 JavaThread "jar transforms Thread 42" [_thread_blocked, id=15524, stack(0x000000cea6700000,0x000000cea6800000)]
  0x0000021676dc5800 JavaThread "jar transforms Thread 43" [_thread_blocked, id=9720, stack(0x000000cea6800000,0x000000cea6900000)]
  0x0000021676dcc000 JavaThread "jar transforms Thread 44" [_thread_blocked, id=16852, stack(0x000000cea6900000,0x000000cea6a00000)]
  0x0000021676dc7000 JavaThread "jar transforms Thread 45" [_thread_blocked, id=15932, stack(0x000000cea6a00000,0x000000cea6b00000)]
  0x0000021678382000 JavaThread "jar transforms Thread 46" [_thread_blocked, id=4132, stack(0x000000cea6b00000,0x000000cea6c00000)]
  0x0000021678383000 JavaThread "jar transforms Thread 47" [_thread_blocked, id=10360, stack(0x000000cea6c00000,0x000000cea6d00000)]
  0x0000021678384000 JavaThread "jar transforms Thread 48" [_thread_blocked, id=17892, stack(0x000000cea6d00000,0x000000cea6e00000)]
  0x000002167837e000 JavaThread "jar transforms Thread 49" [_thread_blocked, id=16664, stack(0x000000cea6e00000,0x000000cea6f00000)]
  0x0000021678384800 JavaThread "jar transforms Thread 50" [_thread_blocked, id=12904, stack(0x000000cea6f00000,0x000000cea7000000)]
  0x0000021678380800 JavaThread "jar transforms Thread 51" [_thread_blocked, id=1352, stack(0x000000cea7000000,0x000000cea7100000)]
  0x000002167837f000 JavaThread "jar transforms Thread 52" [_thread_blocked, id=7896, stack(0x000000cea7100000,0x000000cea7200000)]
  0x0000021678385800 JavaThread "jar transforms Thread 53" [_thread_blocked, id=5908, stack(0x000000cea7200000,0x000000cea7300000)]
  0x000002167837f800 JavaThread "jar transforms Thread 54" [_thread_blocked, id=18204, stack(0x000000cea7300000,0x000000cea7400000)]
  0x0000021678386800 JavaThread "jar transforms Thread 55" [_thread_blocked, id=8604, stack(0x000000cea7400000,0x000000cea7500000)]
  0x0000021678387000 JavaThread "jar transforms Thread 56" [_thread_blocked, id=14420, stack(0x000000cea7500000,0x000000cea7600000)]
  0x0000021678381800 JavaThread "jar transforms Thread 57" [_thread_blocked, id=16240, stack(0x000000cea7600000,0x000000cea7700000)]
  0x0000021678388000 JavaThread "jar transforms Thread 58" [_thread_blocked, id=5096, stack(0x000000cea7700000,0x000000cea7800000)]
  0x0000021678389800 JavaThread "jar transforms Thread 59" [_thread_blocked, id=12240, stack(0x000000cea7800000,0x000000cea7900000)]
  0x0000021678388800 JavaThread "jar transforms Thread 60" [_thread_blocked, id=4372, stack(0x000000cea7900000,0x000000cea7a00000)]
  0x000002167838a800 JavaThread "jar transforms Thread 61" [_thread_blocked, id=15780, stack(0x000000cea7a00000,0x000000cea7b00000)]
  0x000002167838d000 JavaThread "jar transforms Thread 62" [_thread_blocked, id=9916, stack(0x000000cea7b00000,0x000000cea7c00000)]
  0x000002167838b000 JavaThread "jar transforms Thread 63" [_thread_blocked, id=15320, stack(0x000000cea7c00000,0x000000cea7d00000)]
  0x000002167838c000 JavaThread "jar transforms Thread 64" [_thread_blocked, id=13792, stack(0x000000cea7d00000,0x000000cea7e00000)]
  0x000002167589e800 JavaThread "jar transforms Thread 65" [_thread_blocked, id=14156, stack(0x000000cea7e00000,0x000000cea7f00000)]
  0x00000216758a3800 JavaThread "jar transforms Thread 66" [_thread_blocked, id=16080, stack(0x000000cea7f00000,0x000000cea8000000)]
  0x00000216758a1000 JavaThread "jar transforms Thread 67" [_thread_blocked, id=13956, stack(0x000000cea8000000,0x000000cea8100000)]
  0x000002167589f800 JavaThread "jar transforms Thread 68" [_thread_blocked, id=17900, stack(0x000000cea8100000,0x000000cea8200000)]
  0x00000216758a0800 JavaThread "jar transforms Thread 69" [_thread_blocked, id=8008, stack(0x000000cea8200000,0x000000cea8300000)]
  0x00000216758a3000 JavaThread "jar transforms Thread 70" [_thread_blocked, id=4928, stack(0x000000cea8300000,0x000000cea8400000)]
  0x000002167589e000 JavaThread "jar transforms Thread 71" [_thread_blocked, id=10632, stack(0x000000cea8400000,0x000000cea8500000)]
  0x00000216758a2000 JavaThread "jar transforms Thread 72" [_thread_blocked, id=4136, stack(0x000000cea8500000,0x000000cea8600000)]
  0x00000216758a5000 JavaThread "jar transforms Thread 73" [_thread_blocked, id=5040, stack(0x000000cea8600000,0x000000cea8700000)]
  0x00000216758a6000 JavaThread "jar transforms Thread 74" [_thread_blocked, id=16772, stack(0x000000cea8700000,0x000000cea8800000)]
  0x00000216758aa000 JavaThread "jar transforms Thread 75" [_thread_blocked, id=1248, stack(0x000000cea8800000,0x000000cea8900000)]
  0x00000216758a7800 JavaThread "jar transforms Thread 76" [_thread_blocked, id=16052, stack(0x000000cea8900000,0x000000cea8a00000)]
  0x00000216758a4800 JavaThread "jar transforms Thread 77" [_thread_blocked, id=6472, stack(0x000000cea8a00000,0x000000cea8b00000)]
  0x00000216758ac800 JavaThread "jar transforms Thread 78" [_thread_blocked, id=15920, stack(0x000000cea8b00000,0x000000cea8c00000)]
  0x00000216758ab000 JavaThread "jar transforms Thread 79" [_thread_blocked, id=2356, stack(0x000000cea8c00000,0x000000cea8d00000)]
  0x00000216758a8800 JavaThread "jar transforms Thread 80" [_thread_blocked, id=16744, stack(0x000000cea8d00000,0x000000cea8e00000)]
  0x00000216758a9800 JavaThread "jar transforms Thread 81" [_thread_blocked, id=13196, stack(0x000000cea8e00000,0x000000cea8f00000)]
  0x00000216758a7000 JavaThread "jar transforms Thread 82" [_thread_blocked, id=17588, stack(0x000000cea8f00000,0x000000cea9000000)]
  0x00000216758ab800 JavaThread "jar transforms Thread 83" [_thread_blocked, id=17560, stack(0x000000cea9000000,0x000000cea9100000)]
  0x0000021675761800 JavaThread "jar transforms Thread 84" [_thread_blocked, id=3536, stack(0x000000cea9100000,0x000000cea9200000)]
  0x0000021675765000 JavaThread "jar transforms Thread 85" [_thread_blocked, id=6416, stack(0x000000cea9200000,0x000000cea9300000)]
  0x0000021675760000 JavaThread "jar transforms Thread 86" [_thread_blocked, id=12936, stack(0x000000cea9300000,0x000000cea9400000)]
  0x0000021675762800 JavaThread "jar transforms Thread 87" [_thread_blocked, id=11068, stack(0x000000cea9400000,0x000000cea9500000)]
  0x0000021675765800 JavaThread "jar transforms Thread 88" [_thread_blocked, id=1856, stack(0x000000cea9500000,0x000000cea9600000)]
  0x0000021675763000 JavaThread "jar transforms Thread 89" [_thread_blocked, id=3740, stack(0x000000cea9600000,0x000000cea9700000)]
  0x0000021675760800 JavaThread "jar transforms Thread 90" [_thread_blocked, id=13916, stack(0x000000cea9700000,0x000000cea9800000)]
  0x0000021675769800 JavaThread "jar transforms Thread 91" [_thread_blocked, id=14316, stack(0x000000cea9800000,0x000000cea9900000)]
  0x0000021675764000 JavaThread "jar transforms Thread 92" [_thread_blocked, id=16428, stack(0x000000cea9900000,0x000000cea9a00000)]
  0x000002167576a800 JavaThread "jar transforms Thread 93" [_thread_blocked, id=16864, stack(0x000000cea9a00000,0x000000cea9b00000)]
  0x000002167576c000 JavaThread "jar transforms Thread 94" [_thread_blocked, id=9632, stack(0x000000cea9b00000,0x000000cea9c00000)]
  0x0000021675768000 JavaThread "jar transforms Thread 95" [_thread_blocked, id=16660, stack(0x000000cea9c00000,0x000000cea9d00000)]
  0x0000021675766800 JavaThread "jar transforms Thread 96" [_thread_blocked, id=3452, stack(0x000000cea9d00000,0x000000cea9e00000)]
  0x0000021675767800 JavaThread "jar transforms Thread 97" [_thread_blocked, id=9704, stack(0x000000cea9e00000,0x000000cea9f00000)]
  0x000002167576d000 JavaThread "Memory manager" [_thread_blocked, id=2928, stack(0x000000cea9f00000,0x000000ceaa000000)]

Other Threads:
=>0x0000021670d63800 VMThread "VM Thread" [stack: 0x000000cea0b00000,0x000000cea0c00000] [id=17632]
  0x000002167186f800 WatcherThread [stack: 0x000000cea1500000,0x000000cea1600000] [id=10540]
  0x0000021656a54800 GCTaskThread "GC Thread#0" [stack: 0x000000cea0600000,0x000000cea0700000] [id=15104]
  0x000002167268d000 GCTaskThread "GC Thread#1" [stack: 0x000000cea1800000,0x000000cea1900000] [id=1716]
  0x000002167268d800 GCTaskThread "GC Thread#2" [stack: 0x000000cea1900000,0x000000cea1a00000] [id=2964]
  0x0000021672d56800 GCTaskThread "GC Thread#3" [stack: 0x000000cea2500000,0x000000cea2600000] [id=17596]
  0x0000021673f5d800 GCTaskThread "GC Thread#4" [stack: 0x000000cea2600000,0x000000cea2700000] [id=15704]
  0x0000021673d2d800 GCTaskThread "GC Thread#5" [stack: 0x000000cea2700000,0x000000cea2800000] [id=9924]
  0x0000021672bb5000 GCTaskThread "GC Thread#6" [stack: 0x000000cea2800000,0x000000cea2900000] [id=14048]
  0x0000021672c5f800 GCTaskThread "GC Thread#7" [stack: 0x000000cea2900000,0x000000cea2a00000] [id=18376]
  0x0000021656a88000 ConcurrentGCThread "G1 Main Marker" [stack: 0x000000cea0700000,0x000000cea0800000] [id=16916]
  0x0000021656a8b800 ConcurrentGCThread "G1 Conc#0" [stack: 0x000000cea0800000,0x000000cea0900000] [id=15756]
  0x0000021673131000 ConcurrentGCThread "G1 Conc#1" [stack: 0x000000cea2c00000,0x000000cea2d00000] [id=10748]
  0x0000021656b1d800 ConcurrentGCThread "G1 Refine#0" [stack: 0x000000cea0900000,0x000000cea0a00000] [id=14424]
  0x0000021670bb2800 ConcurrentGCThread "G1 Young RemSet Sampling" [stack: 0x000000cea0a00000,0x000000cea0b00000] [id=16788]

Threads with active compile tasks:
C2 CompilerThread0   8117 6338       4       org.gradle.internal.reflect.MethodSet::add (50 bytes)
C1 CompilerThread0   8117 6457       3       org.gradle.internal.reflect.annotations.impl.DefaultTypeAnnotationMetadataStore$PropertyAnnotationMetadataBuilder$$Lambda$395/0x0000000100694840::<init> (10 bytes)
C2 CompilerThread1   8117 6427 %     4       org.gradle.internal.instantiation.generator.AbstractClassGenerator::inspectType @ 32 (560 bytes)
C2 CompilerThread2   8117 6443       4       org.gradle.internal.reflect.ClassInspector::inspectClass (179 bytes)

VM state:at safepoint (normal execution)

VM Mutex/Monitor currently owned by a thread:  ([mutex/lock_event])
[0x0000021656a3adf0] Threads_lock - owner thread: 0x0000021670d63800
[0x0000021656a3bf60] Heap_lock - owner thread: 0x0000021672c86800

Heap address: 0x0000000080000000, size: 2048 MB, Compressed Oops mode: 32-bit
Narrow klass base: 0x0000000000000000, Narrow klass shift: 3
Compressed class space size: 1073741824 Address: 0x0000000100000000

Heap:
 garbage-first heap   total 189440K, used 52320K [0x0000000080000000, 0x0000000100000000)
  region size 1024K, 5 young (5120K), 5 survivors (5120K)
 Metaspace       used 71370K, capacity 73017K, committed 73292K, reserved 1112064K
  class space    used 9385K, capacity 9986K, committed 10060K, reserved 1048576K
Heap Regions: E=young(eden), S=young(survivor), O=old, HS=humongous(starts), HC=humongous(continues), CS=collection set, F=free, A=archive, TAMS=top-at-mark-start (previous, next)
|   0|0x0000000080000000, 0x0000000080100000, 0x0000000080100000|100%| O|  |TAMS 0x0000000080100000, 0x0000000080000000| Untracked 
|   1|0x0000000080100000, 0x0000000080200000, 0x0000000080200000|100%| O|  |TAMS 0x0000000080200000, 0x0000000080100000| Untracked 
|   2|0x0000000080200000, 0x0000000080300000, 0x0000000080300000|100%| O|  |TAMS 0x0000000080300000, 0x0000000080200000| Untracked 
|   3|0x0000000080300000, 0x0000000080400000, 0x0000000080400000|100%|HS|  |TAMS 0x0000000080400000, 0x0000000080300000| Complete 
|   4|0x0000000080400000, 0x0000000080500000, 0x0000000080500000|100%|HC|  |TAMS 0x0000000080500000, 0x0000000080400000| Complete 
|   5|0x0000000080500000, 0x0000000080600000, 0x0000000080600000|100%|HC|  |TAMS 0x0000000080600000, 0x0000000080500000| Complete 
|   6|0x0000000080600000, 0x0000000080700000, 0x0000000080700000|100%| O|  |TAMS 0x0000000080700000, 0x0000000080600000| Untracked 
|   7|0x0000000080700000, 0x0000000080800000, 0x0000000080800000|100%| O|  |TAMS 0x0000000080800000, 0x0000000080700000| Untracked 
|   8|0x0000000080800000, 0x0000000080900000, 0x0000000080900000|100%| O|  |TAMS 0x0000000080900000, 0x0000000080800000| Untracked 
|   9|0x0000000080900000, 0x0000000080a00000, 0x0000000080a00000|100%| O|  |TAMS 0x0000000080a00000, 0x0000000080900000| Untracked 
|  10|0x0000000080a00000, 0x0000000080b00000, 0x0000000080b00000|100%| O|  |TAMS 0x0000000080b00000, 0x0000000080a00000| Untracked 
|  11|0x0000000080b00000, 0x0000000080c00000, 0x0000000080c00000|100%| O|  |TAMS 0x0000000080c00000, 0x0000000080b00000| Untracked 
|  12|0x0000000080c00000, 0x0000000080d00000, 0x0000000080d00000|100%| O|  |TAMS 0x0000000080d00000, 0x0000000080c00000| Untracked 
|  13|0x0000000080d00000, 0x0000000080e00000, 0x0000000080e00000|100%| O|  |TAMS 0x0000000080e00000, 0x0000000080d00000| Untracked 
|  14|0x0000000080e00000, 0x0000000080f00000, 0x0000000080f00000|100%| O|  |TAMS 0x0000000080f00000, 0x0000000080e00000| Untracked 
|  15|0x0000000080f00000, 0x0000000081000000, 0x0000000081000000|100%| O|  |TAMS 0x0000000081000000, 0x0000000080f00000| Untracked 
|  16|0x0000000081000000, 0x0000000081100000, 0x0000000081100000|100%| O|  |TAMS 0x0000000081100000, 0x0000000081000000| Untracked 
|  17|0x0000000081100000, 0x0000000081200000, 0x0000000081200000|100%| O|  |TAMS 0x0000000081200000, 0x0000000081100000| Untracked 
|  18|0x0000000081200000, 0x0000000081300000, 0x0000000081300000|100%| O|  |TAMS 0x0000000081300000, 0x0000000081200000| Untracked 
|  19|0x0000000081300000, 0x0000000081400000, 0x0000000081400000|100%| O|  |TAMS 0x0000000081400000, 0x0000000081300000| Untracked 
|  20|0x0000000081400000, 0x0000000081500000, 0x0000000081500000|100%| O|  |TAMS 0x0000000081500000, 0x0000000081400000| Untracked 
|  21|0x0000000081500000, 0x0000000081600000, 0x0000000081600000|100%|HS|  |TAMS 0x0000000081600000, 0x0000000081500000| Complete 
|  22|0x0000000081600000, 0x0000000081700000, 0x0000000081700000|100%|HS|  |TAMS 0x0000000081700000, 0x0000000081600000| Complete 
|  23|0x0000000081700000, 0x0000000081800000, 0x0000000081800000|100%|HC|  |TAMS 0x0000000081800000, 0x0000000081700000| Complete 
|  24|0x0000000081800000, 0x0000000081900000, 0x0000000081900000|100%| O|  |TAMS 0x0000000081900000, 0x0000000081800000| Untracked 
|  25|0x0000000081900000, 0x0000000081a00000, 0x0000000081a00000|100%| O|  |TAMS 0x0000000081a00000, 0x0000000081900000| Untracked 
|  26|0x0000000081a00000, 0x0000000081b00000, 0x0000000081b00000|100%| O|  |TAMS 0x0000000081b00000, 0x0000000081a00000| Untracked 
|  27|0x0000000081b00000, 0x0000000081c00000, 0x0000000081c00000|100%| O|  |TAMS 0x0000000081b00000, 0x0000000081b00000| Untracked 
|  28|0x0000000081c00000, 0x0000000081d00000, 0x0000000081d00000|100%| O|  |TAMS 0x0000000081d00000, 0x0000000081c00000| Untracked 
|  29|0x0000000081d00000, 0x0000000081e00000, 0x0000000081e00000|100%| O|  |TAMS 0x0000000081e00000, 0x0000000081d00000| Untracked 
|  30|0x0000000081e00000, 0x0000000081f00000, 0x0000000081f00000|100%| O|  |TAMS 0x0000000081f00000, 0x0000000081e00000| Untracked 
|  31|0x0000000081f00000, 0x0000000082000000, 0x0000000082000000|100%| O|  |TAMS 0x0000000082000000, 0x0000000081f00000| Untracked 
|  32|0x0000000082000000, 0x0000000082100000, 0x0000000082100000|100%| O|  |TAMS 0x0000000082100000, 0x0000000082000000| Untracked 
|  33|0x0000000082100000, 0x0000000082200000, 0x0000000082200000|100%| O|  |TAMS 0x0000000082200000, 0x0000000082100000| Untracked 
|  34|0x0000000082200000, 0x0000000082300000, 0x0000000082300000|100%| O|  |TAMS 0x0000000082300000, 0x0000000082200000| Untracked 
|  35|0x0000000082300000, 0x0000000082400000, 0x0000000082400000|100%| O|  |TAMS 0x0000000082400000, 0x0000000082300000| Untracked 
|  36|0x0000000082400000, 0x0000000082500000, 0x0000000082500000|100%| O|  |TAMS 0x0000000082500000, 0x0000000082400000| Untracked 
|  37|0x0000000082500000, 0x0000000082600000, 0x0000000082600000|100%| O|  |TAMS 0x0000000082600000, 0x0000000082500000| Untracked 
|  38|0x0000000082600000, 0x0000000082700000, 0x0000000082700000|100%| O|  |TAMS 0x0000000082625400, 0x0000000082600000| Untracked 
|  39|0x0000000082700000, 0x0000000082800000, 0x0000000082800000|100%| O|  |TAMS 0x0000000082700000, 0x0000000082700000| Untracked 
|  40|0x0000000082800000, 0x0000000082900000, 0x0000000082900000|100%| O|  |TAMS 0x0000000082800000, 0x0000000082800000| Untracked 
|  41|0x0000000082900000, 0x0000000082a00000, 0x0000000082a00000|100%| O|  |TAMS 0x0000000082900000, 0x0000000082900000| Untracked 
|  42|0x0000000082a00000, 0x0000000082b00000, 0x0000000082b00000|100%| O|  |TAMS 0x0000000082a00000, 0x0000000082a00000| Untracked 
|  43|0x0000000082b00000, 0x0000000082c00000, 0x0000000082c00000|100%| O|  |TAMS 0x0000000082b00000, 0x0000000082b00000| Untracked 
|  44|0x0000000082c00000, 0x0000000082d00000, 0x0000000082d00000|100%| O|  |TAMS 0x0000000082c00000, 0x0000000082c00000| Untracked 
|  45|0x0000000082d00000, 0x0000000082e00000, 0x0000000082e00000|100%| O|  |TAMS 0x0000000082d00000, 0x0000000082d00000| Untracked 
|  46|0x0000000082e00000, 0x0000000082ebca00, 0x0000000082f00000| 73%| O|  |TAMS 0x0000000082e00000, 0x0000000082e00000| Untracked 
|  47|0x0000000082f00000, 0x0000000082f00000, 0x0000000083000000|  0%| F|  |TAMS 0x0000000082f00000, 0x0000000082f00000| Untracked 
|  48|0x0000000083000000, 0x0000000083000000, 0x0000000083100000|  0%| F|  |TAMS 0x0000000083000000, 0x0000000083000000| Untracked 
|  49|0x0000000083100000, 0x0000000083100000, 0x0000000083200000|  0%| F|  |TAMS 0x0000000083100000, 0x0000000083100000| Untracked 
|  50|0x0000000083200000, 0x0000000083200000, 0x0000000083300000|  0%| F|  |TAMS 0x0000000083200000, 0x0000000083200000| Untracked 
|  51|0x0000000083300000, 0x0000000083300000, 0x0000000083400000|  0%| F|  |TAMS 0x0000000083300000, 0x0000000083300000| Untracked 
|  52|0x0000000083400000, 0x0000000083400000, 0x0000000083500000|  0%| F|  |TAMS 0x0000000083400000, 0x0000000083400000| Untracked 
|  53|0x0000000083500000, 0x0000000083500000, 0x0000000083600000|  0%| F|  |TAMS 0x0000000083500000, 0x0000000083500000| Untracked 
|  54|0x0000000083600000, 0x0000000083600000, 0x0000000083700000|  0%| F|  |TAMS 0x0000000083600000, 0x0000000083600000| Untracked 
|  55|0x0000000083700000, 0x0000000083700000, 0x0000000083800000|  0%| F|  |TAMS 0x0000000083700000, 0x0000000083700000| Untracked 
|  56|0x0000000083800000, 0x0000000083800000, 0x0000000083900000|  0%| F|  |TAMS 0x0000000083800000, 0x0000000083800000| Untracked 
|  57|0x0000000083900000, 0x0000000083900000, 0x0000000083a00000|  0%| F|  |TAMS 0x0000000083900000, 0x0000000083900000| Untracked 
|  58|0x0000000083a00000, 0x0000000083a00000, 0x0000000083b00000|  0%| F|  |TAMS 0x0000000083a00000, 0x0000000083a00000| Untracked 
|  59|0x0000000083b00000, 0x0000000083b00000, 0x0000000083c00000|  0%| F|  |TAMS 0x0000000083b00000, 0x0000000083b00000| Untracked 
|  60|0x0000000083c00000, 0x0000000083c00000, 0x0000000083d00000|  0%| F|  |TAMS 0x0000000083c00000, 0x0000000083c00000| Untracked 
|  61|0x0000000083d00000, 0x0000000083d00000, 0x0000000083e00000|  0%| F|  |TAMS 0x0000000083d00000, 0x0000000083d00000| Untracked 
|  62|0x0000000083e00000, 0x0000000083e00000, 0x0000000083f00000|  0%| F|  |TAMS 0x0000000083e00000, 0x0000000083e00000| Untracked 
|  63|0x0000000083f00000, 0x0000000083f00000, 0x0000000084000000|  0%| F|  |TAMS 0x0000000083f00000, 0x0000000083f00000| Untracked 
|  64|0x0000000084000000, 0x0000000084000000, 0x0000000084100000|  0%| F|  |TAMS 0x0000000084000000, 0x0000000084000000| Untracked 
|  65|0x0000000084100000, 0x0000000084100000, 0x0000000084200000|  0%| F|  |TAMS 0x0000000084100000, 0x0000000084100000| Untracked 
|  66|0x0000000084200000, 0x0000000084200000, 0x0000000084300000|  0%| F|  |TAMS 0x0000000084200000, 0x0000000084200000| Untracked 
|  67|0x0000000084300000, 0x0000000084300000, 0x0000000084400000|  0%| F|  |TAMS 0x0000000084300000, 0x0000000084300000| Untracked 
|  68|0x0000000084400000, 0x0000000084400000, 0x0000000084500000|  0%| F|  |TAMS 0x0000000084400000, 0x0000000084400000| Untracked 
|  69|0x0000000084500000, 0x0000000084500000, 0x0000000084600000|  0%| F|  |TAMS 0x0000000084500000, 0x0000000084500000| Untracked 
|  70|0x0000000084600000, 0x0000000084600000, 0x0000000084700000|  0%| F|  |TAMS 0x0000000084600000, 0x0000000084600000| Untracked 
|  71|0x0000000084700000, 0x0000000084700000, 0x0000000084800000|  0%| F|  |TAMS 0x0000000084700000, 0x0000000084700000| Untracked 
|  72|0x0000000084800000, 0x0000000084800000, 0x0000000084900000|  0%| F|  |TAMS 0x0000000084800000, 0x0000000084800000| Untracked 
|  73|0x0000000084900000, 0x0000000084900000, 0x0000000084a00000|  0%| F|  |TAMS 0x0000000084900000, 0x0000000084900000| Untracked 
|  74|0x0000000084a00000, 0x0000000084a00000, 0x0000000084b00000|  0%| F|  |TAMS 0x0000000084a00000, 0x0000000084a00000| Untracked 
|  75|0x0000000084b00000, 0x0000000084b00000, 0x0000000084c00000|  0%| F|  |TAMS 0x0000000084b00000, 0x0000000084b00000| Untracked 
|  76|0x0000000084c00000, 0x0000000084c00000, 0x0000000084d00000|  0%| F|  |TAMS 0x0000000084c00000, 0x0000000084c00000| Untracked 
|  77|0x0000000084d00000, 0x0000000084d00000, 0x0000000084e00000|  0%| F|  |TAMS 0x0000000084d00000, 0x0000000084d00000| Untracked 
|  78|0x0000000084e00000, 0x0000000084e00000, 0x0000000084f00000|  0%| F|  |TAMS 0x0000000084e00000, 0x0000000084e00000| Untracked 
|  79|0x0000000084f00000, 0x0000000084f00000, 0x0000000085000000|  0%| F|  |TAMS 0x0000000084f00000, 0x0000000084f00000| Untracked 
|  80|0x0000000085000000, 0x0000000085000000, 0x0000000085100000|  0%| F|  |TAMS 0x0000000085000000, 0x0000000085000000| Untracked 
|  81|0x0000000085100000, 0x0000000085100000, 0x0000000085200000|  0%| F|  |TAMS 0x0000000085100000, 0x0000000085100000| Untracked 
|  82|0x0000000085200000, 0x0000000085200000, 0x0000000085300000|  0%| F|  |TAMS 0x0000000085200000, 0x0000000085200000| Untracked 
|  83|0x0000000085300000, 0x0000000085300000, 0x0000000085400000|  0%| F|  |TAMS 0x0000000085300000, 0x0000000085300000| Untracked 
|  84|0x0000000085400000, 0x0000000085400000, 0x0000000085500000|  0%| F|  |TAMS 0x0000000085400000, 0x0000000085400000| Untracked 
|  85|0x0000000085500000, 0x000000008555b7d0, 0x0000000085600000| 35%| S|CS|TAMS 0x0000000085500000, 0x0000000085500000| Complete 
|  86|0x0000000085600000, 0x0000000085700000, 0x0000000085700000|100%| S|CS|TAMS 0x0000000085600000, 0x0000000085600000| Complete 
|  87|0x0000000085700000, 0x0000000085800000, 0x0000000085800000|100%| S|CS|TAMS 0x0000000085700000, 0x0000000085700000| Complete 
|  88|0x0000000085800000, 0x0000000085900000, 0x0000000085900000|100%| S|CS|TAMS 0x0000000085800000, 0x0000000085800000| Complete 
|  89|0x0000000085900000, 0x0000000085a00000, 0x0000000085a00000|100%| S|CS|TAMS 0x0000000085900000, 0x0000000085900000| Complete 
|  90|0x0000000085a00000, 0x0000000085a00000, 0x0000000085b00000|  0%| F|  |TAMS 0x0000000085a00000, 0x0000000085a00000| Untracked 
|  91|0x0000000085b00000, 0x0000000085b00000, 0x0000000085c00000|  0%| F|  |TAMS 0x0000000085b00000, 0x0000000085b00000| Untracked 
|  92|0x0000000085c00000, 0x0000000085c00000, 0x0000000085d00000|  0%| F|  |TAMS 0x0000000085c00000, 0x0000000085c00000| Untracked 
|  93|0x0000000085d00000, 0x0000000085d00000, 0x0000000085e00000|  0%| F|  |TAMS 0x0000000085d00000, 0x0000000085d00000| Untracked 
|  94|0x0000000085e00000, 0x0000000085e00000, 0x0000000085f00000|  0%| F|  |TAMS 0x0000000085e00000, 0x0000000085e00000| Untracked 
|  95|0x0000000085f00000, 0x0000000085f00000, 0x0000000086000000|  0%| F|  |TAMS 0x0000000085f00000, 0x0000000085f00000| Untracked 
|  96|0x0000000086000000, 0x0000000086000000, 0x0000000086100000|  0%| F|  |TAMS 0x0000000086000000, 0x0000000086000000| Untracked 
|  97|0x0000000086100000, 0x0000000086100000, 0x0000000086200000|  0%| F|  |TAMS 0x0000000086100000, 0x0000000086100000| Untracked 
|  98|0x0000000086200000, 0x0000000086200000, 0x0000000086300000|  0%| F|  |TAMS 0x0000000086200000, 0x0000000086200000| Untracked 
|  99|0x0000000086300000, 0x0000000086300000, 0x0000000086400000|  0%| F|  |TAMS 0x0000000086300000, 0x0000000086300000| Untracked 
| 100|0x0000000086400000, 0x0000000086400000, 0x0000000086500000|  0%| F|  |TAMS 0x0000000086400000, 0x0000000086400000| Untracked 
| 101|0x0000000086500000, 0x0000000086500000, 0x0000000086600000|  0%| F|  |TAMS 0x0000000086500000, 0x0000000086500000| Untracked 
| 102|0x0000000086600000, 0x0000000086600000, 0x0000000086700000|  0%| F|  |TAMS 0x0000000086600000, 0x0000000086600000| Untracked 
| 103|0x0000000086700000, 0x0000000086700000, 0x0000000086800000|  0%| F|  |TAMS 0x0000000086700000, 0x0000000086700000| Untracked 
| 104|0x0000000086800000, 0x0000000086800000, 0x0000000086900000|  0%| F|  |TAMS 0x0000000086800000, 0x0000000086800000| Untracked 
| 105|0x0000000086900000, 0x0000000086900000, 0x0000000086a00000|  0%| F|  |TAMS 0x0000000086900000, 0x0000000086900000| Untracked 
| 106|0x0000000086a00000, 0x0000000086a00000, 0x0000000086b00000|  0%| F|  |TAMS 0x0000000086a00000, 0x0000000086a00000| Untracked 
| 107|0x0000000086b00000, 0x0000000086b00000, 0x0000000086c00000|  0%| F|  |TAMS 0x0000000086b00000, 0x0000000086b00000| Untracked 
| 108|0x0000000086c00000, 0x0000000086c00000, 0x0000000086d00000|  0%| F|  |TAMS 0x0000000086c00000, 0x0000000086c00000| Untracked 
| 109|0x0000000086d00000, 0x0000000086d00000, 0x0000000086e00000|  0%| F|  |TAMS 0x0000000086d00000, 0x0000000086d00000| Untracked 
| 110|0x0000000086e00000, 0x0000000086e00000, 0x0000000086f00000|  0%| F|  |TAMS 0x0000000086e00000, 0x0000000086e00000| Untracked 
| 111|0x0000000086f00000, 0x0000000086f00000, 0x0000000087000000|  0%| F|  |TAMS 0x0000000086f00000, 0x0000000086f00000| Untracked 
| 112|0x0000000087000000, 0x0000000087000000, 0x0000000087100000|  0%| F|  |TAMS 0x0000000087000000, 0x0000000087000000| Untracked 
| 113|0x0000000087100000, 0x0000000087100000, 0x0000000087200000|  0%| F|  |TAMS 0x0000000087100000, 0x0000000087100000| Untracked 
| 114|0x0000000087200000, 0x0000000087200000, 0x0000000087300000|  0%| F|  |TAMS 0x0000000087200000, 0x0000000087200000| Untracked 
| 115|0x0000000087300000, 0x0000000087300000, 0x0000000087400000|  0%| F|  |TAMS 0x0000000087300000, 0x0000000087300000| Untracked 
| 116|0x0000000087400000, 0x0000000087400000, 0x0000000087500000|  0%| F|  |TAMS 0x0000000087400000, 0x0000000087400000| Untracked 
| 117|0x0000000087500000, 0x0000000087500000, 0x0000000087600000|  0%| F|  |TAMS 0x0000000087500000, 0x0000000087500000| Untracked 
| 118|0x0000000087600000, 0x0000000087600000, 0x0000000087700000|  0%| F|  |TAMS 0x0000000087600000, 0x0000000087600000| Untracked 
| 119|0x0000000087700000, 0x0000000087700000, 0x0000000087800000|  0%| F|  |TAMS 0x0000000087700000, 0x0000000087700000| Untracked 
| 120|0x0000000087800000, 0x0000000087800000, 0x0000000087900000|  0%| F|  |TAMS 0x0000000087800000, 0x0000000087800000| Untracked 
| 121|0x0000000087900000, 0x0000000087900000, 0x0000000087a00000|  0%| F|  |TAMS 0x0000000087900000, 0x0000000087900000| Untracked 
| 122|0x0000000087a00000, 0x0000000087a00000, 0x0000000087b00000|  0%| F|  |TAMS 0x0000000087a00000, 0x0000000087a00000| Untracked 
| 123|0x0000000087b00000, 0x0000000087b00000, 0x0000000087c00000|  0%| F|  |TAMS 0x0000000087b00000, 0x0000000087b00000| Untracked 
| 124|0x0000000087c00000, 0x0000000087c00000, 0x0000000087d00000|  0%| F|  |TAMS 0x0000000087c00000, 0x0000000087c00000| Untracked 
| 125|0x0000000087d00000, 0x0000000087d00000, 0x0000000087e00000|  0%| F|  |TAMS 0x0000000087d00000, 0x0000000087d00000| Untracked 
| 126|0x0000000087e00000, 0x0000000087e00000, 0x0000000087f00000|  0%| F|  |TAMS 0x0000000087e00000, 0x0000000087e00000| Untracked 
| 127|0x0000000087f00000, 0x0000000087f00000, 0x0000000088000000|  0%| F|  |TAMS 0x0000000087f00000, 0x0000000087f00000| Untracked 
| 128|0x0000000088000000, 0x0000000088000000, 0x0000000088100000|  0%| F|  |TAMS 0x0000000088000000, 0x0000000088000000| Untracked 
| 129|0x0000000088100000, 0x0000000088100000, 0x0000000088200000|  0%| F|  |TAMS 0x0000000088100000, 0x0000000088100000| Untracked 
| 130|0x0000000088200000, 0x0000000088200000, 0x0000000088300000|  0%| F|  |TAMS 0x0000000088200000, 0x0000000088200000| Untracked 
| 131|0x0000000088300000, 0x0000000088300000, 0x0000000088400000|  0%| F|  |TAMS 0x0000000088300000, 0x0000000088300000| Untracked 
| 132|0x0000000088400000, 0x0000000088400000, 0x0000000088500000|  0%| F|  |TAMS 0x0000000088400000, 0x0000000088400000| Untracked 
| 133|0x0000000088500000, 0x0000000088500000, 0x0000000088600000|  0%| F|  |TAMS 0x0000000088500000, 0x0000000088500000| Untracked 
| 134|0x0000000088600000, 0x0000000088600000, 0x0000000088700000|  0%| F|  |TAMS 0x0000000088600000, 0x0000000088600000| Untracked 
| 135|0x0000000088700000, 0x0000000088700000, 0x0000000088800000|  0%| F|  |TAMS 0x0000000088700000, 0x0000000088700000| Untracked 
| 136|0x0000000088800000, 0x0000000088800000, 0x0000000088900000|  0%| F|  |TAMS 0x0000000088800000, 0x0000000088800000| Untracked 
| 137|0x0000000088900000, 0x0000000088900000, 0x0000000088a00000|  0%| F|  |TAMS 0x0000000088900000, 0x0000000088900000| Untracked 
| 138|0x0000000088a00000, 0x0000000088a00000, 0x0000000088b00000|  0%| F|  |TAMS 0x0000000088a00000, 0x0000000088a00000| Untracked 
| 139|0x0000000088b00000, 0x0000000088b00000, 0x0000000088c00000|  0%| F|  |TAMS 0x0000000088b00000, 0x0000000088b00000| Untracked 
| 140|0x0000000088c00000, 0x0000000088c00000, 0x0000000088d00000|  0%| F|  |TAMS 0x0000000088c00000, 0x0000000088c00000| Untracked 
| 141|0x0000000088d00000, 0x0000000088d00000, 0x0000000088e00000|  0%| F|  |TAMS 0x0000000088d00000, 0x0000000088d00000| Untracked 
| 142|0x0000000088e00000, 0x0000000088e00000, 0x0000000088f00000|  0%| F|  |TAMS 0x0000000088e00000, 0x0000000088e00000| Untracked 
| 143|0x0000000088f00000, 0x0000000088f00000, 0x0000000089000000|  0%| F|  |TAMS 0x0000000088f00000, 0x0000000088f00000| Untracked 
| 144|0x0000000089000000, 0x0000000089000000, 0x0000000089100000|  0%| F|  |TAMS 0x0000000089000000, 0x0000000089000000| Untracked 
| 145|0x0000000089100000, 0x0000000089100000, 0x0000000089200000|  0%| F|  |TAMS 0x0000000089100000, 0x0000000089100000| Untracked 
| 146|0x0000000089200000, 0x0000000089200000, 0x0000000089300000|  0%| F|  |TAMS 0x0000000089200000, 0x0000000089200000| Untracked 
| 147|0x0000000089300000, 0x0000000089300000, 0x0000000089400000|  0%| F|  |TAMS 0x0000000089300000, 0x0000000089300000| Untracked 
| 148|0x0000000089400000, 0x0000000089400000, 0x0000000089500000|  0%| F|  |TAMS 0x0000000089400000, 0x0000000089400000| Untracked 
| 149|0x0000000089500000, 0x0000000089500000, 0x0000000089600000|  0%| F|  |TAMS 0x0000000089500000, 0x0000000089500000| Untracked 
| 150|0x0000000089600000, 0x0000000089600000, 0x0000000089700000|  0%| F|  |TAMS 0x0000000089600000, 0x0000000089600000| Untracked 
| 151|0x0000000089700000, 0x0000000089700000, 0x0000000089800000|  0%| F|  |TAMS 0x0000000089700000, 0x0000000089700000| Untracked 
| 152|0x0000000089800000, 0x0000000089800000, 0x0000000089900000|  0%| F|  |TAMS 0x0000000089800000, 0x0000000089800000| Untracked 
| 153|0x0000000089900000, 0x0000000089900000, 0x0000000089a00000|  0%| F|  |TAMS 0x0000000089900000, 0x0000000089900000| Untracked 

Card table byte_map: [0x0000021669af0000,0x0000021669ef0000] _byte_map_base: 0x00000216696f0000

Marking Bits (Prev, Next): (CMBitMap*) 0x0000021656a7f5f0, (CMBitMap*) 0x0000021656a7f5b8
 Prev Bits: [0x000002166c2f0000, 0x000002166e2f0000)
 Next Bits: [0x000002166a2f0000, 0x000002166c2f0000)

Polling page: 0x0000021654a10000

Metaspace:

Usage:
  Non-class:     61.55 MB capacity,    60.53 MB ( 98%) used,   883.48 KB (  1%) free+waste,   162.25 KB ( <1%) overhead. 
      Class:      9.75 MB capacity,     9.17 MB ( 94%) used,   524.24 KB (  5%) free+waste,    76.13 KB ( <1%) overhead. 
       Both:     71.31 MB capacity,    69.70 MB ( 98%) used,     1.37 MB (  2%) free+waste,   238.38 KB ( <1%) overhead. 

Virtual space:
  Non-class space:       62.00 MB reserved,      61.75 MB (>99%) committed 
      Class space:        1.00 GB reserved,       9.82 MB ( <1%) committed 
             Both:        1.06 GB reserved,      71.57 MB (  7%) committed 

Chunk freelists:
   Non-Class:  9.00 KB
       Class:  30.00 KB
        Both:  39.00 KB

MaxMetaspaceSize: 17179869184.00 GB
CompressedClassSpaceSize: 1.00 GB

CodeHeap 'non-profiled nmethods': size=120000Kb used=3815Kb max_used=3815Kb free=116184Kb
 bounds [0x0000021661e90000, 0x0000021662250000, 0x00000216693c0000]
CodeHeap 'profiled nmethods': size=120000Kb used=12991Kb max_used=12991Kb free=107008Kb
 bounds [0x000002165a960000, 0x000002165b620000, 0x0000021661e90000]
CodeHeap 'non-nmethods': size=5760Kb used=2237Kb max_used=2302Kb free=3522Kb
 bounds [0x000002165a3c0000, 0x000002165a630000, 0x000002165a960000]
 total_blobs=7037 nmethods=6215 adapters=733
 compilation: enabled
              stopped_count=0, restarted_count=0
 full_count=0

Compilation events (20 events):
Event: 8.085 Thread 0x00000216716ef000 nmethod 6448 0x000002165b60e990 code [0x000002165b60eb60, 0x000002165b60ee08]
Event: 8.085 Thread 0x00000216716ef000 6449       3       com.google.common.collect.RegularImmutableMap$KeySet::size (8 bytes)
Event: 8.085 Thread 0x00000216716ef000 nmethod 6449 0x000002165b60ef90 code [0x000002165b60f140, 0x000002165b60f308]
Event: 8.085 Thread 0x00000216716ef000 6450       3       com.google.common.collect.AbstractMapBasedMultimap$WrappedCollection::iterator (13 bytes)
Event: 8.086 Thread 0x00000216716ef000 nmethod 6450 0x000002165b60f410 code [0x000002165b60f640, 0x000002165b60fea8]
Event: 8.086 Thread 0x00000216716ef000 6451       3       org.gradle.api.internal.file.CompositeFileCollection::<init> (6 bytes)
Event: 8.086 Thread 0x00000216716ef000 nmethod 6451 0x000002165b610090 code [0x000002165b610240, 0x000002165b610458]
Event: 8.086 Thread 0x00000216716ef000 6452       3       java.lang.Class::asSubclass (22 bytes)
Event: 8.086 Thread 0x00000216716ef000 nmethod 6452 0x000002165b610590 code [0x000002165b610780, 0x000002165b6109e8]
Event: 8.091 Thread 0x0000021675472000 nmethod 6424 0x0000021662248310 code [0x0000021662248540, 0x0000021662249460]
Event: 8.091 Thread 0x0000021675472000 6443       4       org.gradle.internal.reflect.ClassInspector::inspectClass (179 bytes)
Event: 8.091 Thread 0x00000216716ef000 6453       3       org.gradle.api.internal.collections.CollectionFilter::filter (39 bytes)
Event: 8.092 Thread 0x00000216716ef000 nmethod 6453 0x000002165b610b10 code [0x000002165b610d20, 0x000002165b6111e8]
Event: 8.094 Thread 0x00000216716ef000 6454       1       org.gradle.api.internal.DefaultNamedDomainObjectCollection$AbstractDomainObjectCreatingProvider::wasElementRemovedBeforeRealized (5 bytes)
Event: 8.095 Thread 0x00000216716ef000 nmethod 6454 0x0000021662249c10 code [0x0000021662249dc0, 0x0000021662249e78]
Event: 8.095 Thread 0x00000216716ef000 6455       3       org.gradle.internal.reflect.annotations.impl.DefaultTypeAnnotationMetadataStore$PropertyAnnotationMetadataBuilder::inheritAnnotations (35 bytes)
Event: 8.096 Thread 0x00000216716ef000 nmethod 6455 0x000002165b611390 code [0x000002165b6115c0, 0x000002165b611e38]
Event: 8.096 Thread 0x00000216716ef000 6456       3       org.gradle.internal.reflect.annotations.impl.DefaultTypeAnnotationMetadataStore$PropertyAnnotationMetadataBuilder$$Lambda$395/0x0000000100694840::get$Lambda (9 bytes)
Event: 8.096 Thread 0x00000216716ef000 nmethod 6456 0x000002165b612110 code [0x000002165b6122e0, 0x000002165b612538]
Event: 8.096 Thread 0x00000216716ef000 6457       3       org.gradle.internal.reflect.annotations.impl.DefaultTypeAnnotationMetadataStore$PropertyAnnotationMetadataBuilder$$Lambda$395/0x0000000100694840::<init> (10 bytes)

GC Heap History (20 events):
Event: 1.650 GC heap after
{Heap after GC invocations=2 (full 0):
 garbage-first heap   total 131072K, used 16025K [0x0000000080000000, 0x0000000100000000)
  region size 1024K, 10 young (10240K), 10 survivors (10240K)
 Metaspace       used 19046K, capacity 19524K, committed 19712K, reserved 1067008K
  class space    used 2315K, capacity 2459K, committed 2560K, reserved 1048576K
}
Event: 1.755 GC heap before
{Heap before GC invocations=2 (full 0):
 garbage-first heap   total 131072K, used 26265K [0x0000000080000000, 0x0000000100000000)
  region size 1024K, 21 young (21504K), 10 survivors (10240K)
 Metaspace       used 20560K, capacity 21099K, committed 21248K, reserved 1067008K
  class space    used 2524K, capacity 2712K, committed 2816K, reserved 1048576K
}
Event: 1.760 GC heap after
{Heap after GC invocations=3 (full 0):
 garbage-first heap   total 131072K, used 16303K [0x0000000080000000, 0x0000000100000000)
  region size 1024K, 1 young (1024K), 1 survivors (1024K)
 Metaspace       used 20560K, capacity 21099K, committed 21248K, reserved 1067008K
  class space    used 2524K, capacity 2712K, committed 2816K, reserved 1048576K
}
Event: 2.228 GC heap before
{Heap before GC invocations=4 (full 0):
 garbage-first heap   total 131072K, used 62383K [0x0000000080000000, 0x0000000100000000)
  region size 1024K, 46 young (47104K), 1 survivors (1024K)
 Metaspace       used 25763K, capacity 26441K, committed 26752K, reserved 1073152K
  class space    used 3362K, capacity 3602K, committed 3712K, reserved 1048576K
}
Event: 2.230 GC heap after
{Heap after GC invocations=5 (full 0):
 garbage-first heap   total 131072K, used 17830K [0x0000000080000000, 0x0000000100000000)
  region size 1024K, 3 young (3072K), 3 survivors (3072K)
 Metaspace       used 25763K, capacity 26441K, committed 26752K, reserved 1073152K
  class space    used 3362K, capacity 3602K, committed 3712K, reserved 1048576K
}
Event: 2.883 GC heap before
{Heap before GC invocations=5 (full 0):
 garbage-first heap   total 131072K, used 69030K [0x0000000080000000, 0x0000000100000000)
  region size 1024K, 53 young (54272K), 3 survivors (3072K)
 Metaspace       used 34527K, capacity 35252K, committed 35584K, reserved 1079296K
  class space    used 4485K, capacity 4775K, committed 4864K, reserved 1048576K
}
Event: 2.887 GC heap after
{Heap after GC invocations=6 (full 0):
 garbage-first heap   total 131072K, used 21027K [0x0000000080000000, 0x0000000100000000)
  region size 1024K, 6 young (6144K), 6 survivors (6144K)
 Metaspace       used 34527K, capacity 35252K, committed 35584K, reserved 1079296K
  class space    used 4485K, capacity 4775K, committed 4864K, reserved 1048576K
}
Event: 2.926 GC heap before
{Heap before GC invocations=6 (full 0):
 garbage-first heap   total 131072K, used 24099K [0x0000000080000000, 0x0000000100000000)
  region size 1024K, 10 young (10240K), 6 survivors (6144K)
 Metaspace       used 35027K, capacity 35807K, committed 35840K, reserved 1081344K
  class space    used 4560K, capacity 4854K, committed 4864K, reserved 1048576K
}
Event: 2.934 GC heap after
{Heap after GC invocations=7 (full 0):
 garbage-first heap   total 131072K, used 21500K [0x0000000080000000, 0x0000000100000000)
  region size 1024K, 4 young (4096K), 4 survivors (4096K)
 Metaspace       used 35027K, capacity 35807K, committed 35840K, reserved 1081344K
  class space    used 4560K, capacity 4854K, committed 4864K, reserved 1048576K
}
Event: 3.645 GC heap before
{Heap before GC invocations=8 (full 0):
 garbage-first heap   total 131072K, used 81916K [0x0000000080000000, 0x0000000100000000)
  region size 1024K, 60 young (61440K), 4 survivors (4096K)
 Metaspace       used 40639K, capacity 41546K, committed 41676K, reserved 1085440K
  class space    used 5196K, capacity 5501K, committed 5580K, reserved 1048576K
}
Event: 3.652 GC heap after
{Heap after GC invocations=9 (full 0):
 garbage-first heap   total 131072K, used 24455K [0x0000000080000000, 0x0000000100000000)
  region size 1024K, 7 young (7168K), 7 survivors (7168K)
 Metaspace       used 40639K, capacity 41546K, committed 41676K, reserved 1085440K
  class space    used 5196K, capacity 5501K, committed 5580K, reserved 1048576K
}
Event: 4.303 GC heap before
{Heap before GC invocations=9 (full 0):
 garbage-first heap   total 131072K, used 82823K [0x0000000080000000, 0x0000000100000000)
  region size 1024K, 65 young (66560K), 7 survivors (7168K)
 Metaspace       used 44089K, capacity 45109K, committed 45260K, reserved 1089536K
  class space    used 5670K, capacity 6054K, committed 6092K, reserved 1048576K
}
Event: 4.311 GC heap after
{Heap after GC invocations=10 (full 0):
 garbage-first heap   total 157696K, used 26788K [0x0000000080000000, 0x0000000100000000)
  region size 1024K, 6 young (6144K), 6 survivors (6144K)
 Metaspace       used 44089K, capacity 45109K, committed 45260K, reserved 1089536K
  class space    used 5670K, capacity 6054K, committed 6092K, reserved 1048576K
}
Event: 5.217 GC heap before
{Heap before GC invocations=10 (full 0):
 garbage-first heap   total 157696K, used 103588K [0x0000000080000000, 0x0000000100000000)
  region size 1024K, 79 young (80896K), 6 survivors (6144K)
 Metaspace       used 51509K, capacity 52749K, committed 52940K, reserved 1095680K
  class space    used 6591K, capacity 7011K, committed 7116K, reserved 1048576K
}
Event: 5.225 GC heap after
{Heap after GC invocations=11 (full 0):
 garbage-first heap   total 157696K, used 37610K [0x0000000080000000, 0x0000000100000000)
  region size 1024K, 10 young (10240K), 10 survivors (10240K)
 Metaspace       used 51509K, capacity 52749K, committed 52940K, reserved 1095680K
  class space    used 6591K, capacity 7011K, committed 7116K, reserved 1048576K
}
Event: 6.185 GC heap before
{Heap before GC invocations=11 (full 0):
 garbage-first heap   total 157696K, used 97002K [0x0000000080000000, 0x0000000100000000)
  region size 1024K, 68 young (69632K), 10 survivors (10240K)
 Metaspace       used 58708K, capacity 60165K, committed 60236K, reserved 1101824K
  class space    used 7446K, capacity 7951K, committed 8012K, reserved 1048576K
}
Event: 6.209 GC heap after
{Heap after GC invocations=12 (full 0):
 garbage-first heap   total 157696K, used 43318K [0x0000000080000000, 0x0000000100000000)
  region size 1024K, 6 young (6144K), 6 survivors (6144K)
 Metaspace       used 58708K, capacity 60165K, committed 60236K, reserved 1101824K
  class space    used 7446K, capacity 7951K, committed 8012K, reserved 1048576K
}
Event: 7.106 GC heap before
{Heap before GC invocations=13 (full 0):
 garbage-first heap   total 157696K, used 108854K [0x0000000080000000, 0x0000000100000000)
  region size 1024K, 70 young (71680K), 6 survivors (6144K)
 Metaspace       used 64369K, capacity 65956K, committed 66124K, reserved 1105920K
  class space    used 8383K, capacity 8914K, committed 9036K, reserved 1048576K
}
Event: 7.114 GC heap after
{Heap after GC invocations=14 (full 0):
 garbage-first heap   total 157696K, used 47989K [0x0000000080000000, 0x0000000100000000)
  region size 1024K, 6 young (6144K), 6 survivors (6144K)
 Metaspace       used 64369K, capacity 65956K, committed 66124K, reserved 1105920K
  class space    used 8383K, capacity 8914K, committed 9036K, reserved 1048576K
}
Event: 8.097 GC heap before
{Heap before GC invocations=14 (full 0):
 garbage-first heap   total 157696K, used 113525K [0x0000000080000000, 0x0000000100000000)
  region size 1024K, 70 young (71680K), 6 survivors (6144K)
 Metaspace       used 71370K, capacity 73017K, committed 73292K, reserved 1112064K
  class space    used 9385K, capacity 9986K, committed 10060K, reserved 1048576K
}

Deoptimization events (20 events):
Event: 7.715 Thread 0x0000021672c86800 DEOPT PACKING pc=0x000002165b1e4b63 sp=0x000000cea20f9ae0
Event: 7.715 Thread 0x0000021672c86800 DEOPT UNPACKING pc=0x000002165a3e72ce sp=0x000000cea20f8f90 mode 0
Event: 7.715 Thread 0x0000021672c86800 DEOPT PACKING pc=0x000002165b1e4b63 sp=0x000000cea20f9ae0
Event: 7.715 Thread 0x0000021672c86800 DEOPT UNPACKING pc=0x000002165a3e72ce sp=0x000000cea20f8f90 mode 0
Event: 7.715 Thread 0x0000021672c86800 DEOPT PACKING pc=0x000002165b1e4b63 sp=0x000000cea20f9ae0
Event: 7.715 Thread 0x0000021672c86800 DEOPT UNPACKING pc=0x000002165a3e72ce sp=0x000000cea20f8f90 mode 0
Event: 7.715 Thread 0x0000021672c86800 DEOPT PACKING pc=0x000002165b1e4b63 sp=0x000000cea20f9ae0
Event: 7.715 Thread 0x0000021672c86800 DEOPT UNPACKING pc=0x000002165a3e72ce sp=0x000000cea20f8f90 mode 0
Event: 7.794 Thread 0x0000021672c86800 DEOPT PACKING pc=0x000002165b32d1a7 sp=0x000000cea20f9520
Event: 7.794 Thread 0x0000021672c86800 DEOPT UNPACKING pc=0x000002165a3e72ce sp=0x000000cea20f89d0 mode 0
Event: 7.860 Thread 0x0000021672c86800 Uncommon trap: trap_request=0xffffff4d fr.pc=0x000002166207e970 relative=0x00000000000006f0
Event: 7.860 Thread 0x0000021672c86800 Uncommon trap: reason=unstable_if action=reinterpret pc=0x000002166207e970 method=java.util.HashMap.putVal(ILjava/lang/Object;Ljava/lang/Object;ZZ)Ljava/lang/Object; @ 109 c2
Event: 7.860 Thread 0x0000021672c86800 DEOPT PACKING pc=0x000002166207e970 sp=0x000000cea20f8860
Event: 7.860 Thread 0x0000021672c86800 DEOPT UNPACKING pc=0x000002165a3e74af sp=0x000000cea20f8778 mode 2
Event: 7.860 Thread 0x0000021672c86800 Uncommon trap: trap_request=0xffffff4d fr.pc=0x000002166202408c relative=0x000000000000068c
Event: 7.860 Thread 0x0000021672c86800 Uncommon trap: reason=unstable_if action=reinterpret pc=0x000002166202408c method=java.util.HashMap.putVal(ILjava/lang/Object;Ljava/lang/Object;ZZ)Ljava/lang/Object; @ 109 c2
Event: 7.860 Thread 0x0000021672c86800 DEOPT PACKING pc=0x000002166202408c sp=0x000000cea20f87b0
Event: 7.860 Thread 0x0000021672c86800 DEOPT UNPACKING pc=0x000002165a3e74af sp=0x000000cea20f8768 mode 2
Event: 7.931 Thread 0x0000021672c86800 DEOPT PACKING pc=0x000002165b52b1bb sp=0x000000cea20f87f0
Event: 7.931 Thread 0x0000021672c86800 DEOPT UNPACKING pc=0x000002165a3e72ce sp=0x000000cea20f7d30 mode 0

Classes redefined (0 events):
No events

Internal exceptions (20 events):
Event: 6.410 Thread 0x0000021672c86800 Exception <a 'java/lang/ClassNotFoundException'{0x0000000088443c70}: java/lang/EnumBeanInfo> (0x0000000088443c70) thrown at [./src/hotspot/share/classfile/systemDictionary.cpp, line 231]
Event: 6.410 Thread 0x0000021672c86800 Exception <a 'java/lang/ClassNotFoundException'{0x000000008844e5e0}: java/lang/EnumCustomizer> (0x000000008844e5e0) thrown at [./src/hotspot/share/classfile/systemDictionary.cpp, line 231]
Event: 6.412 Thread 0x0000021672c86800 Exception <a 'java/lang/ClassNotFoundException'{0x00000000884782a8}: org/gradle/api/JavaVersionCustomizer> (0x00000000884782a8) thrown at [./src/hotspot/share/classfile/systemDictionary.cpp, line 231]
Event: 6.416 Thread 0x0000021672c86800 Exception <a 'java/lang/ClassNotFoundException'{0x00000000884c5c38}: com/android/build/gradle/internal/CompileOptions_DecoratedBeanInfo> (0x00000000884c5c38) thrown at [./src/hotspot/share/classfile/systemDictionary.cpp, line 231]
Event: 6.416 Thread 0x0000021672c86800 Exception <a 'java/lang/ClassNotFoundException'{0x00000000884da990}: com/android/build/gradle/internal/CompileOptionsBeanInfo> (0x00000000884da990) thrown at [./src/hotspot/share/classfile/systemDictionary.cpp, line 231]
Event: 6.417 Thread 0x0000021672c86800 Exception <a 'java/lang/ClassNotFoundException'{0x00000000884efd28}: com/android/build/gradle/internal/CompileOptionsCustomizer> (0x00000000884efd28) thrown at [./src/hotspot/share/classfile/systemDictionary.cpp, line 231]
Event: 6.418 Thread 0x0000021672c86800 Exception <a 'java/lang/ClassNotFoundException'{0x0000000088311c58}: com/android/build/gradle/internal/CompileOptions_DecoratedCustomizer> (0x0000000088311c58) thrown at [./src/hotspot/share/classfile/systemDictionary.cpp, line 231]
Event: 7.085 Thread 0x0000021672c86800 Exception <a 'java/lang/ClassNotFoundException'{0x00000000856f1180}: com/android/build/gradle/internal/api/ApkVariantOutputImpl_DecoratedBeanInfo> (0x00000000856f1180) thrown at [./src/hotspot/share/classfile/systemDictionary.cpp, line 231]
Event: 7.085 Thread 0x0000021672c86800 Exception <a 'java/lang/ClassNotFoundException'{0x0000000085506c08}: com/android/build/gradle/internal/api/ApkVariantOutputImplBeanInfo> (0x0000000085506c08) thrown at [./src/hotspot/share/classfile/systemDictionary.cpp, line 231]
Event: 7.086 Thread 0x0000021672c86800 Exception <a 'java/lang/ClassNotFoundException'{0x000000008551c768}: com/android/build/gradle/internal/api/BaseVariantOutputImplBeanInfo> (0x000000008551c768) thrown at [./src/hotspot/share/classfile/systemDictionary.cpp, line 231]
Event: 7.086 Thread 0x0000021672c86800 Exception <a 'java/lang/ClassNotFoundException'{0x00000000855322f0}: com/android/build/gradle/internal/api/BaseVariantOutputImplCustomizer> (0x00000000855322f0) thrown at [./src/hotspot/share/classfile/systemDictionary.cpp, line 231]
Event: 7.087 Thread 0x0000021672c86800 Exception <a 'java/lang/ClassNotFoundException'{0x000000008555a550}: com/android/build/gradle/internal/api/ApkVariantOutputImplCustomizer> (0x000000008555a550) thrown at [./src/hotspot/share/classfile/systemDictionary.cpp, line 231]
Event: 7.088 Thread 0x0000021672c86800 Exception <a 'java/lang/ClassNotFoundException'{0x000000008557e6c8}: com/android/build/gradle/internal/api/ApkVariantOutputImpl_DecoratedCustomizer> (0x000000008557e6c8) thrown at [./src/hotspot/share/classfile/systemDictionary.cpp, line 231]
Event: 7.118 Thread 0x0000021672c86800 Implicit null exception at 0x000002166212dd43 to 0x000002166212df38
Event: 7.373 Thread 0x0000021672c86800 Exception <a 'sun/nio/fs/WindowsException'{0x0000000088cc6798}> (0x0000000088cc6798) thrown at [./src/hotspot/share/prims/jni.cpp, line 615]
Event: 7.474 Thread 0x0000021672c86800 Exception <a 'java/lang/NullPointerException'{0x000000008831a730}> (0x000000008831a730) thrown at [./src/hotspot/share/interpreter/linkResolver.cpp, line 1440]
Event: 7.685 Thread 0x0000021672c86800 Exception <a 'java/lang/NoSuchMethodError'{0x000000008757b708}: 'int java.lang.invoke.DirectMethodHandle$Holder.invokeStatic(java.lang.Object, java.lang.Object, int, java.lang.Object)'> (0x000000008757b708) thrown at [./src/hotspot/share/interpreter/linkResolver.cpp, line 773]
Event: 7.686 Thread 0x0000021672c86800 Exception <a 'java/lang/NoSuchMethodError'{0x00000000875827f8}: 'java.lang.Object java.lang.invoke.Invokers$Holder.linkToTargetMethod(java.lang.Object, int, java.lang.Object)'> (0x00000000875827f8) thrown at [./src/hotspot/share/interpreter/linkResolver.cpp, line 773]
Event: 7.961 Thread 0x0000021672c86800 Exception <a 'java/lang/NoSuchMethodError'{0x00000000863106c8}: 'void java.lang.invoke.DirectMethodHandle$Holder.invokeStatic(java.lang.Object, java.lang.Object, java.lang.Object, java.lang.Object, java.lang.Object, java.lang.Object, java.lang.Object)'> (0x00000000863106c8) thrown at [./src/hotspot/share/interpreter/linkResolver.cpp, line 773]
Event: 7.982 Thread 0x0000021672c86800 Exception <a 'java/lang/NoSuchMethodError'{0x00000000862efe08}: 'java.lang.Object java.lang.invoke.Invokers$Holder.linkToTargetMethod(java.lang.Object, int, int, java.lang.Object)'> (0x00000000862efe08) thrown at [./src/hotspot/share/interpreter/linkResolver.cpp, line 773]

Events (20 events):
Event: 8.083 loading class com/android/build/gradle/internal/scope/InternalArtifactType$ASSET_PACK_MANIFESTS done
Event: 8.083 loading class com/android/build/gradle/internal/scope/InternalArtifactType$LINKED_RES_FOR_ASSET_PACK
Event: 8.083 loading class com/android/build/gradle/internal/scope/InternalArtifactType$LINKED_RES_FOR_ASSET_PACK done
Event: 8.083 loading class com/android/build/gradle/internal/scope/InternalArtifactType$ML_SOURCE_OUT
Event: 8.083 loading class com/android/build/gradle/internal/scope/InternalArtifactType$ML_SOURCE_OUT done
Event: 8.084 loading class com/android/build/gradle/internal/scope/InternalArtifactType$VERIFIED_LIBRARY_RESOURCES
Event: 8.084 loading class com/android/build/gradle/internal/scope/InternalArtifactType$VERIFIED_LIBRARY_RESOURCES done
Event: 8.087 loading class com/android/build/gradle/tasks/ShaderCompile$WorkAction$Params
Event: 8.087 loading class com/android/build/gradle/tasks/ShaderCompile$WorkAction$Params done
Event: 8.087 loading class com/android/build/gradle/internal/profile/ProfileAwareWorkAction$Parameters
Event: 8.087 loading class com/android/build/gradle/internal/profile/ProfileAwareWorkAction$Parameters done
Event: 8.092 loading class com/google/common/collect/AbstractMapBasedMultimap$KeySet
Event: 8.092 loading class com/google/common/collect/AbstractMapBasedMultimap$KeySet done
Event: 8.092 loading class com/google/common/collect/Maps$KeySet
Event: 8.092 loading class com/google/common/collect/Maps$KeySet done
Event: 8.093 loading class com/google/common/collect/Sets$ImprovedAbstractSet
Event: 8.093 loading class com/google/common/collect/Sets$ImprovedAbstractSet done
Event: 8.094 loading class com/google/common/collect/AbstractMapBasedMultimap$KeySet$1
Event: 8.094 loading class com/google/common/collect/AbstractMapBasedMultimap$KeySet$1 done
Event: 8.097 Executing VM operation: G1CollectForAllocation


Dynamic libraries:
0x00007ff68e140000 - 0x00007ff68e14a000 	D:\Android\Android Studio\jre\bin\java.exe
0x00007ffe06470000 - 0x00007ffe06665000 	C:\WINDOWS\SYSTEM32\ntdll.dll
0x00007ffe04b80000 - 0x00007ffe04c3d000 	C:\WINDOWS\System32\KERNEL32.DLL
0x00007ffe03fa0000 - 0x00007ffe0426d000 	C:\WINDOWS\System32\KERNELBASE.dll
0x00007ffe03df0000 - 0x00007ffe03ef0000 	C:\WINDOWS\System32\ucrtbase.dll
0x00007ffdf18b0000 - 0x00007ffdf18c7000 	D:\Android\Android Studio\jre\bin\VCRUNTIME140.dll
0x00007ffde7a50000 - 0x00007ffde7a69000 	D:\Android\Android Studio\jre\bin\jli.dll
0x00007ffe04520000 - 0x00007ffe046c0000 	C:\WINDOWS\System32\USER32.dll
0x00007ffe042f0000 - 0x00007ffe04312000 	C:\WINDOWS\System32\win32u.dll
0x00007ffdf5240000 - 0x00007ffdf54da000 	C:\WINDOWS\WinSxS\amd64_microsoft.windows.common-controls_6595b64144ccf1df_6.0.19041.1110_none_60b5254171f9507e\COMCTL32.dll
0x00007ffe046c0000 - 0x00007ffe0475e000 	C:\WINDOWS\System32\msvcrt.dll
0x00007ffe04b50000 - 0x00007ffe04b7a000 	C:\WINDOWS\System32\GDI32.dll
0x00007ffe03ce0000 - 0x00007ffe03deb000 	C:\WINDOWS\System32\gdi32full.dll
0x00007ffe04390000 - 0x00007ffe0442d000 	C:\WINDOWS\System32\msvcp_win.dll
0x00007ffe04880000 - 0x00007ffe048b0000 	C:\WINDOWS\System32\IMM32.DLL
0x00007ffdca210000 - 0x00007ffdca2ad000 	D:\Android\Android Studio\jre\bin\msvcp140.dll
0x00007ffdbdf40000 - 0x00007ffdbe9fc000 	D:\Android\Android Studio\jre\bin\server\jvm.dll
0x00007ffe05050000 - 0x00007ffe050fe000 	C:\WINDOWS\System32\ADVAPI32.dll
0x00007ffe04930000 - 0x00007ffe049cc000 	C:\WINDOWS\System32\sechost.dll
0x00007ffe055a0000 - 0x00007ffe056c5000 	C:\WINDOWS\System32\RPCRT4.dll
0x00007ffe05910000 - 0x00007ffe05918000 	C:\WINDOWS\System32\PSAPI.DLL
0x00007ffdfe610000 - 0x00007ffdfe619000 	C:\WINDOWS\SYSTEM32\WSOCK32.dll
0x00007ffdfcb30000 - 0x00007ffdfcb3a000 	C:\WINDOWS\SYSTEM32\VERSION.dll
0x00007ffdf56d0000 - 0x00007ffdf56f7000 	C:\WINDOWS\SYSTEM32\WINMM.dll
0x00007ffe04ca0000 - 0x00007ffe04d0b000 	C:\WINDOWS\System32\WS2_32.dll
0x00007ffe02460000 - 0x00007ffe02472000 	C:\WINDOWS\SYSTEM32\kernel.appcore.dll
0x00007ffdfe5f0000 - 0x00007ffdfe601000 	D:\Android\Android Studio\jre\bin\verify.dll
0x00007ffde7ba0000 - 0x00007ffde7d84000 	C:\WINDOWS\SYSTEM32\DBGHELP.DLL
0x00007ffde7950000 - 0x00007ffde797c000 	C:\WINDOWS\SYSTEM32\dbgcore.DLL
0x00007ffe04430000 - 0x00007ffe044b2000 	C:\WINDOWS\System32\bcryptPrimitives.dll
0x00007ffdfe5c0000 - 0x00007ffdfe5e9000 	D:\Android\Android Studio\jre\bin\java.dll
0x00007ffdfe5b0000 - 0x00007ffdfe5bb000 	D:\Android\Android Studio\jre\bin\jimage.dll
0x00007ffdfe3d0000 - 0x00007ffdfe3e8000 	D:\Android\Android Studio\jre\bin\zip.dll
0x00007ffe05920000 - 0x00007ffe06064000 	C:\WINDOWS\System32\SHELL32.dll
0x00007ffe01c60000 - 0x00007ffe023f4000 	C:\WINDOWS\SYSTEM32\windows.storage.dll
0x00007ffe060d0000 - 0x00007ffe06424000 	C:\WINDOWS\System32\combase.dll
0x00007ffe035e0000 - 0x00007ffe0360c000 	C:\WINDOWS\SYSTEM32\Wldp.dll
0x00007ffe049d0000 - 0x00007ffe04a7d000 	C:\WINDOWS\System32\SHCORE.dll
0x00007ffe04ff0000 - 0x00007ffe05045000 	C:\WINDOWS\System32\shlwapi.dll
0x00007ffe03ac0000 - 0x00007ffe03adf000 	C:\WINDOWS\SYSTEM32\profapi.dll
0x00007ffdfe3b0000 - 0x00007ffdfe3ca000 	D:\Android\Android Studio\jre\bin\net.dll
0x00007ffdf3a30000 - 0x00007ffdf3b3a000 	C:\WINDOWS\SYSTEM32\WINHTTP.dll
0x00007ffe03340000 - 0x00007ffe033aa000 	C:\WINDOWS\system32\mswsock.dll
0x00007ffdfe390000 - 0x00007ffdfe3a4000 	D:\Android\Android Studio\jre\bin\nio.dll
0x00007ffdfc910000 - 0x00007ffdfc937000 	C:\Users\julia\.gradle\native\fdc75f09e3144964f2cf3f50f0aa648679c211496f362492102eb8c894070792\windows-amd64\native-platform.dll
0x00007ffdd02b0000 - 0x00007ffdd0446000 	C:\Users\julia\.gradle\native\12488b8bf47d2d4c9fbf2f6322a914ad602e24e48041cd04a747c6da556b65c4\windows-amd64\native-platform-file-events.dll
0x00007ffdfe380000 - 0x00007ffdfe38a000 	D:\Android\Android Studio\jre\bin\management.dll
0x00007ffdfe370000 - 0x00007ffdfe37c000 	D:\Android\Android Studio\jre\bin\management_ext.dll
0x00007ffe03540000 - 0x00007ffe03558000 	C:\WINDOWS\SYSTEM32\CRYPTSP.dll
0x00007ffe02c50000 - 0x00007ffe02c84000 	C:\WINDOWS\system32\rsaenh.dll
0x00007ffe04270000 - 0x00007ffe04297000 	C:\WINDOWS\System32\bcrypt.dll
0x00007ffe03a80000 - 0x00007ffe03aae000 	C:\WINDOWS\SYSTEM32\USERENV.dll
0x00007ffe03530000 - 0x00007ffe0353c000 	C:\WINDOWS\SYSTEM32\CRYPTBASE.dll
0x00007ffe02fe0000 - 0x00007ffe0301b000 	C:\WINDOWS\SYSTEM32\IPHLPAPI.DLL
0x00007ffe056d0000 - 0x00007ffe056d8000 	C:\WINDOWS\System32\NSI.dll
0x00007ffdfb1a0000 - 0x00007ffdfb1b7000 	C:\WINDOWS\SYSTEM32\dhcpcsvc6.DLL
0x00007ffdfb280000 - 0x00007ffdfb29d000 	C:\WINDOWS\SYSTEM32\dhcpcsvc.DLL
0x00007ffe03030000 - 0x00007ffe030fb000 	C:\WINDOWS\SYSTEM32\DNSAPI.dll
0x00007ffdfba20000 - 0x00007ffdfba2b000 	C:\WINDOWS\SYSTEM32\WINNSI.DLL

dbghelp: loaded successfully - version: 4.0.5 - missing functions: none
symbol engine: initialized successfully - sym options: 0x614 - pdb path: .;D:\Android\Android Studio\jre\bin;C:\WINDOWS\SYSTEM32;C:\WINDOWS\WinSxS\amd64_microsoft.windows.common-controls_6595b64144ccf1df_6.0.19041.1110_none_60b5254171f9507e;D:\Android\Android Studio\jre\bin\server;C:\Users\julia\.gradle\native\fdc75f09e3144964f2cf3f50f0aa648679c211496f362492102eb8c894070792\windows-amd64;C:\Users\julia\.gradle\native\12488b8bf47d2d4c9fbf2f6322a914ad602e24e48041cd04a747c6da556b65c4\windows-amd64

VM Arguments:
jvm_args: --add-opens=java.base/java.util=ALL-UNNAMED --add-opens=java.base/java.lang=ALL-UNNAMED --add-opens=java.base/java.lang.invoke=ALL-UNNAMED --add-opens=java.prefs/java.util.prefs=ALL-UNNAMED -Xmx2048m -Dfile.encoding=UTF-8 -Duser.country=UA -Duser.language=uk -Duser.variant 
java_command: org.gradle.launcher.daemon.bootstrap.GradleDaemon 6.7.1
java_class_path (initial): C:\Users\julia\.gradle\wrapper\dists\gradle-6.7.1-bin\bwlcbys1h7rz3272sye1xwiv6\gradle-6.7.1\lib\gradle-launcher-6.7.1.jar
Launcher Type: SUN_STANDARD

[Global flags]
     intx CICompilerCount                          = 4                                         {product} {ergonomic}
     uint ConcGCThreads                            = 2                                         {product} {ergonomic}
     uint G1ConcRefinementThreads                  = 8                                         {product} {ergonomic}
   size_t G1HeapRegionSize                         = 1048576                                   {product} {ergonomic}
    uintx GCDrainStackTargetSize                   = 64                                        {product} {ergonomic}
   size_t InitialHeapSize                          = 134217728                                 {product} {ergonomic}
   size_t MarkStackSize                            = 4194304                                   {product} {ergonomic}
   size_t MaxHeapSize                              = 2147483648                                {product} {command line}
   size_t MaxNewSize                               = 1287651328                                {product} {ergonomic}
   size_t MinHeapDeltaBytes                        = 1048576                                   {product} {ergonomic}
    uintx NonNMethodCodeHeapSize                   = 5836300                                {pd product} {ergonomic}
    uintx NonProfiledCodeHeapSize                  = 122910970                              {pd product} {ergonomic}
    uintx ProfiledCodeHeapSize                     = 122910970                              {pd product} {ergonomic}
    uintx ReservedCodeCacheSize                    = 251658240                              {pd product} {ergonomic}
     bool SegmentedCodeCache                       = true                                      {product} {ergonomic}
     bool UseCompressedClassPointers               = true                                 {lp64_product} {ergonomic}
     bool UseCompressedOops                        = true                                 {lp64_product} {ergonomic}
     bool UseG1GC                                  = true                                      {product} {ergonomic}
     bool UseLargePagesIndividualAllocation        = false                                  {pd product} {ergonomic}

Logging:
Log output configuration:
 #0: stdout all=warning uptime,level,tags
 #1: stderr all=off uptime,level,tags

Environment Variables:
JAVA_HOME=C:\Program Files\Java\jdk1.8.0_202
PATH=C:\Program Files (x86)\Common Files\Oracle\Java\javapath;C:\WINDOWS\system32;C:\WINDOWS;C:\WINDOWS\System32\Wbem;C:\WINDOWS\System32\WindowsPowerShell\v1.0\;C:\WINDOWS\System32\OpenSSH\;C:\Program Files\Common Files\Autodesk Shared\;C:\Program Files\Microsoft SQL Server\120\Tools\Binn\;C:\Program Files\Microsoft SQL Server\130\Tools\Binn\;C:\Program Files\dotnet\;C:\Program Files\Microsoft SQL Server\Client SDK\ODBC\130\Tools\Binn\;C:\Program Files (x86)\Microsoft SQL Server\140\Tools\Binn\;C:\Program Files\Microsoft SQL Server\140\Tools\Binn\;C:\Program Files\Microsoft SQL Server\140\DTS\Binn\;C:\Program Files (x86)\Microsoft SQL Server\Client SDK\ODBC\130\Tools\Binn\;C:\Program Files (x86)\Microsoft SQL Server\140\DTS\Binn\;C:\Program Files (x86)\Microsoft SQL Server\140\Tools\Binn\ManagementStudio\;C:\Program Files\Microsoft SQL Server\Client SDK\ODBC\170\Tools\Binn\;C:\Program Files (x86)\Microsoft SQL Server\150\Tools\Binn\;C:\Program Files\Microsoft SQL Server\150\Tools\Binn\;C:\Program Files\Microsoft SQL Server\150\DTS\Binn\;C:\Program Files (x86)\Microsoft SQL Server\150\DTS\Binn\;C:\Program Files (x86)\dotnet\;C:\Program Files\Git\cmd;C:\ProgramData\chocolatey\bin;C:\Program Files\Java\jdk1.8.0_202\bin;C:\Program Files\Python27;C:\apache-cassandra-3.11.12-bin\apache-cassandra-3.11.12\bin;C:\Program Files\Java\jdk1.8.0_202\bin;C:\Program Files\MySQL\MySQL Shell 8.0\bin\;C:\Users\julia\AppData\Local\Microsoft\WindowsApps;C:\Users\julia\.dotnet\tools;D:\Android\flutter\bin;C:\Users\julia\AppData\Local\GitHubDesktop\bin;C:\tools\dart-sdk\bin;C:\Users\julia\AppData\Roaming\Pub\Cache\bin;D:\Microsoft VS Code\bin;;D:\IntelliJ IDEA\IntelliJ IDEA Community Edition 2021.3\bin;;D:\WebStorm 2020.1\bin;
USERNAME=julia
OS=Windows_NT
PROCESSOR_IDENTIFIER=Intel64 Family 6 Model 142 Stepping 10, GenuineIntel



---------------  S Y S T E M  ---------------

OS: Windows 10 , 64 bit Build 19041 (10.0.19041.1706)
OS uptime: 1 days 1:15 hours

CPU:total 8 (initial active 8) (4 cores per cpu, 2 threads per core) family 6 model 142 stepping 10, cmov, cx8, fxsr, mmx, sse, sse2, sse3, ssse3, sse4.1, sse4.2, popcnt, avx, avx2, aes, clmul, erms, 3dnowpref, lzcnt, ht, tsc, tscinvbit, bmi1, bmi2, adx, fma

Memory: 4k page, system-wide physical 8076M (1148M free)
TotalPageFile size 16446M (AvailPageFile size 25M)
current process WorkingSet (physical memory assigned to process): 379M, peak: 384M
current process commit charge ("private bytes"): 421M, peak: 452M

vm_info: OpenJDK 64-Bit Server VM (11.0.8+10-b944.6842174) for windows-amd64 JRE (11.0.8+10-b944.6842174), built on Sep 19 2020 01:11:42 by "builder" with MS VC++ 14.0 (VS2015)

END.
