#
# There is insufficient memory for the Java Runtime Environment to continue.
# Native memory allocation (malloc) failed to allocate 2310576 bytes for Chunk::new
# Possible reasons:
#   The system is out of physical RAM or swap space
#   The process is running with CompressedOops enabled, and the Java Heap may be blocking the growth of the native heap
# Possible solutions:
#   Reduce memory load on the system
#   Increase physical memory or swap space
#   Check if swap backing store is full
#   Decrease Java heap size (-Xmx/-Xms)
#   Decrease number of Java threads
#   Decrease Java thread stack sizes (-Xss)
#   Set larger code cache with -XX:ReservedCodeCacheSize=
#   JVM is running with Unscaled Compressed Oops mode in which the Java heap is
#     placed in the first 4GB address space. The Java Heap base address is the
#     maximum limit for the native heap growth. Please use -XX:HeapBaseMinAddress
#     to set the Java Heap base and to place the Java Heap above 4GB virtual address.
# This output file may be truncated or incomplete.
#
#  Out of Memory Error (./src/hotspot/share/memory/arena.cpp:197), pid=3168, tid=11180
#
# JRE version: OpenJDK Runtime Environment (11.0.8+10) (build 11.0.8+10-b944.6842174)
# Java VM: OpenJDK 64-Bit Server VM (11.0.8+10-b944.6842174, mixed mode, tiered, compressed oops, g1 gc, windows-amd64)
# No core dump will be written. Minidumps are not enabled by default on client versions of Windows
#

---------------  S U M M A R Y ------------

Command Line: --add-opens=java.base/java.util=ALL-UNNAMED --add-opens=java.base/java.lang=ALL-UNNAMED --add-opens=java.base/java.lang.invoke=ALL-UNNAMED --add-opens=java.prefs/java.util.prefs=ALL-UNNAMED -Xmx2048m -Dfile.encoding=UTF-8 -Duser.country=UA -Duser.language=uk -Duser.variant org.gradle.launcher.daemon.bootstrap.GradleDaemon 6.7.1

Host: Intel(R) Core(TM) i5-8250U CPU @ 1.60GHz, 8 cores, 7G,  Windows 10 , 64 bit Build 19041 (10.0.19041.1706)
Time: Mon May 30 20:05:22 2022 Ô³íëÿíä³ÿ (ë³òî) elapsed time: 5 seconds (0d 0h 0m 5s)

---------------  T H R E A D  ---------------

Current thread (0x00000225eadd7800):  JavaThread "C2 CompilerThread1" daemon [_thread_in_native, id=11180, stack(0x000000625b100000,0x000000625b200000)]


Current CompileTask:
C2:   5135 4757   !   4       com.google.common.reflect.TypeVisitor::visit (225 bytes)

Stack: [0x000000625b100000,0x000000625b200000]
Native frames: (J=compiled Java code, j=interpreted, Vv=VM code, C=native code)
V  [jvm.dll+0x5de50a]
V  [jvm.dll+0x7122f5]
V  [jvm.dll+0x71384d]
V  [jvm.dll+0x713f03]
V  [jvm.dll+0x23e728]
V  [jvm.dll+0xb899c]
V  [jvm.dll+0xb8e9c]
V  [jvm.dll+0x35020b]
V  [jvm.dll+0x31dea3]
V  [jvm.dll+0x31d39a]
V  [jvm.dll+0x1f7702]
V  [jvm.dll+0x1f68d4]
V  [jvm.dll+0x17f32c]
V  [jvm.dll+0x205047]
V  [jvm.dll+0x203891]
V  [jvm.dll+0x6dad3f]
V  [jvm.dll+0x6d3895]
V  [jvm.dll+0x5dd4a6]
C  [ucrtbase.dll+0x21bb2]
C  [KERNEL32.DLL+0x17034]
C  [ntdll.dll+0x52651]


---------------  P R O C E S S  ---------------

Threads class SMR info:
_java_thread_list=0x00000225f18ddbb0, length=137, elements={
0x00000225cdeeb800, 0x00000225ea1b2800, 0x00000225ea1bc000, 0x00000225ea1cd000,
0x00000225ea1ce800, 0x00000225ea1d0800, 0x00000225ea1dc000, 0x00000225ea1e0800,
0x00000225eac9b000, 0x00000225eacc0000, 0x00000225eadd7800, 0x00000225ec304000,
0x00000225ec98a000, 0x00000225eccdd000, 0x00000225ed03f800, 0x00000225ee6a3000,
0x00000225ed181000, 0x00000225ec21f800, 0x00000225ece9a800, 0x00000225ec463800,
0x00000225ed784800, 0x00000225ecf3e800, 0x00000225eb818800, 0x00000225eb81b000,
0x00000225eb819000, 0x00000225eb81a000, 0x00000225ed282800, 0x00000225ed283800,
0x00000225ed284800, 0x00000225ed281000, 0x00000225ed286800, 0x00000225ed285000,
0x00000225ed287800, 0x00000225f16b7800, 0x00000225f16b9800, 0x00000225f16b8800,
0x00000225f16b4800, 0x00000225f16ba000, 0x00000225f16b6000, 0x00000225f16bb000,
0x00000225f16b5000, 0x00000225f16bb800, 0x00000225f16bc800, 0x00000225f16b7000,
0x00000225f16c1800, 0x00000225f16be000, 0x00000225f16c3000, 0x00000225f16bf000,
0x00000225f16c0000, 0x00000225f16c2000, 0x00000225f16c0800, 0x00000225f16bd800,
0x00000225eff85800, 0x00000225eff89800, 0x00000225eff8a000, 0x00000225eff8c000,
0x00000225eff88800, 0x00000225eff8b000, 0x00000225eff86000, 0x00000225eff8c800,
0x00000225eff87000, 0x00000225eff8d800, 0x00000225eff88000, 0x00000225eff94000,
0x00000225eff91000, 0x00000225eff91800, 0x00000225eff8e800, 0x00000225eff8f000,
0x00000225eff92800, 0x00000225eff90000, 0x00000225eff93000, 0x00000225eef45000,
0x00000225eef43800, 0x00000225eef48000, 0x00000225eef49000, 0x00000225eef4a000,
0x00000225eef44000, 0x00000225eef4a800, 0x00000225eef47800, 0x00000225eef4b800,
0x00000225eef45800, 0x00000225eef4c000, 0x00000225eef46800, 0x00000225eef4d000,
0x00000225eef52000, 0x00000225eef4f800, 0x00000225eef4e000, 0x00000225eef50800,
0x00000225eef4e800, 0x00000225eef51000, 0x00000225f0cdf000, 0x00000225f0cdd000,
0x00000225f0ce0800, 0x00000225f0cdf800, 0x00000225f0cde000, 0x00000225f0ce1800,
0x00000225f0cdb800, 0x00000225f0cdc800, 0x00000225f0ce8000, 0x00000225f0ce5800,
0x00000225f0ce3000, 0x00000225f0ce3800, 0x00000225f0ce4800, 0x00000225f0ce6000,
0x00000225f0ce2000, 0x00000225f0ce7000, 0x00000225f0cea000, 0x00000225f0ce8800,
0x00000225f0ce9800, 0x00000225eec52800, 0x00000225eec53800, 0x00000225eec4e000,
0x00000225eec4f800, 0x00000225eec54800, 0x00000225eec4e800, 0x00000225eec56000,
0x00000225eec51000, 0x00000225eec55000, 0x00000225eec50800, 0x00000225eec57800,
0x00000225eec52000, 0x00000225eec5c800, 0x00000225eec57000, 0x00000225eec59000,
0x00000225eec5a000, 0x00000225eec5b000, 0x00000225eec5b800, 0x00000225eec58800,
0x00000225f00b8800, 0x00000225f00b7800, 0x00000225f00b9000, 0x00000225f00b7000,
0x00000225f00ba000, 0x00000225f00bb000, 0x00000225f00bb800, 0x00000225f00b6000,
0x00000225f00bf000
}

Java Threads: ( => current thread )
  0x00000225cdeeb800 JavaThread "main" [_thread_blocked, id=16340, stack(0x000000625a000000,0x000000625a100000)]
  0x00000225ea1b2800 JavaThread "Reference Handler" daemon [_thread_blocked, id=15728, stack(0x000000625a700000,0x000000625a800000)]
  0x00000225ea1bc000 JavaThread "Finalizer" daemon [_thread_blocked, id=17384, stack(0x000000625a800000,0x000000625a900000)]
  0x00000225ea1cd000 JavaThread "Signal Dispatcher" daemon [_thread_blocked, id=15948, stack(0x000000625a900000,0x000000625aa00000)]
  0x00000225ea1ce800 JavaThread "Attach Listener" daemon [_thread_blocked, id=8932, stack(0x000000625aa00000,0x000000625ab00000)]
  0x00000225ea1d0800 JavaThread "C2 CompilerThread0" daemon [_thread_in_native, id=15472, stack(0x000000625ab00000,0x000000625ac00000)]
  0x00000225ea1dc000 JavaThread "C1 CompilerThread0" daemon [_thread_blocked, id=15588, stack(0x000000625ac00000,0x000000625ad00000)]
  0x00000225ea1e0800 JavaThread "Sweeper thread" daemon [_thread_blocked, id=15100, stack(0x000000625ad00000,0x000000625ae00000)]
  0x00000225eac9b000 JavaThread "Common-Cleaner" daemon [_thread_blocked, id=14552, stack(0x000000625ae00000,0x000000625af00000)]
  0x00000225eacc0000 JavaThread "Service Thread" daemon [_thread_blocked, id=4420, stack(0x000000625af00000,0x000000625b000000)]
=>0x00000225eadd7800 JavaThread "C2 CompilerThread1" daemon [_thread_in_native, id=11180, stack(0x000000625b100000,0x000000625b200000)]
  0x00000225ec304000 JavaThread "C2 CompilerThread2" daemon [_thread_in_native, id=17428, stack(0x000000625b400000,0x000000625b500000)]
  0x00000225ec98a000 JavaThread "Daemon health stats" [_thread_blocked, id=3136, stack(0x000000625b500000,0x000000625b600000)]
  0x00000225eccdd000 JavaThread "Incoming local TCP Connector on port 55453" [_thread_in_native, id=17864, stack(0x000000625b800000,0x000000625b900000)]
  0x00000225ed03f800 JavaThread "Daemon periodic checks" [_thread_blocked, id=14872, stack(0x000000625b900000,0x000000625ba00000)]
  0x00000225ee6a3000 JavaThread "Daemon" [_thread_blocked, id=252, stack(0x000000625ba00000,0x000000625bb00000)]
  0x00000225ed181000 JavaThread "Handler for socket connection from /127.0.0.1:55453 to /127.0.0.1:55454" [_thread_in_native, id=14400, stack(0x000000625bb00000,0x000000625bc00000)]
  0x00000225ec21f800 JavaThread "Cancel handler" [_thread_blocked, id=7160, stack(0x000000625bc00000,0x000000625bd00000)]
  0x00000225ece9a800 JavaThread "Daemon worker" [_thread_in_vm, id=17620, stack(0x000000625bd00000,0x000000625be00000)]
  0x00000225ec463800 JavaThread "Asynchronous log dispatcher for DefaultDaemonConnection: socket connection from /127.0.0.1:55453 to /127.0.0.1:55454" [_thread_blocked, id=14504, stack(0x000000625be00000,0x000000625bf00000)]
  0x00000225ed784800 JavaThread "Stdin handler" [_thread_blocked, id=7308, stack(0x000000625bf00000,0x000000625c000000)]
  0x00000225ecf3e800 JavaThread "Thread-8" [_thread_blocked, id=7672, stack(0x000000625c000000,0x000000625c100000)]
  0x00000225eb818800 JavaThread "Cache worker for file hash cache (C:\Users\julia\.gradle\caches\6.7.1\fileHashes)" [_thread_blocked, id=4444, stack(0x000000625c600000,0x000000625c700000)]
  0x00000225eb81b000 JavaThread "File lock request listener" [_thread_in_native, id=15700, stack(0x000000625c700000,0x000000625c800000)]
  0x00000225eb819000 JavaThread "Cache worker for journal cache (C:\Users\julia\.gradle\caches\journal-1)" [_thread_blocked, id=16692, stack(0x000000625c900000,0x000000625ca00000)]
  0x00000225eb81a000 JavaThread "Cache worker for file hash cache (E:\sixth_semester\Android\LABs\Lab2\.gradle\6.7.1\fileHashes)" [_thread_blocked, id=2500, stack(0x000000625ca00000,0x000000625cb00000)]
  0x00000225ed282800 JavaThread "Cache worker for checksums cache (E:\sixth_semester\Android\LABs\Lab2\.gradle\checksums)" [_thread_blocked, id=9764, stack(0x000000625cb00000,0x000000625cc00000)]
  0x00000225ed283800 JavaThread "Cache worker for cache directory md-supplier (C:\Users\julia\.gradle\caches\6.7.1\md-supplier)" [_thread_blocked, id=14940, stack(0x000000625cc00000,0x000000625cd00000)]
  0x00000225ed284800 JavaThread "Cache worker for cache directory md-rule (C:\Users\julia\.gradle\caches\6.7.1\md-rule)" [_thread_blocked, id=13844, stack(0x000000625cd00000,0x000000625ce00000)]
  0x00000225ed281000 JavaThread "Cache worker for execution history cache (C:\Users\julia\.gradle\caches\6.7.1\executionHistory)" [_thread_blocked, id=13592, stack(0x000000625ce00000,0x000000625cf00000)]
  0x00000225ed286800 JavaThread "jar transforms" [_thread_blocked, id=4724, stack(0x000000625cf00000,0x000000625d000000)]
  0x00000225ed285000 JavaThread "Cache worker for file content cache (C:\Users\julia\.gradle\caches\6.7.1\fileContent)" [_thread_blocked, id=13756, stack(0x000000625d000000,0x000000625d100000)]
  0x00000225ed287800 JavaThread "Cache worker for Build Output Cleanup Cache (E:\sixth_semester\Android\LABs\Lab2\.gradle\buildOutputCleanup)" [_thread_blocked, id=8712, stack(0x000000625d100000,0x000000625d200000)]
  0x00000225f16b7800 JavaThread "Build operations" [_thread_blocked, id=5276, stack(0x000000625d200000,0x000000625d300000)]
  0x00000225f16b9800 JavaThread "Build operations Thread 2" [_thread_blocked, id=13180, stack(0x000000625d300000,0x000000625d400000)]
  0x00000225f16b8800 JavaThread "Build operations Thread 3" [_thread_blocked, id=1668, stack(0x000000625d400000,0x000000625d500000)]
  0x00000225f16b4800 JavaThread "Build operations Thread 4" [_thread_blocked, id=8692, stack(0x000000625d500000,0x000000625d600000)]
  0x00000225f16ba000 JavaThread "Build operations Thread 5" [_thread_blocked, id=6508, stack(0x000000625d600000,0x000000625d700000)]
  0x00000225f16b6000 JavaThread "Build operations Thread 6" [_thread_blocked, id=8132, stack(0x000000625d700000,0x000000625d800000)]
  0x00000225f16bb000 JavaThread "Build operations Thread 7" [_thread_blocked, id=13668, stack(0x000000625d800000,0x000000625d900000)]
  0x00000225f16b5000 JavaThread "Build operations Thread 8" [_thread_blocked, id=10796, stack(0x000000625d900000,0x000000625da00000)]
  0x00000225f16bb800 JavaThread "jar transforms Thread 2" [_thread_blocked, id=6724, stack(0x000000625da00000,0x000000625db00000)]
  0x00000225f16bc800 JavaThread "jar transforms Thread 3" [_thread_blocked, id=4772, stack(0x000000625db00000,0x000000625dc00000)]
  0x00000225f16b7000 JavaThread "jar transforms Thread 4" [_thread_blocked, id=13760, stack(0x000000625dc00000,0x000000625dd00000)]
  0x00000225f16c1800 JavaThread "jar transforms Thread 5" [_thread_blocked, id=14652, stack(0x000000625dd00000,0x000000625de00000)]
  0x00000225f16be000 JavaThread "jar transforms Thread 6" [_thread_blocked, id=14500, stack(0x000000625de00000,0x000000625df00000)]
  0x00000225f16c3000 JavaThread "jar transforms Thread 7" [_thread_blocked, id=12028, stack(0x000000625df00000,0x000000625e000000)]
  0x00000225f16bf000 JavaThread "jar transforms Thread 8" [_thread_blocked, id=9572, stack(0x000000625e000000,0x000000625e100000)]
  0x00000225f16c0000 JavaThread "jar transforms Thread 9" [_thread_blocked, id=15004, stack(0x000000625e100000,0x000000625e200000)]
  0x00000225f16c2000 JavaThread "jar transforms Thread 10" [_thread_blocked, id=8700, stack(0x000000625e200000,0x000000625e300000)]
  0x00000225f16c0800 JavaThread "jar transforms Thread 11" [_thread_blocked, id=15228, stack(0x000000625e300000,0x000000625e400000)]
  0x00000225f16bd800 JavaThread "jar transforms Thread 12" [_thread_blocked, id=1728, stack(0x000000625e400000,0x000000625e500000)]
  0x00000225eff85800 JavaThread "jar transforms Thread 13" [_thread_blocked, id=1536, stack(0x000000625e500000,0x000000625e600000)]
  0x00000225eff89800 JavaThread "jar transforms Thread 14" [_thread_blocked, id=3460, stack(0x000000625e600000,0x000000625e700000)]
  0x00000225eff8a000 JavaThread "jar transforms Thread 15" [_thread_blocked, id=3456, stack(0x000000625e700000,0x000000625e800000)]
  0x00000225eff8c000 JavaThread "jar transforms Thread 16" [_thread_blocked, id=12784, stack(0x000000625e800000,0x000000625e900000)]
  0x00000225eff88800 JavaThread "jar transforms Thread 17" [_thread_blocked, id=3916, stack(0x000000625e900000,0x000000625ea00000)]
  0x00000225eff8b000 JavaThread "jar transforms Thread 18" [_thread_blocked, id=16204, stack(0x000000625ea00000,0x000000625eb00000)]
  0x00000225eff86000 JavaThread "jar transforms Thread 19" [_thread_blocked, id=15168, stack(0x000000625eb00000,0x000000625ec00000)]
  0x00000225eff8c800 JavaThread "jar transforms Thread 20" [_thread_blocked, id=12096, stack(0x000000625ec00000,0x000000625ed00000)]
  0x00000225eff87000 JavaThread "jar transforms Thread 21" [_thread_blocked, id=9648, stack(0x000000625ed00000,0x000000625ee00000)]
  0x00000225eff8d800 JavaThread "jar transforms Thread 22" [_thread_blocked, id=2000, stack(0x000000625ee00000,0x000000625ef00000)]
  0x00000225eff88000 JavaThread "jar transforms Thread 23" [_thread_blocked, id=840, stack(0x000000625ef00000,0x000000625f000000)]
  0x00000225eff94000 JavaThread "jar transforms Thread 24" [_thread_blocked, id=12808, stack(0x000000625f000000,0x000000625f100000)]
  0x00000225eff91000 JavaThread "jar transforms Thread 25" [_thread_blocked, id=11356, stack(0x000000625f100000,0x000000625f200000)]
  0x00000225eff91800 JavaThread "jar transforms Thread 26" [_thread_blocked, id=12588, stack(0x000000625f200000,0x000000625f300000)]
  0x00000225eff8e800 JavaThread "jar transforms Thread 27" [_thread_blocked, id=3480, stack(0x000000625f300000,0x000000625f400000)]
  0x00000225eff8f000 JavaThread "jar transforms Thread 28" [_thread_blocked, id=3224, stack(0x000000625f400000,0x000000625f500000)]
  0x00000225eff92800 JavaThread "jar transforms Thread 29" [_thread_blocked, id=11600, stack(0x000000625f500000,0x000000625f600000)]
  0x00000225eff90000 JavaThread "jar transforms Thread 30" [_thread_blocked, id=14636, stack(0x000000625f600000,0x000000625f700000)]
  0x00000225eff93000 JavaThread "jar transforms Thread 31" [_thread_blocked, id=12380, stack(0x000000625f700000,0x000000625f800000)]
  0x00000225eef45000 JavaThread "jar transforms Thread 32" [_thread_blocked, id=8396, stack(0x000000625f800000,0x000000625f900000)]
  0x00000225eef43800 JavaThread "jar transforms Thread 33" [_thread_blocked, id=8144, stack(0x000000625f900000,0x000000625fa00000)]
  0x00000225eef48000 JavaThread "jar transforms Thread 34" [_thread_blocked, id=14108, stack(0x000000625fa00000,0x000000625fb00000)]
  0x00000225eef49000 JavaThread "jar transforms Thread 35" [_thread_blocked, id=15912, stack(0x000000625fb00000,0x000000625fc00000)]
  0x00000225eef4a000 JavaThread "jar transforms Thread 36" [_thread_blocked, id=8760, stack(0x000000625fc00000,0x000000625fd00000)]
  0x00000225eef44000 JavaThread "jar transforms Thread 37" [_thread_blocked, id=15388, stack(0x000000625fd00000,0x000000625fe00000)]
  0x00000225eef4a800 JavaThread "jar transforms Thread 38" [_thread_blocked, id=6388, stack(0x000000625fe00000,0x000000625ff00000)]
  0x00000225eef47800 JavaThread "jar transforms Thread 39" [_thread_blocked, id=9496, stack(0x000000625ff00000,0x0000006260000000)]
  0x00000225eef4b800 JavaThread "jar transforms Thread 40" [_thread_blocked, id=5124, stack(0x0000006260000000,0x0000006260100000)]
  0x00000225eef45800 JavaThread "jar transforms Thread 41" [_thread_blocked, id=15008, stack(0x0000006260100000,0x0000006260200000)]
  0x00000225eef4c000 JavaThread "jar transforms Thread 42" [_thread_blocked, id=16564, stack(0x0000006260200000,0x0000006260300000)]
  0x00000225eef46800 JavaThread "jar transforms Thread 43" [_thread_blocked, id=5132, stack(0x0000006260300000,0x0000006260400000)]
  0x00000225eef4d000 JavaThread "jar transforms Thread 44" [_thread_blocked, id=924, stack(0x0000006260400000,0x0000006260500000)]
  0x00000225eef52000 JavaThread "jar transforms Thread 45" [_thread_blocked, id=17840, stack(0x0000006260500000,0x0000006260600000)]
  0x00000225eef4f800 JavaThread "jar transforms Thread 46" [_thread_blocked, id=8412, stack(0x0000006260600000,0x0000006260700000)]
  0x00000225eef4e000 JavaThread "jar transforms Thread 47" [_thread_blocked, id=12016, stack(0x0000006260700000,0x0000006260800000)]
  0x00000225eef50800 JavaThread "jar transforms Thread 48" [_thread_blocked, id=2672, stack(0x0000006260800000,0x0000006260900000)]
  0x00000225eef4e800 JavaThread "jar transforms Thread 49" [_thread_blocked, id=17792, stack(0x0000006260900000,0x0000006260a00000)]
  0x00000225eef51000 JavaThread "jar transforms Thread 50" [_thread_blocked, id=13208, stack(0x0000006260a00000,0x0000006260b00000)]
  0x00000225f0cdf000 JavaThread "jar transforms Thread 51" [_thread_blocked, id=12884, stack(0x0000006260b00000,0x0000006260c00000)]
  0x00000225f0cdd000 JavaThread "jar transforms Thread 52" [_thread_blocked, id=9528, stack(0x0000006260c00000,0x0000006260d00000)]
  0x00000225f0ce0800 JavaThread "jar transforms Thread 53" [_thread_blocked, id=16176, stack(0x0000006260d00000,0x0000006260e00000)]
  0x00000225f0cdf800 JavaThread "jar transforms Thread 54" [_thread_blocked, id=4556, stack(0x0000006260e00000,0x0000006260f00000)]
  0x00000225f0cde000 JavaThread "jar transforms Thread 55" [_thread_blocked, id=15844, stack(0x0000006260f00000,0x0000006261000000)]
  0x00000225f0ce1800 JavaThread "jar transforms Thread 56" [_thread_blocked, id=1664, stack(0x0000006261000000,0x0000006261100000)]
  0x00000225f0cdb800 JavaThread "jar transforms Thread 57" [_thread_blocked, id=18312, stack(0x0000006261100000,0x0000006261200000)]
  0x00000225f0cdc800 JavaThread "jar transforms Thread 58" [_thread_blocked, id=13460, stack(0x0000006261200000,0x0000006261300000)]
  0x00000225f0ce8000 JavaThread "jar transforms Thread 59" [_thread_blocked, id=1468, stack(0x0000006261300000,0x0000006261400000)]
  0x00000225f0ce5800 JavaThread "jar transforms Thread 60" [_thread_blocked, id=11196, stack(0x0000006261400000,0x0000006261500000)]
  0x00000225f0ce3000 JavaThread "jar transforms Thread 61" [_thread_blocked, id=1908, stack(0x0000006261500000,0x0000006261600000)]
  0x00000225f0ce3800 JavaThread "jar transforms Thread 62" [_thread_blocked, id=16548, stack(0x0000006261600000,0x0000006261700000)]
  0x00000225f0ce4800 JavaThread "jar transforms Thread 63" [_thread_blocked, id=17064, stack(0x0000006261700000,0x0000006261800000)]
  0x00000225f0ce6000 JavaThread "jar transforms Thread 64" [_thread_blocked, id=17436, stack(0x0000006261800000,0x0000006261900000)]
  0x00000225f0ce2000 JavaThread "jar transforms Thread 65" [_thread_blocked, id=11772, stack(0x0000006261900000,0x0000006261a00000)]
  0x00000225f0ce7000 JavaThread "jar transforms Thread 66" [_thread_blocked, id=10352, stack(0x0000006261a00000,0x0000006261b00000)]
  0x00000225f0cea000 JavaThread "jar transforms Thread 67" [_thread_blocked, id=18332, stack(0x0000006261b00000,0x0000006261c00000)]
  0x00000225f0ce8800 JavaThread "jar transforms Thread 68" [_thread_blocked, id=15592, stack(0x0000006261c00000,0x0000006261d00000)]
  0x00000225f0ce9800 JavaThread "jar transforms Thread 69" [_thread_blocked, id=17452, stack(0x0000006261d00000,0x0000006261e00000)]
  0x00000225eec52800 JavaThread "jar transforms Thread 70" [_thread_blocked, id=15052, stack(0x0000006261e00000,0x0000006261f00000)]
  0x00000225eec53800 JavaThread "jar transforms Thread 71" [_thread_blocked, id=18068, stack(0x0000006261f00000,0x0000006262000000)]
  0x00000225eec4e000 JavaThread "jar transforms Thread 72" [_thread_blocked, id=8824, stack(0x0000006262000000,0x0000006262100000)]
  0x00000225eec4f800 JavaThread "jar transforms Thread 73" [_thread_blocked, id=7088, stack(0x0000006262100000,0x0000006262200000)]
  0x00000225eec54800 JavaThread "jar transforms Thread 74" [_thread_blocked, id=16904, stack(0x0000006262200000,0x0000006262300000)]
  0x00000225eec4e800 JavaThread "jar transforms Thread 75" [_thread_blocked, id=15984, stack(0x0000006262300000,0x0000006262400000)]
  0x00000225eec56000 JavaThread "jar transforms Thread 76" [_thread_blocked, id=3396, stack(0x0000006262400000,0x0000006262500000)]
  0x00000225eec51000 JavaThread "jar transforms Thread 77" [_thread_blocked, id=7100, stack(0x0000006262500000,0x0000006262600000)]
  0x00000225eec55000 JavaThread "jar transforms Thread 78" [_thread_blocked, id=16724, stack(0x0000006262600000,0x0000006262700000)]
  0x00000225eec50800 JavaThread "jar transforms Thread 79" [_thread_blocked, id=2348, stack(0x0000006262700000,0x0000006262800000)]
  0x00000225eec57800 JavaThread "jar transforms Thread 80" [_thread_blocked, id=16572, stack(0x0000006262800000,0x0000006262900000)]
  0x00000225eec52000 JavaThread "jar transforms Thread 81" [_thread_blocked, id=7116, stack(0x0000006262900000,0x0000006262a00000)]
  0x00000225eec5c800 JavaThread "jar transforms Thread 82" [_thread_blocked, id=8512, stack(0x0000006262a00000,0x0000006262b00000)]
  0x00000225eec57000 JavaThread "jar transforms Thread 83" [_thread_blocked, id=9736, stack(0x0000006262b00000,0x0000006262c00000)]
  0x00000225eec59000 JavaThread "jar transforms Thread 84" [_thread_blocked, id=15792, stack(0x0000006262c00000,0x0000006262d00000)]
  0x00000225eec5a000 JavaThread "jar transforms Thread 85" [_thread_blocked, id=14928, stack(0x0000006262d00000,0x0000006262e00000)]
  0x00000225eec5b000 JavaThread "jar transforms Thread 86" [_thread_blocked, id=6548, stack(0x0000006262e00000,0x0000006262f00000)]
  0x00000225eec5b800 JavaThread "jar transforms Thread 87" [_thread_blocked, id=11480, stack(0x0000006262f00000,0x0000006263000000)]
  0x00000225eec58800 JavaThread "jar transforms Thread 88" [_thread_blocked, id=1332, stack(0x0000006263000000,0x0000006263100000)]
  0x00000225f00b8800 JavaThread "jar transforms Thread 89" [_thread_blocked, id=7728, stack(0x0000006263100000,0x0000006263200000)]
  0x00000225f00b7800 JavaThread "jar transforms Thread 90" [_thread_blocked, id=17460, stack(0x0000006263200000,0x0000006263300000)]
  0x00000225f00b9000 JavaThread "jar transforms Thread 91" [_thread_blocked, id=17680, stack(0x0000006263300000,0x0000006263400000)]
  0x00000225f00b7000 JavaThread "jar transforms Thread 92" [_thread_blocked, id=12020, stack(0x0000006263400000,0x0000006263500000)]
  0x00000225f00ba000 JavaThread "jar transforms Thread 93" [_thread_blocked, id=15612, stack(0x0000006263500000,0x0000006263600000)]
  0x00000225f00bb000 JavaThread "jar transforms Thread 94" [_thread_blocked, id=13188, stack(0x0000006263600000,0x0000006263700000)]
  0x00000225f00bb800 JavaThread "jar transforms Thread 95" [_thread_blocked, id=14416, stack(0x0000006263700000,0x0000006263800000)]
  0x00000225f00b6000 JavaThread "jar transforms Thread 96" [_thread_blocked, id=5416, stack(0x0000006263800000,0x0000006263900000)]
  0x00000225f00bf000 JavaThread "jar transforms Thread 97" [_thread_blocked, id=2024, stack(0x0000006263900000,0x0000006263a00000)]

Other Threads:
  0x00000225ea1ae800 VMThread "VM Thread" [stack: 0x000000625a600000,0x000000625a700000] [id=15692]
  0x00000225eacc1000 WatcherThread [stack: 0x000000625b000000,0x000000625b100000] [id=10200]
  0x00000225cdf03000 GCTaskThread "GC Thread#0" [stack: 0x000000625a100000,0x000000625a200000] [id=12412]
  0x00000225eb6dc000 GCTaskThread "GC Thread#1" [stack: 0x000000625b200000,0x000000625b300000] [id=16960]
  0x00000225eb800000 GCTaskThread "GC Thread#2" [stack: 0x000000625b300000,0x000000625b400000] [id=18416]
  0x00000225ee546000 GCTaskThread "GC Thread#3" [stack: 0x000000625c100000,0x000000625c200000] [id=18236]
  0x00000225ecf76000 GCTaskThread "GC Thread#4" [stack: 0x000000625c200000,0x000000625c300000] [id=9760]
  0x00000225ec07b800 GCTaskThread "GC Thread#5" [stack: 0x000000625c300000,0x000000625c400000] [id=4708]
  0x00000225ec1b7000 GCTaskThread "GC Thread#6" [stack: 0x000000625c400000,0x000000625c500000] [id=4152]
  0x00000225ece91800 GCTaskThread "GC Thread#7" [stack: 0x000000625c500000,0x000000625c600000] [id=1752]
  0x00000225cdf37800 ConcurrentGCThread "G1 Main Marker" [stack: 0x000000625a200000,0x000000625a300000] [id=2248]
  0x00000225cdf3e000 ConcurrentGCThread "G1 Conc#0" [stack: 0x000000625a300000,0x000000625a400000] [id=3508]
  0x00000225eeaba800 ConcurrentGCThread "G1 Conc#1" [stack: 0x000000625c800000,0x000000625c900000] [id=14820]
  0x00000225cdfcd800 ConcurrentGCThread "G1 Refine#0" [stack: 0x000000625a400000,0x000000625a500000] [id=2560]
  0x00000225ea002800 ConcurrentGCThread "G1 Young RemSet Sampling" [stack: 0x000000625a500000,0x000000625a600000] [id=1304]

Threads with active compile tasks:
C2 CompilerThread0   5154 4778       4       org.objectweb.asm.SymbolTable::addConstantMemberReference (147 bytes)
C2 CompilerThread1   5154 4757   !   4       com.google.common.reflect.TypeVisitor::visit (225 bytes)
C2 CompilerThread2   5154 4813       4       org.objectweb.asm.Frame::execute (2318 bytes)

VM state:not at safepoint (normal execution)

VM Mutex/Monitor currently owned by a thread: None

Heap address: 0x0000000080000000, size: 2048 MB, Compressed Oops mode: 32-bit
Narrow klass base: 0x0000000000000000, Narrow klass shift: 3
Compressed class space size: 1073741824 Address: 0x0000000100000000

Heap:
 garbage-first heap   total 157696K, used 44995K [0x0000000080000000, 0x0000000100000000)
  region size 1024K, 18 young (18432K), 10 survivors (10240K)
 Metaspace       used 53967K, capacity 55264K, committed 55500K, reserved 1097728K
  class space    used 6892K, capacity 7310K, committed 7424K, reserved 1048576K
Heap Regions: E=young(eden), S=young(survivor), O=old, HS=humongous(starts), HC=humongous(continues), CS=collection set, F=free, A=archive, TAMS=top-at-mark-start (previous, next)
|   0|0x0000000080000000, 0x0000000080100000, 0x0000000080100000|100%| O|  |TAMS 0x0000000080100000, 0x0000000080000000| Untracked 
|   1|0x0000000080100000, 0x0000000080200000, 0x0000000080200000|100%| O|  |TAMS 0x0000000080200000, 0x0000000080100000| Untracked 
|   2|0x0000000080200000, 0x0000000080300000, 0x0000000080300000|100%| O|  |TAMS 0x0000000080300000, 0x0000000080200000| Untracked 
|   3|0x0000000080300000, 0x0000000080400000, 0x0000000080400000|100%|HS|  |TAMS 0x0000000080400000, 0x0000000080300000| Complete 
|   4|0x0000000080400000, 0x0000000080500000, 0x0000000080500000|100%|HC|  |TAMS 0x0000000080500000, 0x0000000080400000| Complete 
|   5|0x0000000080500000, 0x0000000080600000, 0x0000000080600000|100%|HC|  |TAMS 0x0000000080600000, 0x0000000080500000| Complete 
|   6|0x0000000080600000, 0x0000000080700000, 0x0000000080700000|100%| O|  |TAMS 0x0000000080700000, 0x0000000080600000| Untracked 
|   7|0x0000000080700000, 0x0000000080800000, 0x0000000080800000|100%| O|  |TAMS 0x0000000080800000, 0x0000000080700000| Untracked 
|   8|0x0000000080800000, 0x0000000080900000, 0x0000000080900000|100%| O|  |TAMS 0x0000000080900000, 0x0000000080800000| Untracked 
|   9|0x0000000080900000, 0x0000000080a00000, 0x0000000080a00000|100%| O|  |TAMS 0x0000000080a00000, 0x0000000080900000| Untracked 
|  10|0x0000000080a00000, 0x0000000080b00000, 0x0000000080b00000|100%| O|  |TAMS 0x0000000080b00000, 0x0000000080a00000| Untracked 
|  11|0x0000000080b00000, 0x0000000080c00000, 0x0000000080c00000|100%| O|  |TAMS 0x0000000080c00000, 0x0000000080b00000| Untracked 
|  12|0x0000000080c00000, 0x0000000080d00000, 0x0000000080d00000|100%| O|  |TAMS 0x0000000080d00000, 0x0000000080c00000| Untracked 
|  13|0x0000000080d00000, 0x0000000080e00000, 0x0000000080e00000|100%| O|  |TAMS 0x0000000080e00000, 0x0000000080d00000| Untracked 
|  14|0x0000000080e00000, 0x0000000080f00000, 0x0000000080f00000|100%| O|  |TAMS 0x0000000080efe400, 0x0000000080e00000| Untracked 
|  15|0x0000000080f00000, 0x0000000081000000, 0x0000000081000000|100%| O|  |TAMS 0x0000000080f00000, 0x0000000080f00000| Untracked 
|  16|0x0000000081000000, 0x0000000081100000, 0x0000000081100000|100%| O|  |TAMS 0x0000000081000000, 0x0000000081000000| Untracked 
|  17|0x0000000081100000, 0x0000000081200000, 0x0000000081200000|100%| O|  |TAMS 0x0000000081100000, 0x0000000081100000| Untracked 
|  18|0x0000000081200000, 0x0000000081300000, 0x0000000081300000|100%|HS|  |TAMS 0x0000000081200000, 0x0000000081200000| Complete 
|  19|0x0000000081300000, 0x0000000081400000, 0x0000000081400000|100%| O|  |TAMS 0x0000000081300000, 0x0000000081300000| Untracked 
|  20|0x0000000081400000, 0x0000000081500000, 0x0000000081500000|100%| O|  |TAMS 0x0000000081400000, 0x0000000081400000| Untracked 
|  21|0x0000000081500000, 0x0000000081600000, 0x0000000081600000|100%| O|  |TAMS 0x0000000081500000, 0x0000000081500000| Untracked 
|  22|0x0000000081600000, 0x0000000081700000, 0x0000000081700000|100%|HS|  |TAMS 0x0000000081600000, 0x0000000081600000| Complete 
|  23|0x0000000081700000, 0x0000000081800000, 0x0000000081800000|100%|HC|  |TAMS 0x0000000081700000, 0x0000000081700000| Complete 
|  24|0x0000000081800000, 0x0000000081900000, 0x0000000081900000|100%| O|  |TAMS 0x0000000081800000, 0x0000000081800000| Untracked 
|  25|0x0000000081900000, 0x0000000081a00000, 0x0000000081a00000|100%| O|  |TAMS 0x0000000081900000, 0x0000000081900000| Untracked 
|  26|0x0000000081a00000, 0x0000000081af0e00, 0x0000000081b00000| 94%| O|  |TAMS 0x0000000081a00000, 0x0000000081a00000| Untracked 
|  27|0x0000000081b00000, 0x0000000081b00000, 0x0000000081c00000|  0%| F|  |TAMS 0x0000000081b00000, 0x0000000081b00000| Untracked 
|  28|0x0000000081c00000, 0x0000000081c00000, 0x0000000081d00000|  0%| F|  |TAMS 0x0000000081c00000, 0x0000000081c00000| Untracked 
|  29|0x0000000081d00000, 0x0000000081d00000, 0x0000000081e00000|  0%| F|  |TAMS 0x0000000081d00000, 0x0000000081d00000| Untracked 
|  30|0x0000000081e00000, 0x0000000081e00000, 0x0000000081f00000|  0%| F|  |TAMS 0x0000000081e00000, 0x0000000081e00000| Untracked 
|  31|0x0000000081f00000, 0x0000000081f00000, 0x0000000082000000|  0%| F|  |TAMS 0x0000000081f00000, 0x0000000081f00000| Untracked 
|  32|0x0000000082000000, 0x0000000082000000, 0x0000000082100000|  0%| F|  |TAMS 0x0000000082000000, 0x0000000082000000| Untracked 
|  33|0x0000000082100000, 0x0000000082100000, 0x0000000082200000|  0%| F|  |TAMS 0x0000000082100000, 0x0000000082100000| Untracked 
|  34|0x0000000082200000, 0x0000000082200000, 0x0000000082300000|  0%| F|  |TAMS 0x0000000082200000, 0x0000000082200000| Untracked 
|  35|0x0000000082300000, 0x0000000082300000, 0x0000000082400000|  0%| F|  |TAMS 0x0000000082300000, 0x0000000082300000| Untracked 
|  36|0x0000000082400000, 0x0000000082400000, 0x0000000082500000|  0%| F|  |TAMS 0x0000000082400000, 0x0000000082400000| Untracked 
|  37|0x0000000082500000, 0x0000000082500000, 0x0000000082600000|  0%| F|  |TAMS 0x0000000082500000, 0x0000000082500000| Untracked 
|  38|0x0000000082600000, 0x0000000082600000, 0x0000000082700000|  0%| F|  |TAMS 0x0000000082600000, 0x0000000082600000| Untracked 
|  39|0x0000000082700000, 0x0000000082700000, 0x0000000082800000|  0%| F|  |TAMS 0x0000000082700000, 0x0000000082700000| Untracked 
|  40|0x0000000082800000, 0x0000000082800000, 0x0000000082900000|  0%| F|  |TAMS 0x0000000082800000, 0x0000000082800000| Untracked 
|  41|0x0000000082900000, 0x0000000082900000, 0x0000000082a00000|  0%| F|  |TAMS 0x0000000082900000, 0x0000000082900000| Untracked 
|  42|0x0000000082a00000, 0x0000000082a00000, 0x0000000082b00000|  0%| F|  |TAMS 0x0000000082a00000, 0x0000000082a00000| Untracked 
|  43|0x0000000082b00000, 0x0000000082b00000, 0x0000000082c00000|  0%| F|  |TAMS 0x0000000082b00000, 0x0000000082b00000| Untracked 
|  44|0x0000000082c00000, 0x0000000082c00000, 0x0000000082d00000|  0%| F|  |TAMS 0x0000000082c00000, 0x0000000082c00000| Untracked 
|  45|0x0000000082d00000, 0x0000000082d00000, 0x0000000082e00000|  0%| F|  |TAMS 0x0000000082d00000, 0x0000000082d00000| Untracked 
|  46|0x0000000082e00000, 0x0000000082e00000, 0x0000000082f00000|  0%| F|  |TAMS 0x0000000082e00000, 0x0000000082e00000| Untracked 
|  47|0x0000000082f00000, 0x0000000082f00000, 0x0000000083000000|  0%| F|  |TAMS 0x0000000082f00000, 0x0000000082f00000| Untracked 
|  48|0x0000000083000000, 0x0000000083000000, 0x0000000083100000|  0%| F|  |TAMS 0x0000000083000000, 0x0000000083000000| Untracked 
|  49|0x0000000083100000, 0x0000000083100000, 0x0000000083200000|  0%| F|  |TAMS 0x0000000083100000, 0x0000000083100000| Untracked 
|  50|0x0000000083200000, 0x0000000083200000, 0x0000000083300000|  0%| F|  |TAMS 0x0000000083200000, 0x0000000083200000| Untracked 
|  51|0x0000000083300000, 0x0000000083300000, 0x0000000083400000|  0%| F|  |TAMS 0x0000000083300000, 0x0000000083300000| Untracked 
|  52|0x0000000083400000, 0x0000000083400000, 0x0000000083500000|  0%| F|  |TAMS 0x0000000083400000, 0x0000000083400000| Untracked 
|  53|0x0000000083500000, 0x0000000083500000, 0x0000000083600000|  0%| F|  |TAMS 0x0000000083500000, 0x0000000083500000| Untracked 
|  54|0x0000000083600000, 0x0000000083600000, 0x0000000083700000|  0%| F|  |TAMS 0x0000000083600000, 0x0000000083600000| Untracked 
|  55|0x0000000083700000, 0x0000000083700000, 0x0000000083800000|  0%| F|  |TAMS 0x0000000083700000, 0x0000000083700000| Untracked 
|  56|0x0000000083800000, 0x0000000083800000, 0x0000000083900000|  0%| F|  |TAMS 0x0000000083800000, 0x0000000083800000| Untracked 
|  57|0x0000000083900000, 0x0000000083900000, 0x0000000083a00000|  0%| F|  |TAMS 0x0000000083900000, 0x0000000083900000| Untracked 
|  58|0x0000000083a00000, 0x0000000083a00000, 0x0000000083b00000|  0%| F|  |TAMS 0x0000000083a00000, 0x0000000083a00000| Untracked 
|  59|0x0000000083b00000, 0x0000000083b00000, 0x0000000083c00000|  0%| F|  |TAMS 0x0000000083b00000, 0x0000000083b00000| Untracked 
|  60|0x0000000083c00000, 0x0000000083c00000, 0x0000000083d00000|  0%| F|  |TAMS 0x0000000083c00000, 0x0000000083c00000| Untracked 
|  61|0x0000000083d00000, 0x0000000083d00000, 0x0000000083e00000|  0%| F|  |TAMS 0x0000000083d00000, 0x0000000083d00000| Untracked 
|  62|0x0000000083e00000, 0x0000000083e00000, 0x0000000083f00000|  0%| F|  |TAMS 0x0000000083e00000, 0x0000000083e00000| Untracked 
|  63|0x0000000083f00000, 0x0000000083f00000, 0x0000000084000000|  0%| F|  |TAMS 0x0000000083f00000, 0x0000000083f00000| Untracked 
|  64|0x0000000084000000, 0x0000000084000000, 0x0000000084100000|  0%| F|  |TAMS 0x0000000084000000, 0x0000000084000000| Untracked 
|  65|0x0000000084100000, 0x0000000084100000, 0x0000000084200000|  0%| F|  |TAMS 0x0000000084100000, 0x0000000084100000| Untracked 
|  66|0x0000000084200000, 0x0000000084200000, 0x0000000084300000|  0%| F|  |TAMS 0x0000000084200000, 0x0000000084200000| Untracked 
|  67|0x0000000084300000, 0x0000000084300000, 0x0000000084400000|  0%| F|  |TAMS 0x0000000084300000, 0x0000000084300000| Untracked 
|  68|0x0000000084400000, 0x0000000084400000, 0x0000000084500000|  0%| F|  |TAMS 0x0000000084400000, 0x0000000084400000| Untracked 
|  69|0x0000000084500000, 0x0000000084500000, 0x0000000084600000|  0%| F|  |TAMS 0x0000000084500000, 0x0000000084500000| Untracked 
|  70|0x0000000084600000, 0x0000000084600000, 0x0000000084700000|  0%| F|  |TAMS 0x0000000084600000, 0x0000000084600000| Untracked 
|  71|0x0000000084700000, 0x0000000084800000, 0x0000000084800000|100%| S|CS|TAMS 0x0000000084700000, 0x0000000084700000| Complete 
|  72|0x0000000084800000, 0x0000000084900000, 0x0000000084900000|100%| S|CS|TAMS 0x0000000084800000, 0x0000000084800000| Complete 
|  73|0x0000000084900000, 0x0000000084a00000, 0x0000000084a00000|100%| S|CS|TAMS 0x0000000084900000, 0x0000000084900000| Complete 
|  74|0x0000000084a00000, 0x0000000084b00000, 0x0000000084b00000|100%| S|CS|TAMS 0x0000000084a00000, 0x0000000084a00000| Complete 
|  75|0x0000000084b00000, 0x0000000084c00000, 0x0000000084c00000|100%| S|CS|TAMS 0x0000000084b00000, 0x0000000084b00000| Complete 
|  76|0x0000000084c00000, 0x0000000084d00000, 0x0000000084d00000|100%| S|CS|TAMS 0x0000000084c00000, 0x0000000084c00000| Complete 
|  77|0x0000000084d00000, 0x0000000084e00000, 0x0000000084e00000|100%| S|CS|TAMS 0x0000000084d00000, 0x0000000084d00000| Complete 
|  78|0x0000000084e00000, 0x0000000084f00000, 0x0000000084f00000|100%| S|CS|TAMS 0x0000000084e00000, 0x0000000084e00000| Complete 
|  79|0x0000000084f00000, 0x0000000085000000, 0x0000000085000000|100%| S|CS|TAMS 0x0000000084f00000, 0x0000000084f00000| Complete 
|  80|0x0000000085000000, 0x0000000085100000, 0x0000000085100000|100%| S|CS|TAMS 0x0000000085000000, 0x0000000085000000| Complete 
|  81|0x0000000085100000, 0x0000000085100000, 0x0000000085200000|  0%| F|  |TAMS 0x0000000085100000, 0x0000000085100000| Untracked 
|  82|0x0000000085200000, 0x0000000085200000, 0x0000000085300000|  0%| F|  |TAMS 0x0000000085200000, 0x0000000085200000| Untracked 
|  83|0x0000000085300000, 0x0000000085300000, 0x0000000085400000|  0%| F|  |TAMS 0x0000000085300000, 0x0000000085300000| Untracked 
|  84|0x0000000085400000, 0x0000000085400000, 0x0000000085500000|  0%| F|  |TAMS 0x0000000085400000, 0x0000000085400000| Untracked 
|  85|0x0000000085500000, 0x0000000085500000, 0x0000000085600000|  0%| F|  |TAMS 0x0000000085500000, 0x0000000085500000| Untracked 
|  86|0x0000000085600000, 0x0000000085600000, 0x0000000085700000|  0%| F|  |TAMS 0x0000000085600000, 0x0000000085600000| Untracked 
|  87|0x0000000085700000, 0x0000000085700000, 0x0000000085800000|  0%| F|  |TAMS 0x0000000085700000, 0x0000000085700000| Untracked 
|  88|0x0000000085800000, 0x0000000085800000, 0x0000000085900000|  0%| F|  |TAMS 0x0000000085800000, 0x0000000085800000| Untracked 
|  89|0x0000000085900000, 0x0000000085900000, 0x0000000085a00000|  0%| F|  |TAMS 0x0000000085900000, 0x0000000085900000| Untracked 
|  90|0x0000000085a00000, 0x0000000085a00000, 0x0000000085b00000|  0%| F|  |TAMS 0x0000000085a00000, 0x0000000085a00000| Untracked 
|  91|0x0000000085b00000, 0x0000000085b00000, 0x0000000085c00000|  0%| F|  |TAMS 0x0000000085b00000, 0x0000000085b00000| Untracked 
|  92|0x0000000085c00000, 0x0000000085c00000, 0x0000000085d00000|  0%| F|  |TAMS 0x0000000085c00000, 0x0000000085c00000| Untracked 
|  93|0x0000000085d00000, 0x0000000085d00000, 0x0000000085e00000|  0%| F|  |TAMS 0x0000000085d00000, 0x0000000085d00000| Untracked 
|  94|0x0000000085e00000, 0x0000000085e00000, 0x0000000085f00000|  0%| F|  |TAMS 0x0000000085e00000, 0x0000000085e00000| Untracked 
|  95|0x0000000085f00000, 0x0000000085f00000, 0x0000000086000000|  0%| F|  |TAMS 0x0000000085f00000, 0x0000000085f00000| Untracked 
|  96|0x0000000086000000, 0x0000000086000000, 0x0000000086100000|  0%| F|  |TAMS 0x0000000086000000, 0x0000000086000000| Untracked 
|  97|0x0000000086100000, 0x0000000086100000, 0x0000000086200000|  0%| F|  |TAMS 0x0000000086100000, 0x0000000086100000| Untracked 
|  98|0x0000000086200000, 0x0000000086200000, 0x0000000086300000|  0%| F|  |TAMS 0x0000000086200000, 0x0000000086200000| Untracked 
|  99|0x0000000086300000, 0x0000000086300000, 0x0000000086400000|  0%| F|  |TAMS 0x0000000086300000, 0x0000000086300000| Untracked 
| 100|0x0000000086400000, 0x0000000086400000, 0x0000000086500000|  0%| F|  |TAMS 0x0000000086400000, 0x0000000086400000| Untracked 
| 101|0x0000000086500000, 0x0000000086500000, 0x0000000086600000|  0%| F|  |TAMS 0x0000000086500000, 0x0000000086500000| Untracked 
| 102|0x0000000086600000, 0x0000000086600000, 0x0000000086700000|  0%| F|  |TAMS 0x0000000086600000, 0x0000000086600000| Untracked 
| 103|0x0000000086700000, 0x0000000086700000, 0x0000000086800000|  0%| F|  |TAMS 0x0000000086700000, 0x0000000086700000| Untracked 
| 104|0x0000000086800000, 0x0000000086800000, 0x0000000086900000|  0%| F|  |TAMS 0x0000000086800000, 0x0000000086800000| Untracked 
| 105|0x0000000086900000, 0x0000000086900000, 0x0000000086a00000|  0%| F|  |TAMS 0x0000000086900000, 0x0000000086900000| Untracked 
| 106|0x0000000086a00000, 0x0000000086a00000, 0x0000000086b00000|  0%| F|  |TAMS 0x0000000086a00000, 0x0000000086a00000| Untracked 
| 107|0x0000000086b00000, 0x0000000086b00000, 0x0000000086c00000|  0%| F|  |TAMS 0x0000000086b00000, 0x0000000086b00000| Untracked 
| 108|0x0000000086c00000, 0x0000000086c00000, 0x0000000086d00000|  0%| F|  |TAMS 0x0000000086c00000, 0x0000000086c00000| Untracked 
| 109|0x0000000086d00000, 0x0000000086d00000, 0x0000000086e00000|  0%| F|  |TAMS 0x0000000086d00000, 0x0000000086d00000| Untracked 
| 110|0x0000000086e00000, 0x0000000086e00000, 0x0000000086f00000|  0%| F|  |TAMS 0x0000000086e00000, 0x0000000086e00000| Untracked 
| 111|0x0000000086f00000, 0x0000000086f00000, 0x0000000087000000|  0%| F|  |TAMS 0x0000000086f00000, 0x0000000086f00000| Untracked 
| 112|0x0000000087000000, 0x0000000087000000, 0x0000000087100000|  0%| F|  |TAMS 0x0000000087000000, 0x0000000087000000| Untracked 
| 113|0x0000000087100000, 0x0000000087100000, 0x0000000087200000|  0%| F|  |TAMS 0x0000000087100000, 0x0000000087100000| Untracked 
| 114|0x0000000087200000, 0x0000000087200000, 0x0000000087300000|  0%| F|  |TAMS 0x0000000087200000, 0x0000000087200000| Untracked 
| 115|0x0000000087300000, 0x0000000087300000, 0x0000000087400000|  0%| F|  |TAMS 0x0000000087300000, 0x0000000087300000| Untracked 
| 116|0x0000000087400000, 0x0000000087400000, 0x0000000087500000|  0%| F|  |TAMS 0x0000000087400000, 0x0000000087400000| Untracked 
| 117|0x0000000087500000, 0x0000000087500000, 0x0000000087600000|  0%| F|  |TAMS 0x0000000087500000, 0x0000000087500000| Untracked 
| 118|0x0000000087600000, 0x0000000087600000, 0x0000000087700000|  0%| F|  |TAMS 0x0000000087600000, 0x0000000087600000| Untracked 
| 119|0x0000000087700000, 0x0000000087700000, 0x0000000087800000|  0%| F|  |TAMS 0x0000000087700000, 0x0000000087700000| Untracked 
| 120|0x0000000087800000, 0x0000000087800000, 0x0000000087900000|  0%| F|  |TAMS 0x0000000087800000, 0x0000000087800000| Untracked 
| 121|0x0000000087900000, 0x0000000087900000, 0x0000000087a00000|  0%| F|  |TAMS 0x0000000087900000, 0x0000000087900000| Untracked 
| 122|0x0000000087a00000, 0x0000000087a00000, 0x0000000087b00000|  0%| F|  |TAMS 0x0000000087a00000, 0x0000000087a00000| Untracked 
| 123|0x0000000087b00000, 0x0000000087b00000, 0x0000000087c00000|  0%| F|  |TAMS 0x0000000087b00000, 0x0000000087b00000| Untracked 
| 124|0x0000000087c00000, 0x0000000087c00000, 0x0000000087d00000|  0%| F|  |TAMS 0x0000000087c00000, 0x0000000087c00000| Untracked 
| 125|0x0000000087d00000, 0x0000000087d00000, 0x0000000087e00000|  0%| F|  |TAMS 0x0000000087d00000, 0x0000000087d00000| Untracked 
| 126|0x0000000087e00000, 0x0000000087e00000, 0x0000000087f00000|  0%| F|  |TAMS 0x0000000087e00000, 0x0000000087e00000| Untracked 
| 127|0x0000000087f00000, 0x0000000087f00000, 0x0000000088000000|  0%| F|  |TAMS 0x0000000087f00000, 0x0000000087f00000| Untracked 
| 128|0x0000000088000000, 0x0000000088000000, 0x0000000088100000|  0%| F|  |TAMS 0x0000000088000000, 0x0000000088000000| Untracked 
| 129|0x0000000088100000, 0x0000000088100000, 0x0000000088200000|  0%| F|  |TAMS 0x0000000088100000, 0x0000000088100000| Untracked 
| 130|0x0000000088200000, 0x0000000088200000, 0x0000000088300000|  0%| F|  |TAMS 0x0000000088200000, 0x0000000088200000| Untracked 
| 131|0x0000000088300000, 0x0000000088300000, 0x0000000088400000|  0%| F|  |TAMS 0x0000000088300000, 0x0000000088300000| Untracked 
| 132|0x0000000088400000, 0x0000000088400000, 0x0000000088500000|  0%| F|  |TAMS 0x0000000088400000, 0x0000000088400000| Untracked 
| 133|0x0000000088500000, 0x0000000088500000, 0x0000000088600000|  0%| F|  |TAMS 0x0000000088500000, 0x0000000088500000| Untracked 
| 134|0x0000000088600000, 0x0000000088600000, 0x0000000088700000|  0%| F|  |TAMS 0x0000000088600000, 0x0000000088600000| Untracked 
| 135|0x0000000088700000, 0x0000000088700000, 0x0000000088800000|  0%| F|  |TAMS 0x0000000088700000, 0x0000000088700000| Untracked 
| 136|0x0000000088800000, 0x0000000088800000, 0x0000000088900000|  0%| F|  |TAMS 0x0000000088800000, 0x0000000088800000| Untracked 
| 137|0x0000000088900000, 0x0000000088900000, 0x0000000088a00000|  0%| F|  |TAMS 0x0000000088900000, 0x0000000088900000| Untracked 
| 138|0x0000000088a00000, 0x0000000088a00000, 0x0000000088b00000|  0%| F|  |TAMS 0x0000000088a00000, 0x0000000088a00000| Untracked 
| 139|0x0000000088b00000, 0x0000000088b00000, 0x0000000088c00000|  0%| F|  |TAMS 0x0000000088b00000, 0x0000000088b00000| Untracked 
| 140|0x0000000088c00000, 0x0000000088c00000, 0x0000000088d00000|  0%| F|  |TAMS 0x0000000088c00000, 0x0000000088c00000| Untracked 
| 141|0x0000000088d00000, 0x0000000088d00000, 0x0000000088e00000|  0%| F|  |TAMS 0x0000000088d00000, 0x0000000088d00000| Untracked 
| 142|0x0000000088e00000, 0x0000000088e00000, 0x0000000088f00000|  0%| F|  |TAMS 0x0000000088e00000, 0x0000000088e00000| Untracked 
| 143|0x0000000088f00000, 0x0000000088f00000, 0x0000000089000000|  0%| F|  |TAMS 0x0000000088f00000, 0x0000000088f00000| Untracked 
| 144|0x0000000089000000, 0x0000000089000000, 0x0000000089100000|  0%| F|  |TAMS 0x0000000089000000, 0x0000000089000000| Untracked 
| 145|0x0000000089100000, 0x0000000089100000, 0x0000000089200000|  0%| F|  |TAMS 0x0000000089100000, 0x0000000089100000| Untracked 
| 146|0x0000000089200000, 0x0000000089280800, 0x0000000089300000| 50%| E|  |TAMS 0x0000000089200000, 0x0000000089200000| Complete 
| 147|0x0000000089300000, 0x0000000089400000, 0x0000000089400000|100%| E|CS|TAMS 0x0000000089300000, 0x0000000089300000| Complete 
| 148|0x0000000089400000, 0x0000000089500000, 0x0000000089500000|100%| E|CS|TAMS 0x0000000089400000, 0x0000000089400000| Complete 
| 149|0x0000000089500000, 0x0000000089600000, 0x0000000089600000|100%| E|CS|TAMS 0x0000000089500000, 0x0000000089500000| Complete 
| 150|0x0000000089600000, 0x0000000089700000, 0x0000000089700000|100%| E|CS|TAMS 0x0000000089600000, 0x0000000089600000| Complete 
| 151|0x0000000089700000, 0x0000000089800000, 0x0000000089800000|100%| E|CS|TAMS 0x0000000089700000, 0x0000000089700000| Complete 
| 152|0x0000000089800000, 0x0000000089900000, 0x0000000089900000|100%| E|CS|TAMS 0x0000000089800000, 0x0000000089800000| Complete 
| 153|0x0000000089900000, 0x0000000089a00000, 0x0000000089a00000|100%| E|CS|TAMS 0x0000000089900000, 0x0000000089900000| Complete 

Card table byte_map: [0x00000225e2ee0000,0x00000225e32e0000] _byte_map_base: 0x00000225e2ae0000

Marking Bits (Prev, Next): (CMBitMap*) 0x00000225cdf2ec08, (CMBitMap*) 0x00000225cdf2ec40
 Prev Bits: [0x00000225e36e0000, 0x00000225e56e0000)
 Next Bits: [0x00000225e56e0000, 0x00000225e76e0000)

Polling page: 0x00000225cdfd0000

Metaspace:

Usage:
  Non-class:     46.96 MB capacity,    46.05 MB ( 98%) used,   807.34 KB (  2%) free+waste,   122.13 KB ( <1%) overhead. 
      Class:      7.17 MB capacity,     6.74 MB ( 94%) used,   383.75 KB (  5%) free+waste,    58.50 KB ( <1%) overhead. 
       Both:     54.13 MB capacity,    52.79 MB ( 98%) used,     1.16 MB (  2%) free+waste,   180.63 KB ( <1%) overhead. 

Virtual space:
  Non-class space:       48.00 MB reserved,      47.20 MB ( 98%) committed 
      Class space:        1.00 GB reserved,       7.25 MB ( <1%) committed 
             Both:        1.05 GB reserved,      54.45 MB (  5%) committed 

Chunk freelists:
   Non-Class:  55.00 KB
       Class:  17.00 KB
        Both:  72.00 KB

MaxMetaspaceSize: 17179869184.00 GB
CompressedClassSpaceSize: 1.00 GB

CodeHeap 'non-profiled nmethods': size=120000Kb used=2617Kb max_used=2617Kb free=117382Kb
 bounds [0x00000225dab40000, 0x00000225dadd0000, 0x00000225e2070000]
CodeHeap 'profiled nmethods': size=120000Kb used=9525Kb max_used=9525Kb free=110474Kb
 bounds [0x00000225d3610000, 0x00000225d3f60000, 0x00000225dab40000]
CodeHeap 'non-nmethods': size=5760Kb used=2211Kb max_used=2271Kb free=3548Kb
 bounds [0x00000225d3070000, 0x00000225d32e0000, 0x00000225d3610000]
 total_blobs=5392 nmethods=4609 adapters=694
 compilation: enabled
              stopped_count=0, restarted_count=0
 full_count=0

Compilation events (20 events):
Event: 5.120 Thread 0x00000225ea1dc000 4851       3       org.gradle.internal.instantiation.generator.AsmBackedClassGenerator$ClassBuilderImpl::applyConventionMappingToGetter (480 bytes)
Event: 5.123 Thread 0x00000225ea1dc000 nmethod 4851 0x00000225d3f4e910 code [0x00000225d3f4ef00, 0x00000225d3f51ae8]
Event: 5.123 Thread 0x00000225ea1dc000 4852       3       java.lang.reflect.Executable::isSynthetic (8 bytes)
Event: 5.124 Thread 0x00000225ea1dc000 nmethod 4852 0x00000225d3f52b90 code [0x00000225d3f52d60, 0x00000225d3f52fc8]
Event: 5.124 Thread 0x00000225ea1dc000 4853       3       java.lang.reflect.Modifier::isSynthetic (14 bytes)
Event: 5.124 Thread 0x00000225ea1dc000 nmethod 4853 0x00000225d3f53090 code [0x00000225d3f53240, 0x00000225d3f53378]
Event: 5.127 Thread 0x00000225ea1dc000 4855       3       org.gradle.api.internal.provider.DefaultProperty::set (42 bytes)
Event: 5.128 Thread 0x00000225ea1dc000 nmethod 4855 0x00000225d3f53410 code [0x00000225d3f53660, 0x00000225d3f541f8]
Event: 5.128 Thread 0x00000225ea1dc000 4856       3       com.google.common.reflect.Types::access$300 (5 bytes)
Event: 5.128 Thread 0x00000225ea1dc000 nmethod 4856 0x00000225d3f54510 code [0x00000225d3f54700, 0x00000225d3f54b58]
Event: 5.128 Thread 0x00000225ea1dc000 4857       3       com.google.common.reflect.Types::toArray (19 bytes)
Event: 5.129 Thread 0x00000225ea1dc000 nmethod 4857 0x00000225d3f54c90 code [0x00000225d3f54e60, 0x00000225d3f55258]
Event: 5.129 Thread 0x00000225ea1dc000 4858       3       com.google.common.collect.RegularImmutableList::copyIntoArray (21 bytes)
Event: 5.129 Thread 0x00000225ea1dc000 nmethod 4858 0x00000225d3f55390 code [0x00000225d3f55560, 0x00000225d3f55808]
Event: 5.129 Thread 0x00000225ea1dc000 4859       3       com.google.common.reflect.Types$ParameterizedTypeImpl::getActualTypeArguments (8 bytes)
Event: 5.129 Thread 0x00000225ea1dc000 nmethod 4859 0x00000225d3f55890 code [0x00000225d3f55a80, 0x00000225d3f55f58]
Event: 5.130 Thread 0x00000225ea1dc000 4860       3       org.gradle.api.internal.provider.Providers::of (21 bytes)
Event: 5.130 Thread 0x00000225ea1dc000 nmethod 4860 0x00000225d3f56110 code [0x00000225d3f56300, 0x00000225d3f56708]
Event: 5.130 Thread 0x00000225ea1dc000 4861       3       org.gradle.api.internal.model.DefaultObjectFactory::property (172 bytes)
Event: 5.132 Thread 0x00000225ea1dc000 nmethod 4861 0x00000225d3f56890 code [0x00000225d3f56f60, 0x00000225d3f59d58]

GC Heap History (16 events):
Event: 0.574 GC heap before
{Heap before GC invocations=0 (full 0):
 garbage-first heap   total 131072K, used 29696K [0x0000000080000000, 0x0000000100000000)
  region size 1024K, 24 young (24576K), 0 survivors (0K)
 Metaspace       used 10669K, capacity 11000K, committed 11264K, reserved 1058816K
  class space    used 1130K, capacity 1200K, committed 1280K, reserved 1048576K
}
Event: 0.579 GC heap after
{Heap after GC invocations=1 (full 0):
 garbage-first heap   total 131072K, used 8522K [0x0000000080000000, 0x0000000100000000)
  region size 1024K, 3 young (3072K), 3 survivors (3072K)
 Metaspace       used 10669K, capacity 11000K, committed 11264K, reserved 1058816K
  class space    used 1130K, capacity 1200K, committed 1280K, reserved 1048576K
}
Event: 1.730 GC heap before
{Heap before GC invocations=1 (full 0):
 garbage-first heap   total 131072K, used 82250K [0x0000000080000000, 0x0000000100000000)
  region size 1024K, 76 young (77824K), 3 survivors (3072K)
 Metaspace       used 19021K, capacity 19524K, committed 19712K, reserved 1067008K
  class space    used 2314K, capacity 2459K, committed 2560K, reserved 1048576K
}
Event: 1.736 GC heap after
{Heap after GC invocations=2 (full 0):
 garbage-first heap   total 131072K, used 15542K [0x0000000080000000, 0x0000000100000000)
  region size 1024K, 10 young (10240K), 10 survivors (10240K)
 Metaspace       used 19021K, capacity 19524K, committed 19712K, reserved 1067008K
  class space    used 2314K, capacity 2459K, committed 2560K, reserved 1048576K
}
Event: 1.838 GC heap before
{Heap before GC invocations=2 (full 0):
 garbage-first heap   total 131072K, used 25782K [0x0000000080000000, 0x0000000100000000)
  region size 1024K, 21 young (21504K), 10 survivors (10240K)
 Metaspace       used 20545K, capacity 21099K, committed 21248K, reserved 1067008K
  class space    used 2524K, capacity 2712K, committed 2816K, reserved 1048576K
}
Event: 1.845 GC heap after
{Heap after GC invocations=3 (full 0):
 garbage-first heap   total 131072K, used 16076K [0x0000000080000000, 0x0000000100000000)
  region size 1024K, 1 young (1024K), 1 survivors (1024K)
 Metaspace       used 20545K, capacity 21099K, committed 21248K, reserved 1067008K
  class space    used 2524K, capacity 2712K, committed 2816K, reserved 1048576K
}
Event: 2.358 GC heap before
{Heap before GC invocations=4 (full 0):
 garbage-first heap   total 131072K, used 65228K [0x0000000080000000, 0x0000000100000000)
  region size 1024K, 49 young (50176K), 1 survivors (1024K)
 Metaspace       used 26082K, capacity 26729K, committed 27008K, reserved 1073152K
  class space    used 3414K, capacity 3634K, committed 3712K, reserved 1048576K
}
Event: 2.360 GC heap after
{Heap after GC invocations=5 (full 0):
 garbage-first heap   total 131072K, used 17703K [0x0000000080000000, 0x0000000100000000)
  region size 1024K, 3 young (3072K), 3 survivors (3072K)
 Metaspace       used 26082K, capacity 26729K, committed 27008K, reserved 1073152K
  class space    used 3414K, capacity 3634K, committed 3712K, reserved 1048576K
}
Event: 3.046 GC heap before
{Heap before GC invocations=5 (full 0):
 garbage-first heap   total 131072K, used 67879K [0x0000000080000000, 0x0000000100000000)
  region size 1024K, 53 young (54272K), 3 survivors (3072K)
 Metaspace       used 35029K, capacity 35813K, committed 35840K, reserved 1081344K
  class space    used 4563K, capacity 4856K, committed 4864K, reserved 1048576K
}
Event: 3.053 GC heap after
{Heap after GC invocations=6 (full 0):
 garbage-first heap   total 131072K, used 21036K [0x0000000080000000, 0x0000000100000000)
  region size 1024K, 6 young (6144K), 6 survivors (6144K)
 Metaspace       used 35029K, capacity 35813K, committed 35840K, reserved 1081344K
  class space    used 4563K, capacity 4856K, committed 4864K, reserved 1048576K
}
Event: 3.642 GC heap before
{Heap before GC invocations=7 (full 0):
 garbage-first heap   total 131072K, used 82476K [0x0000000080000000, 0x0000000100000000)
  region size 1024K, 63 young (64512K), 6 survivors (6144K)
 Metaspace       used 40712K, capacity 41645K, committed 41932K, reserved 1085440K
  class space    used 5210K, capacity 5534K, committed 5632K, reserved 1048576K
}
Event: 3.650 GC heap after
{Heap after GC invocations=8 (full 0):
 garbage-first heap   total 131072K, used 24516K [0x0000000080000000, 0x0000000100000000)
  region size 1024K, 7 young (7168K), 7 survivors (7168K)
 Metaspace       used 40712K, capacity 41645K, committed 41932K, reserved 1085440K
  class space    used 5210K, capacity 5534K, committed 5632K, reserved 1048576K
}
Event: 4.208 GC heap before
{Heap before GC invocations=8 (full 0):
 garbage-first heap   total 131072K, used 83908K [0x0000000080000000, 0x0000000100000000)
  region size 1024K, 65 young (66560K), 7 survivors (7168K)
 Metaspace       used 44135K, capacity 45214K, committed 45516K, reserved 1089536K
  class space    used 5673K, capacity 6025K, committed 6144K, reserved 1048576K
}
Event: 4.214 GC heap after
{Heap after GC invocations=9 (full 0):
 garbage-first heap   total 157696K, used 26982K [0x0000000080000000, 0x0000000100000000)
  region size 1024K, 6 young (6144K), 6 survivors (6144K)
 Metaspace       used 44135K, capacity 45214K, committed 45516K, reserved 1089536K
  class space    used 5673K, capacity 6025K, committed 6144K, reserved 1048576K
}
Event: 5.029 GC heap before
{Heap before GC invocations=9 (full 0):
 garbage-first heap   total 157696K, used 103782K [0x0000000080000000, 0x0000000100000000)
  region size 1024K, 79 young (80896K), 6 survivors (6144K)
 Metaspace       used 52942K, capacity 54280K, committed 54604K, reserved 1097728K
  class space    used 6735K, capacity 7195K, committed 7296K, reserved 1048576K
}
Event: 5.036 GC heap after
{Heap after GC invocations=10 (full 0):
 garbage-first heap   total 157696K, used 37827K [0x0000000080000000, 0x0000000100000000)
  region size 1024K, 10 young (10240K), 10 survivors (10240K)
 Metaspace       used 52942K, capacity 54280K, committed 54604K, reserved 1097728K
  class space    used 6735K, capacity 7195K, committed 7296K, reserved 1048576K
}

Deoptimization events (20 events):
Event: 4.847 Thread 0x00000225ece9a800 DEOPT PACKING pc=0x00000225d3884c97 sp=0x000000625bdf6e40
Event: 4.847 Thread 0x00000225ece9a800 DEOPT UNPACKING pc=0x00000225d30972ce sp=0x000000625bdf63c8 mode 0
Event: 4.848 Thread 0x00000225ece9a800 DEOPT PACKING pc=0x00000225d3884c97 sp=0x000000625bdf6e40
Event: 4.848 Thread 0x00000225ece9a800 DEOPT UNPACKING pc=0x00000225d30972ce sp=0x000000625bdf63c8 mode 0
Event: 4.915 Thread 0x00000225ece9a800 Uncommon trap: trap_request=0xffffffc6 fr.pc=0x00000225dacb932c relative=0x00000000000039ec
Event: 4.915 Thread 0x00000225ece9a800 Uncommon trap: reason=bimorphic_or_optimized_type_check action=maybe_recompile pc=0x00000225dacb932c method=java.util.AbstractCollection.addAll(Ljava/util/Collection;)Z @ 29 c2
Event: 4.915 Thread 0x00000225ece9a800 DEOPT PACKING pc=0x00000225dacb932c sp=0x000000625bdf8d30
Event: 4.915 Thread 0x00000225ece9a800 DEOPT UNPACKING pc=0x00000225d30974af sp=0x000000625bdf8d30 mode 2
Event: 5.023 Thread 0x00000225ece9a800 Uncommon trap: trap_request=0xffffff4d fr.pc=0x00000225dac8a358 relative=0x0000000000000398
Event: 5.023 Thread 0x00000225ece9a800 Uncommon trap: reason=unstable_if action=reinterpret pc=0x00000225dac8a358 method=java.lang.String.equalsIgnoreCase(Ljava/lang/String;)Z @ 36 c2
Event: 5.023 Thread 0x00000225ece9a800 DEOPT PACKING pc=0x00000225dac8a358 sp=0x000000625bdf8130
Event: 5.023 Thread 0x00000225ece9a800 DEOPT UNPACKING pc=0x00000225d30974af sp=0x000000625bdf80f0 mode 2
Event: 5.089 Thread 0x00000225ece9a800 Uncommon trap: trap_request=0xffffff4d fr.pc=0x00000225dad9b6a8 relative=0x0000000000000908
Event: 5.089 Thread 0x00000225ece9a800 Uncommon trap: reason=unstable_if action=reinterpret pc=0x00000225dad9b6a8 method=java.util.concurrent.ConcurrentHashMap.addCount(JI)V @ 110 c2
Event: 5.089 Thread 0x00000225ece9a800 DEOPT PACKING pc=0x00000225dad9b6a8 sp=0x000000625bdf7710
Event: 5.089 Thread 0x00000225ece9a800 DEOPT UNPACKING pc=0x00000225d30974af sp=0x000000625bdf75d8 mode 2
Event: 5.089 Thread 0x00000225ece9a800 Uncommon trap: trap_request=0xffffff4d fr.pc=0x00000225dad9e954 relative=0x00000000000000f4
Event: 5.089 Thread 0x00000225ece9a800 Uncommon trap: reason=unstable_if action=reinterpret pc=0x00000225dad9e954 method=java.util.concurrent.ConcurrentHashMap.addCount(JI)V @ 110 c2
Event: 5.089 Thread 0x00000225ece9a800 DEOPT PACKING pc=0x00000225dad9e954 sp=0x000000625bdf7660
Event: 5.089 Thread 0x00000225ece9a800 DEOPT UNPACKING pc=0x00000225d30974af sp=0x000000625bdf75b8 mode 2

Classes redefined (0 events):
No events

Internal exceptions (20 events):
Event: 4.377 Thread 0x00000225ecf3e800 Exception <a 'java/lang/NoSuchMethodError'{0x000000008879dc50}: <clinit>> (0x000000008879dc50) thrown at [./src/hotspot/share/prims/jni.cpp, line 1362]
Event: 4.377 Thread 0x00000225ecf3e800 Exception <a 'java/lang/NoSuchMethodError'{0x000000008879ef58}: <clinit>> (0x000000008879ef58) thrown at [./src/hotspot/share/prims/jni.cpp, line 1362]
Event: 4.377 Thread 0x00000225ecf3e800 Exception <a 'java/lang/NoSuchMethodError'{0x000000008879ff78}: <clinit>> (0x000000008879ff78) thrown at [./src/hotspot/share/prims/jni.cpp, line 1362]
Event: 4.378 Thread 0x00000225ecf3e800 Exception <a 'java/lang/NoSuchMethodError'{0x00000000887a9dc8}: <clinit>> (0x00000000887a9dc8) thrown at [./src/hotspot/share/prims/jni.cpp, line 1362]
Event: 4.379 Thread 0x00000225ecf3e800 Exception <a 'java/lang/NoSuchMethodError'{0x00000000887b4230}: <clinit>> (0x00000000887b4230) thrown at [./src/hotspot/share/prims/jni.cpp, line 1362]
Event: 4.381 Thread 0x00000225ecf3e800 Exception <a 'java/lang/NoSuchMethodError'{0x00000000887e30c8}: <clinit>> (0x00000000887e30c8) thrown at [./src/hotspot/share/prims/jni.cpp, line 1362]
Event: 4.387 Thread 0x00000225ece9a800 Exception <a 'java/lang/ClassNotFoundException'{0x000000008861a960}: build_bh8h84h1nhdc77flpyggm86o3BeanInfo> (0x000000008861a960) thrown at [./src/hotspot/share/classfile/systemDictionary.cpp, line 231]
Event: 4.388 Thread 0x00000225ece9a800 Exception <a 'java/lang/ClassNotFoundException'{0x0000000088623768}: build_bh8h84h1nhdc77flpyggm86o3Customizer> (0x0000000088623768) thrown at [./src/hotspot/share/classfile/systemDictionary.cpp, line 231]
Event: 4.394 Thread 0x00000225ece9a800 Exception <a 'java/lang/ClassNotFoundException'{0x0000000088692838}: org/gradle/plugin/use/internal/PluginRequestCollector$PluginDependenciesSpecImplBeanInfo> (0x0000000088692838) thrown at [./src/hotspot/share/classfile/systemDictionary.cpp, line 231]
Event: 4.394 Thread 0x00000225ece9a800 Exception <a 'java/lang/ClassNotFoundException'{0x00000000886b85a8}: org/gradle/plugin/use/internal/PluginRequestCollector$PluginDependenciesSpecImplCustomizer> (0x00000000886b85a8) thrown at [./src/hotspot/share/classfile/systemDictionary.cpp, line 231]
Event: 4.401 Thread 0x00000225ece9a800 Exception <a 'java/lang/NoSuchMethodError'{0x000000008852a3f8}: 'void java.lang.invoke.DirectMethodHandle$Holder.invokeInterface(java.lang.Object, java.lang.Object)'> (0x000000008852a3f8) thrown at [./src/hotspot/share/interpreter/linkResolver.cpp, line 773]
Event: 4.422 Thread 0x00000225ece9a800 Exception <a 'java/lang/ClassNotFoundException'{0x00000000884e7cf8}: org/gradle/api/internal/plugins/DefaultObjectConfigurationActionBeanInfo> (0x00000000884e7cf8) thrown at [./src/hotspot/share/classfile/systemDictionary.cpp, line 231]
Event: 4.423 Thread 0x00000225ece9a800 Exception <a 'java/lang/ClassNotFoundException'{0x0000000088314028}: org/gradle/api/internal/plugins/DefaultObjectConfigurationActionCustomizer> (0x0000000088314028) thrown at [./src/hotspot/share/classfile/systemDictionary.cpp, line 231]
Event: 4.505 Thread 0x00000225ece9a800 Exception <a 'java/lang/NoSuchMethodError'{0x0000000087bd9da0}: 'java.lang.Object java.lang.invoke.DirectMethodHandle$Holder.invokeStatic(java.lang.Object, java.lang.Object, java.lang.Object, java.lang.Object, int)'> (0x0000000087bd9da0) thrown at [./src/hotspot/share/interpreter/linkResolver.cpp, line 773]
Event: 4.505 Thread 0x00000225ece9a800 Exception <a 'java/lang/NoSuchMethodError'{0x0000000087bde798}: 'java.lang.Object java.lang.invoke.DirectMethodHandle$Holder.invokeSpecial(java.lang.Object, java.lang.Object, java.lang.Object, java.lang.Object, java.lang.Object, int)'> (0x0000000087bde798) thrown at [./src/hotspot/share/interpreter/linkResolver.cpp, line 773]
Event: 4.505 Thread 0x00000225ece9a800 Exception <a 'java/lang/NoSuchMethodError'{0x0000000087be2dd8}: 'java.lang.Object java.lang.invoke.Invokers$Holder.linkToTargetMethod(java.lang.Object, java.lang.Object, java.lang.Object, int, java.lang.Object)'> (0x0000000087be2dd8) thrown at [./src/hotspot/share/interpreter/linkResolver.cpp, line 773]
Event: 4.713 Thread 0x00000225ece9a800 Exception <a 'java/lang/NoSuchMethodError'{0x000000008676d768}: 'java.lang.Object java.lang.invoke.DirectMethodHandle$Holder.invokeSpecial(java.lang.Object, java.lang.Object, int, int, java.lang.Object, java.lang.Object, java.lang.Object)'> (0x000000008676d768) thrown at [./src/hotspot/share/interpreter/linkResolver.cpp, line 773]
Event: 4.713 Thread 0x00000225ece9a800 Exception <a 'java/lang/NoSuchMethodError'{0x0000000086771ce8}: 'java.lang.Object java.lang.invoke.DelegatingMethodHandle$Holder.reinvoke_L(java.lang.Object, int, int, java.lang.Object, java.lang.Object, java.lang.Object)'> (0x0000000086771ce8) thrown at [./src/hotspot/share/interpreter/linkResolver.cpp, line 773]
Event: 4.898 Thread 0x00000225ece9a800 Exception <a 'java/lang/NoSuchMethodError'{0x0000000085b85718}: 'int java.lang.invoke.DirectMethodHandle$Holder.invokeInterface(java.lang.Object, java.lang.Object, java.lang.Object, java.lang.Object)'> (0x0000000085b85718) thrown at [./src/hotspot/share/interpreter/linkResolver.cpp, line 773]
Event: 5.020 Thread 0x00000225ece9a800 Exception <a 'java/lang/NoSuchMethodError'{0x000000008516d400}: 'void java.lang.invoke.DirectMethodHandle$Holder.invokeInterface(java.lang.Object, java.lang.Object, java.lang.Object, java.lang.Object)'> (0x000000008516d400) thrown at [./src/hotspot/share/interpreter/linkResolver.cpp, line 773]

Events (20 events):
Event: 5.128 loading class org/gradle/api/provider/Provider
Event: 5.128 loading class org/gradle/api/provider/Provider done
Event: 5.128 loading class org/gradle/api/Transformer
Event: 5.128 loading class org/gradle/api/Transformer done
Event: 5.130 loading class net/rubygrapefruit/platform/internal/DefaultWindowsRegistry
Event: 5.130 loading class net/rubygrapefruit/platform/internal/DefaultWindowsRegistry done
Event: 5.131 loading class org/gradle/jvm/toolchain/internal/SharedJavaInstallationRegistry
Event: 5.131 loading class org/gradle/jvm/toolchain/internal/SharedJavaInstallationRegistry done
Event: 5.131 loading class org/gradle/internal/remote/internal/hub/MessageHubBackedServer
Event: 5.131 loading class org/gradle/internal/remote/internal/hub/MessageHubBackedServer done
Event: 5.132 loading class org/gradle/internal/jvm/inspection/CachingJvmVersionDetector
Event: 5.132 loading class org/gradle/internal/jvm/inspection/CachingJvmVersionDetector done
Event: 5.133 loading class org/gradle/internal/jvm/inspection/DefaultJvmVersionDetector
Event: 5.133 loading class org/gradle/internal/jvm/inspection/DefaultJvmVersionDetector done
Event: 5.134 loading class org/gradle/process/internal/health/memory/DefaultOsMemoryInfo
Event: 5.134 loading class org/gradle/process/internal/health/memory/DefaultOsMemoryInfo done
Event: 5.134 loading class org/gradle/process/internal/health/memory/MBeanOsMemoryInfo
Event: 5.134 loading class org/gradle/process/internal/health/memory/MBeanOsMemoryInfo done
Event: 5.135 loading class org/gradle/process/internal/health/memory/OsMemoryStatus
Event: 5.135 loading class org/gradle/process/internal/health/memory/OsMemoryStatus done


Dynamic libraries:
0x00007ff68e140000 - 0x00007ff68e14a000 	D:\Android\Android Studio\jre\bin\java.exe
0x00007ffe06470000 - 0x00007ffe06665000 	C:\WINDOWS\SYSTEM32\ntdll.dll
0x00007ffe04b80000 - 0x00007ffe04c3d000 	C:\WINDOWS\System32\KERNEL32.DLL
0x00007ffe03fa0000 - 0x00007ffe0426d000 	C:\WINDOWS\System32\KERNELBASE.dll
0x00007ffe03df0000 - 0x00007ffe03ef0000 	C:\WINDOWS\System32\ucrtbase.dll
0x00007ffdf2eb0000 - 0x00007ffdf2ec9000 	D:\Android\Android Studio\jre\bin\jli.dll
0x00007ffdf2e90000 - 0x00007ffdf2ea7000 	D:\Android\Android Studio\jre\bin\VCRUNTIME140.dll
0x00007ffe04520000 - 0x00007ffe046c0000 	C:\WINDOWS\System32\USER32.dll
0x00007ffe042f0000 - 0x00007ffe04312000 	C:\WINDOWS\System32\win32u.dll
0x00007ffdf5240000 - 0x00007ffdf54da000 	C:\WINDOWS\WinSxS\amd64_microsoft.windows.common-controls_6595b64144ccf1df_6.0.19041.1110_none_60b5254171f9507e\COMCTL32.dll
0x00007ffe04b50000 - 0x00007ffe04b7a000 	C:\WINDOWS\System32\GDI32.dll
0x00007ffe046c0000 - 0x00007ffe0475e000 	C:\WINDOWS\System32\msvcrt.dll
0x00007ffe03ce0000 - 0x00007ffe03deb000 	C:\WINDOWS\System32\gdi32full.dll
0x00007ffe04390000 - 0x00007ffe0442d000 	C:\WINDOWS\System32\msvcp_win.dll
0x00007ffe04880000 - 0x00007ffe048b0000 	C:\WINDOWS\System32\IMM32.DLL
0x00007ffdca210000 - 0x00007ffdca2ad000 	D:\Android\Android Studio\jre\bin\msvcp140.dll
0x00007ffdbdf40000 - 0x00007ffdbe9fc000 	D:\Android\Android Studio\jre\bin\server\jvm.dll
0x00007ffe05050000 - 0x00007ffe050fe000 	C:\WINDOWS\System32\ADVAPI32.dll
0x00007ffe04930000 - 0x00007ffe049cc000 	C:\WINDOWS\System32\sechost.dll
0x00007ffe055a0000 - 0x00007ffe056c5000 	C:\WINDOWS\System32\RPCRT4.dll
0x00007ffe05910000 - 0x00007ffe05918000 	C:\WINDOWS\System32\PSAPI.DLL
0x00007ffdf56d0000 - 0x00007ffdf56f7000 	C:\WINDOWS\SYSTEM32\WINMM.dll
0x00007ffdfe610000 - 0x00007ffdfe619000 	C:\WINDOWS\SYSTEM32\WSOCK32.dll
0x00007ffdfcb30000 - 0x00007ffdfcb3a000 	C:\WINDOWS\SYSTEM32\VERSION.dll
0x00007ffe04ca0000 - 0x00007ffe04d0b000 	C:\WINDOWS\System32\WS2_32.dll
0x00007ffe02460000 - 0x00007ffe02472000 	C:\WINDOWS\SYSTEM32\kernel.appcore.dll
0x00007ffdfe5f0000 - 0x00007ffdfe601000 	D:\Android\Android Studio\jre\bin\verify.dll
0x00007ffde7ba0000 - 0x00007ffde7d84000 	C:\WINDOWS\SYSTEM32\DBGHELP.DLL
0x00007ffde7950000 - 0x00007ffde797c000 	C:\WINDOWS\SYSTEM32\dbgcore.DLL
0x00007ffe04430000 - 0x00007ffe044b2000 	C:\WINDOWS\System32\bcryptPrimitives.dll
0x00007ffdfe5c0000 - 0x00007ffdfe5e9000 	D:\Android\Android Studio\jre\bin\java.dll
0x00007ffdfe5b0000 - 0x00007ffdfe5bb000 	D:\Android\Android Studio\jre\bin\jimage.dll
0x00007ffdfe3d0000 - 0x00007ffdfe3e8000 	D:\Android\Android Studio\jre\bin\zip.dll
0x00007ffe05920000 - 0x00007ffe06064000 	C:\WINDOWS\System32\SHELL32.dll
0x00007ffe01c60000 - 0x00007ffe023f4000 	C:\WINDOWS\SYSTEM32\windows.storage.dll
0x00007ffe060d0000 - 0x00007ffe06424000 	C:\WINDOWS\System32\combase.dll
0x00007ffe035e0000 - 0x00007ffe0360c000 	C:\WINDOWS\SYSTEM32\Wldp.dll
0x00007ffe049d0000 - 0x00007ffe04a7d000 	C:\WINDOWS\System32\SHCORE.dll
0x00007ffe04ff0000 - 0x00007ffe05045000 	C:\WINDOWS\System32\shlwapi.dll
0x00007ffe03ac0000 - 0x00007ffe03adf000 	C:\WINDOWS\SYSTEM32\profapi.dll
0x00007ffdfe3b0000 - 0x00007ffdfe3ca000 	D:\Android\Android Studio\jre\bin\net.dll
0x00007ffdf3a30000 - 0x00007ffdf3b3a000 	C:\WINDOWS\SYSTEM32\WINHTTP.dll
0x00007ffe03340000 - 0x00007ffe033aa000 	C:\WINDOWS\system32\mswsock.dll
0x00007ffdfe390000 - 0x00007ffdfe3a4000 	D:\Android\Android Studio\jre\bin\nio.dll
0x00007ffdfc910000 - 0x00007ffdfc937000 	C:\Users\julia\.gradle\native\fdc75f09e3144964f2cf3f50f0aa648679c211496f362492102eb8c894070792\windows-amd64\native-platform.dll
0x00007ffdd02b0000 - 0x00007ffdd0446000 	C:\Users\julia\.gradle\native\12488b8bf47d2d4c9fbf2f6322a914ad602e24e48041cd04a747c6da556b65c4\windows-amd64\native-platform-file-events.dll
0x00007ffdfe380000 - 0x00007ffdfe38a000 	D:\Android\Android Studio\jre\bin\management.dll
0x00007ffdfe370000 - 0x00007ffdfe37c000 	D:\Android\Android Studio\jre\bin\management_ext.dll
0x00007ffe03540000 - 0x00007ffe03558000 	C:\WINDOWS\SYSTEM32\CRYPTSP.dll
0x00007ffe02c50000 - 0x00007ffe02c84000 	C:\WINDOWS\system32\rsaenh.dll
0x00007ffe04270000 - 0x00007ffe04297000 	C:\WINDOWS\System32\bcrypt.dll
0x00007ffe03a80000 - 0x00007ffe03aae000 	C:\WINDOWS\SYSTEM32\USERENV.dll
0x00007ffe03530000 - 0x00007ffe0353c000 	C:\WINDOWS\SYSTEM32\CRYPTBASE.dll
0x00007ffe02fe0000 - 0x00007ffe0301b000 	C:\WINDOWS\SYSTEM32\IPHLPAPI.DLL
0x00007ffe056d0000 - 0x00007ffe056d8000 	C:\WINDOWS\System32\NSI.dll
0x00007ffdfb1a0000 - 0x00007ffdfb1b7000 	C:\WINDOWS\SYSTEM32\dhcpcsvc6.DLL
0x00007ffdfb280000 - 0x00007ffdfb29d000 	C:\WINDOWS\SYSTEM32\dhcpcsvc.DLL
0x00007ffe03030000 - 0x00007ffe030fb000 	C:\WINDOWS\SYSTEM32\DNSAPI.dll
0x00007ffdfba20000 - 0x00007ffdfba2b000 	C:\WINDOWS\SYSTEM32\WINNSI.DLL

dbghelp: loaded successfully - version: 4.0.5 - missing functions: none
symbol engine: initialized successfully - sym options: 0x614 - pdb path: .;D:\Android\Android Studio\jre\bin;C:\WINDOWS\SYSTEM32;C:\WINDOWS\WinSxS\amd64_microsoft.windows.common-controls_6595b64144ccf1df_6.0.19041.1110_none_60b5254171f9507e;D:\Android\Android Studio\jre\bin\server;C:\Users\julia\.gradle\native\fdc75f09e3144964f2cf3f50f0aa648679c211496f362492102eb8c894070792\windows-amd64;C:\Users\julia\.gradle\native\12488b8bf47d2d4c9fbf2f6322a914ad602e24e48041cd04a747c6da556b65c4\windows-amd64

VM Arguments:
jvm_args: --add-opens=java.base/java.util=ALL-UNNAMED --add-opens=java.base/java.lang=ALL-UNNAMED --add-opens=java.base/java.lang.invoke=ALL-UNNAMED --add-opens=java.prefs/java.util.prefs=ALL-UNNAMED -Xmx2048m -Dfile.encoding=UTF-8 -Duser.country=UA -Duser.language=uk -Duser.variant 
java_command: org.gradle.launcher.daemon.bootstrap.GradleDaemon 6.7.1
java_class_path (initial): C:\Users\julia\.gradle\wrapper\dists\gradle-6.7.1-bin\bwlcbys1h7rz3272sye1xwiv6\gradle-6.7.1\lib\gradle-launcher-6.7.1.jar
Launcher Type: SUN_STANDARD

[Global flags]
     intx CICompilerCount                          = 4                                         {product} {ergonomic}
     uint ConcGCThreads                            = 2                                         {product} {ergonomic}
     uint G1ConcRefinementThreads                  = 8                                         {product} {ergonomic}
   size_t G1HeapRegionSize                         = 1048576                                   {product} {ergonomic}
    uintx GCDrainStackTargetSize                   = 64                                        {product} {ergonomic}
   size_t InitialHeapSize                          = 134217728                                 {product} {ergonomic}
   size_t MarkStackSize                            = 4194304                                   {product} {ergonomic}
   size_t MaxHeapSize                              = 2147483648                                {product} {command line}
   size_t MaxNewSize                               = 1287651328                                {product} {ergonomic}
   size_t MinHeapDeltaBytes                        = 1048576                                   {product} {ergonomic}
    uintx NonNMethodCodeHeapSize                   = 5836300                                {pd product} {ergonomic}
    uintx NonProfiledCodeHeapSize                  = 122910970                              {pd product} {ergonomic}
    uintx ProfiledCodeHeapSize                     = 122910970                              {pd product} {ergonomic}
    uintx ReservedCodeCacheSize                    = 251658240                              {pd product} {ergonomic}
     bool SegmentedCodeCache                       = true                                      {product} {ergonomic}
     bool UseCompressedClassPointers               = true                                 {lp64_product} {ergonomic}
     bool UseCompressedOops                        = true                                 {lp64_product} {ergonomic}
     bool UseG1GC                                  = true                                      {product} {ergonomic}
     bool UseLargePagesIndividualAllocation        = false                                  {pd product} {ergonomic}

Logging:
Log output configuration:
 #0: stdout all=warning uptime,level,tags
 #1: stderr all=off uptime,level,tags

Environment Variables:
JAVA_HOME=C:\Program Files\Java\jdk1.8.0_202
PATH=C:\Program Files (x86)\Common Files\Oracle\Java\javapath;C:\WINDOWS\system32;C:\WINDOWS;C:\WINDOWS\System32\Wbem;C:\WINDOWS\System32\WindowsPowerShell\v1.0\;C:\WINDOWS\System32\OpenSSH\;C:\Program Files\Common Files\Autodesk Shared\;C:\Program Files\Microsoft SQL Server\120\Tools\Binn\;C:\Program Files\Microsoft SQL Server\130\Tools\Binn\;C:\Program Files\dotnet\;C:\Program Files\Microsoft SQL Server\Client SDK\ODBC\130\Tools\Binn\;C:\Program Files (x86)\Microsoft SQL Server\140\Tools\Binn\;C:\Program Files\Microsoft SQL Server\140\Tools\Binn\;C:\Program Files\Microsoft SQL Server\140\DTS\Binn\;C:\Program Files (x86)\Microsoft SQL Server\Client SDK\ODBC\130\Tools\Binn\;C:\Program Files (x86)\Microsoft SQL Server\140\DTS\Binn\;C:\Program Files (x86)\Microsoft SQL Server\140\Tools\Binn\ManagementStudio\;C:\Program Files\Microsoft SQL Server\Client SDK\ODBC\170\Tools\Binn\;C:\Program Files (x86)\Microsoft SQL Server\150\Tools\Binn\;C:\Program Files\Microsoft SQL Server\150\Tools\Binn\;C:\Program Files\Microsoft SQL Server\150\DTS\Binn\;C:\Program Files (x86)\Microsoft SQL Server\150\DTS\Binn\;C:\Program Files (x86)\dotnet\;C:\Program Files\Git\cmd;C:\ProgramData\chocolatey\bin;C:\Program Files\Java\jdk1.8.0_202\bin;C:\Program Files\Python27;C:\apache-cassandra-3.11.12-bin\apache-cassandra-3.11.12\bin;C:\Program Files\Java\jdk1.8.0_202\bin;C:\Program Files\MySQL\MySQL Shell 8.0\bin\;C:\Users\julia\AppData\Local\Microsoft\WindowsApps;C:\Users\julia\.dotnet\tools;D:\Android\flutter\bin;C:\Users\julia\AppData\Local\GitHubDesktop\bin;C:\tools\dart-sdk\bin;C:\Users\julia\AppData\Roaming\Pub\Cache\bin;D:\Microsoft VS Code\bin;;D:\IntelliJ IDEA\IntelliJ IDEA Community Edition 2021.3\bin;;D:\WebStorm 2020.1\bin;
USERNAME=julia
OS=Windows_NT
PROCESSOR_IDENTIFIER=Intel64 Family 6 Model 142 Stepping 10, GenuineIntel



---------------  S Y S T E M  ---------------

OS: Windows 10 , 64 bit Build 19041 (10.0.19041.1706)
OS uptime: 1 days 1:16 hours

CPU:total 8 (initial active 8) (4 cores per cpu, 2 threads per core) family 6 model 142 stepping 10, cmov, cx8, fxsr, mmx, sse, sse2, sse3, ssse3, sse4.1, sse4.2, popcnt, avx, avx2, aes, clmul, erms, 3dnowpref, lzcnt, ht, tsc, tscinvbit, bmi1, bmi2, adx, fma

Memory: 4k page, system-wide physical 8076M (1131M free)
TotalPageFile size 16446M (AvailPageFile size 5M)
current process WorkingSet (physical memory assigned to process): 337M, peak: 337M
current process commit charge ("private bytes"): 393M, peak: 395M

vm_info: OpenJDK 64-Bit Server VM (11.0.8+10-b944.6842174) for windows-amd64 JRE (11.0.8+10-b944.6842174), built on Sep 19 2020 01:11:42 by "builder" with MS VC++ 14.0 (VS2015)

END.
